ARM GAS  /tmp/cc4UMath.s 			page 1


   1              		.cpu cortex-m4
   2              		.eabi_attribute 27, 1
   3              		.eabi_attribute 28, 1
   4              		.eabi_attribute 20, 1
   5              		.eabi_attribute 21, 1
   6              		.eabi_attribute 23, 3
   7              		.eabi_attribute 24, 1
   8              		.eabi_attribute 25, 1
   9              		.eabi_attribute 26, 1
  10              		.eabi_attribute 30, 1
  11              		.eabi_attribute 34, 1
  12              		.eabi_attribute 18, 4
  13              		.file	"stm32f4xx_hal_msp.c"
  14              		.text
  15              	.Ltext0:
  16              		.cfi_sections	.debug_frame
  17              		.section	.text.HAL_MspInit,"ax",%progbits
  18              		.align	1
  19              		.global	HAL_MspInit
  20              		.syntax unified
  21              		.thumb
  22              		.thumb_func
  23              		.fpu fpv4-sp-d16
  25              	HAL_MspInit:
  26              	.LFB130:
  27              		.file 1 "Src/stm32f4xx_hal_msp.c"
   1:Src/stm32f4xx_hal_msp.c **** /* USER CODE BEGIN Header */
   2:Src/stm32f4xx_hal_msp.c **** /**
   3:Src/stm32f4xx_hal_msp.c ****   ******************************************************************************
   4:Src/stm32f4xx_hal_msp.c ****   * File Name          : stm32f4xx_hal_msp.c
   5:Src/stm32f4xx_hal_msp.c ****   * Description        : This file provides code for the MSP Initialization 
   6:Src/stm32f4xx_hal_msp.c ****   *                      and de-Initialization codes.
   7:Src/stm32f4xx_hal_msp.c ****   ******************************************************************************
   8:Src/stm32f4xx_hal_msp.c ****   * @attention
   9:Src/stm32f4xx_hal_msp.c ****   *
  10:Src/stm32f4xx_hal_msp.c ****   * <h2><center>&copy; Copyright (c) 2019 STMicroelectronics.
  11:Src/stm32f4xx_hal_msp.c ****   * All rights reserved.</center></h2>
  12:Src/stm32f4xx_hal_msp.c ****   *
  13:Src/stm32f4xx_hal_msp.c ****   * This software component is licensed by ST under BSD 3-Clause license,
  14:Src/stm32f4xx_hal_msp.c ****   * the "License"; You may not use this file except in compliance with the
  15:Src/stm32f4xx_hal_msp.c ****   * License. You may obtain a copy of the License at:
  16:Src/stm32f4xx_hal_msp.c ****   *                        opensource.org/licenses/BSD-3-Clause
  17:Src/stm32f4xx_hal_msp.c ****   *
  18:Src/stm32f4xx_hal_msp.c ****   ******************************************************************************
  19:Src/stm32f4xx_hal_msp.c ****   */
  20:Src/stm32f4xx_hal_msp.c **** /* USER CODE END Header */
  21:Src/stm32f4xx_hal_msp.c **** 
  22:Src/stm32f4xx_hal_msp.c **** /* Includes ------------------------------------------------------------------*/
  23:Src/stm32f4xx_hal_msp.c **** #include "main.h"
  24:Src/stm32f4xx_hal_msp.c **** /* USER CODE BEGIN Includes */
  25:Src/stm32f4xx_hal_msp.c **** 
  26:Src/stm32f4xx_hal_msp.c **** /* USER CODE END Includes */
  27:Src/stm32f4xx_hal_msp.c **** extern DMA_HandleTypeDef hdma_adc1;
  28:Src/stm32f4xx_hal_msp.c **** 
  29:Src/stm32f4xx_hal_msp.c **** /* Private typedef -----------------------------------------------------------*/
  30:Src/stm32f4xx_hal_msp.c **** /* USER CODE BEGIN TD */
  31:Src/stm32f4xx_hal_msp.c **** 
ARM GAS  /tmp/cc4UMath.s 			page 2


  32:Src/stm32f4xx_hal_msp.c **** /* USER CODE END TD */
  33:Src/stm32f4xx_hal_msp.c **** 
  34:Src/stm32f4xx_hal_msp.c **** /* Private define ------------------------------------------------------------*/
  35:Src/stm32f4xx_hal_msp.c **** /* USER CODE BEGIN Define */
  36:Src/stm32f4xx_hal_msp.c ****  
  37:Src/stm32f4xx_hal_msp.c **** /* USER CODE END Define */
  38:Src/stm32f4xx_hal_msp.c **** 
  39:Src/stm32f4xx_hal_msp.c **** /* Private macro -------------------------------------------------------------*/
  40:Src/stm32f4xx_hal_msp.c **** /* USER CODE BEGIN Macro */
  41:Src/stm32f4xx_hal_msp.c **** 
  42:Src/stm32f4xx_hal_msp.c **** /* USER CODE END Macro */
  43:Src/stm32f4xx_hal_msp.c **** 
  44:Src/stm32f4xx_hal_msp.c **** /* Private variables ---------------------------------------------------------*/
  45:Src/stm32f4xx_hal_msp.c **** /* USER CODE BEGIN PV */
  46:Src/stm32f4xx_hal_msp.c **** 
  47:Src/stm32f4xx_hal_msp.c **** /* USER CODE END PV */
  48:Src/stm32f4xx_hal_msp.c **** 
  49:Src/stm32f4xx_hal_msp.c **** /* Private function prototypes -----------------------------------------------*/
  50:Src/stm32f4xx_hal_msp.c **** /* USER CODE BEGIN PFP */
  51:Src/stm32f4xx_hal_msp.c **** 
  52:Src/stm32f4xx_hal_msp.c **** /* USER CODE END PFP */
  53:Src/stm32f4xx_hal_msp.c **** 
  54:Src/stm32f4xx_hal_msp.c **** /* External functions --------------------------------------------------------*/
  55:Src/stm32f4xx_hal_msp.c **** /* USER CODE BEGIN ExternalFunctions */
  56:Src/stm32f4xx_hal_msp.c **** 
  57:Src/stm32f4xx_hal_msp.c **** /* USER CODE END ExternalFunctions */
  58:Src/stm32f4xx_hal_msp.c **** 
  59:Src/stm32f4xx_hal_msp.c **** /* USER CODE BEGIN 0 */
  60:Src/stm32f4xx_hal_msp.c **** 
  61:Src/stm32f4xx_hal_msp.c **** /* USER CODE END 0 */
  62:Src/stm32f4xx_hal_msp.c **** /**
  63:Src/stm32f4xx_hal_msp.c ****   * Initializes the Global MSP.
  64:Src/stm32f4xx_hal_msp.c ****   */
  65:Src/stm32f4xx_hal_msp.c **** void HAL_MspInit(void)
  66:Src/stm32f4xx_hal_msp.c **** {
  28              		.loc 1 66 0
  29              		.cfi_startproc
  30              		@ args = 0, pretend = 0, frame = 8
  31              		@ frame_needed = 0, uses_anonymous_args = 0
  32              		@ link register save eliminated.
  33 0000 82B0     		sub	sp, sp, #8
  34              	.LCFI0:
  35              		.cfi_def_cfa_offset 8
  36              	.LBB2:
  67:Src/stm32f4xx_hal_msp.c ****   /* USER CODE BEGIN MspInit 0 */
  68:Src/stm32f4xx_hal_msp.c **** 
  69:Src/stm32f4xx_hal_msp.c ****   /* USER CODE END MspInit 0 */
  70:Src/stm32f4xx_hal_msp.c **** 
  71:Src/stm32f4xx_hal_msp.c ****   __HAL_RCC_SYSCFG_CLK_ENABLE();
  37              		.loc 1 71 0
  38 0002 0021     		movs	r1, #0
  39 0004 0091     		str	r1, [sp]
  40 0006 0B4B     		ldr	r3, .L3
  41 0008 5A6C     		ldr	r2, [r3, #68]
  42 000a 42F48042 		orr	r2, r2, #16384
  43 000e 5A64     		str	r2, [r3, #68]
  44 0010 5A6C     		ldr	r2, [r3, #68]
ARM GAS  /tmp/cc4UMath.s 			page 3


  45 0012 02F48042 		and	r2, r2, #16384
  46 0016 0092     		str	r2, [sp]
  47 0018 009A     		ldr	r2, [sp]
  48              	.LBE2:
  49              	.LBB3:
  72:Src/stm32f4xx_hal_msp.c ****   __HAL_RCC_PWR_CLK_ENABLE();
  50              		.loc 1 72 0
  51 001a 0191     		str	r1, [sp, #4]
  52 001c 1A6C     		ldr	r2, [r3, #64]
  53 001e 42F08052 		orr	r2, r2, #268435456
  54 0022 1A64     		str	r2, [r3, #64]
  55 0024 1B6C     		ldr	r3, [r3, #64]
  56 0026 03F08053 		and	r3, r3, #268435456
  57 002a 0193     		str	r3, [sp, #4]
  58 002c 019B     		ldr	r3, [sp, #4]
  59              	.LBE3:
  73:Src/stm32f4xx_hal_msp.c **** 
  74:Src/stm32f4xx_hal_msp.c ****   /* System interrupt init*/
  75:Src/stm32f4xx_hal_msp.c **** 
  76:Src/stm32f4xx_hal_msp.c ****   /* USER CODE BEGIN MspInit 1 */
  77:Src/stm32f4xx_hal_msp.c **** 
  78:Src/stm32f4xx_hal_msp.c ****   /* USER CODE END MspInit 1 */
  79:Src/stm32f4xx_hal_msp.c **** }
  60              		.loc 1 79 0
  61 002e 02B0     		add	sp, sp, #8
  62              	.LCFI1:
  63              		.cfi_def_cfa_offset 0
  64              		@ sp needed
  65 0030 7047     		bx	lr
  66              	.L4:
  67 0032 00BF     		.align	2
  68              	.L3:
  69 0034 00380240 		.word	1073887232
  70              		.cfi_endproc
  71              	.LFE130:
  73              		.section	.text.HAL_ADC_MspInit,"ax",%progbits
  74              		.align	1
  75              		.global	HAL_ADC_MspInit
  76              		.syntax unified
  77              		.thumb
  78              		.thumb_func
  79              		.fpu fpv4-sp-d16
  81              	HAL_ADC_MspInit:
  82              	.LFB131:
  80:Src/stm32f4xx_hal_msp.c **** 
  81:Src/stm32f4xx_hal_msp.c **** /**
  82:Src/stm32f4xx_hal_msp.c **** * @brief ADC MSP Initialization
  83:Src/stm32f4xx_hal_msp.c **** * This function configures the hardware resources used in this example
  84:Src/stm32f4xx_hal_msp.c **** * @param hadc: ADC handle pointer
  85:Src/stm32f4xx_hal_msp.c **** * @retval None
  86:Src/stm32f4xx_hal_msp.c **** */
  87:Src/stm32f4xx_hal_msp.c **** void HAL_ADC_MspInit(ADC_HandleTypeDef* hadc)
  88:Src/stm32f4xx_hal_msp.c **** {
  83              		.loc 1 88 0
  84              		.cfi_startproc
  85              		@ args = 0, pretend = 0, frame = 32
  86              		@ frame_needed = 0, uses_anonymous_args = 0
ARM GAS  /tmp/cc4UMath.s 			page 4


  87              	.LVL0:
  88 0000 30B5     		push	{r4, r5, lr}
  89              	.LCFI2:
  90              		.cfi_def_cfa_offset 12
  91              		.cfi_offset 4, -12
  92              		.cfi_offset 5, -8
  93              		.cfi_offset 14, -4
  94 0002 89B0     		sub	sp, sp, #36
  95              	.LCFI3:
  96              		.cfi_def_cfa_offset 48
  89:Src/stm32f4xx_hal_msp.c ****   GPIO_InitTypeDef GPIO_InitStruct = {0};
  97              		.loc 1 89 0
  98 0004 0023     		movs	r3, #0
  99 0006 0393     		str	r3, [sp, #12]
 100 0008 0493     		str	r3, [sp, #16]
 101 000a 0593     		str	r3, [sp, #20]
 102 000c 0693     		str	r3, [sp, #24]
 103 000e 0793     		str	r3, [sp, #28]
  90:Src/stm32f4xx_hal_msp.c ****   if(hadc->Instance==ADC1)
 104              		.loc 1 90 0
 105 0010 0268     		ldr	r2, [r0]
 106 0012 03F18043 		add	r3, r3, #1073741824
 107 0016 03F59033 		add	r3, r3, #73728
 108 001a 9A42     		cmp	r2, r3
 109 001c 01D0     		beq	.L9
 110              	.LVL1:
 111              	.L5:
  91:Src/stm32f4xx_hal_msp.c ****   {
  92:Src/stm32f4xx_hal_msp.c ****   /* USER CODE BEGIN ADC1_MspInit 0 */
  93:Src/stm32f4xx_hal_msp.c **** 
  94:Src/stm32f4xx_hal_msp.c ****   /* USER CODE END ADC1_MspInit 0 */
  95:Src/stm32f4xx_hal_msp.c ****     /* Peripheral clock enable */
  96:Src/stm32f4xx_hal_msp.c ****     __HAL_RCC_ADC1_CLK_ENABLE();
  97:Src/stm32f4xx_hal_msp.c ****   
  98:Src/stm32f4xx_hal_msp.c ****     __HAL_RCC_GPIOB_CLK_ENABLE();
  99:Src/stm32f4xx_hal_msp.c ****     /**ADC1 GPIO Configuration    
 100:Src/stm32f4xx_hal_msp.c ****     PB0     ------> ADC1_IN8 
 101:Src/stm32f4xx_hal_msp.c ****     */
 102:Src/stm32f4xx_hal_msp.c ****     GPIO_InitStruct.Pin = GPIO_PIN_0;
 103:Src/stm32f4xx_hal_msp.c ****     GPIO_InitStruct.Mode = GPIO_MODE_ANALOG;
 104:Src/stm32f4xx_hal_msp.c ****     GPIO_InitStruct.Pull = GPIO_NOPULL;
 105:Src/stm32f4xx_hal_msp.c ****     HAL_GPIO_Init(GPIOB, &GPIO_InitStruct);
 106:Src/stm32f4xx_hal_msp.c **** 
 107:Src/stm32f4xx_hal_msp.c ****     /* ADC1 DMA Init */
 108:Src/stm32f4xx_hal_msp.c ****     /* ADC1 Init */
 109:Src/stm32f4xx_hal_msp.c ****     hdma_adc1.Instance = DMA2_Stream0;
 110:Src/stm32f4xx_hal_msp.c ****     hdma_adc1.Init.Channel = DMA_CHANNEL_0;
 111:Src/stm32f4xx_hal_msp.c ****     hdma_adc1.Init.Direction = DMA_PERIPH_TO_MEMORY;
 112:Src/stm32f4xx_hal_msp.c ****     hdma_adc1.Init.PeriphInc = DMA_PINC_DISABLE;
 113:Src/stm32f4xx_hal_msp.c ****     hdma_adc1.Init.MemInc = DMA_MINC_ENABLE;
 114:Src/stm32f4xx_hal_msp.c ****     hdma_adc1.Init.PeriphDataAlignment = DMA_PDATAALIGN_HALFWORD;
 115:Src/stm32f4xx_hal_msp.c ****     hdma_adc1.Init.MemDataAlignment = DMA_MDATAALIGN_HALFWORD;
 116:Src/stm32f4xx_hal_msp.c ****     hdma_adc1.Init.Mode = DMA_NORMAL;
 117:Src/stm32f4xx_hal_msp.c ****     hdma_adc1.Init.Priority = DMA_PRIORITY_LOW;
 118:Src/stm32f4xx_hal_msp.c ****     hdma_adc1.Init.FIFOMode = DMA_FIFOMODE_DISABLE;
 119:Src/stm32f4xx_hal_msp.c ****     if (HAL_DMA_Init(&hdma_adc1) != HAL_OK)
 120:Src/stm32f4xx_hal_msp.c ****     {
ARM GAS  /tmp/cc4UMath.s 			page 5


 121:Src/stm32f4xx_hal_msp.c ****       Error_Handler();
 122:Src/stm32f4xx_hal_msp.c ****     }
 123:Src/stm32f4xx_hal_msp.c **** 
 124:Src/stm32f4xx_hal_msp.c ****     __HAL_LINKDMA(hadc,DMA_Handle,hdma_adc1);
 125:Src/stm32f4xx_hal_msp.c **** 
 126:Src/stm32f4xx_hal_msp.c ****   /* USER CODE BEGIN ADC1_MspInit 1 */
 127:Src/stm32f4xx_hal_msp.c **** 
 128:Src/stm32f4xx_hal_msp.c ****   /* USER CODE END ADC1_MspInit 1 */
 129:Src/stm32f4xx_hal_msp.c ****   }
 130:Src/stm32f4xx_hal_msp.c **** 
 131:Src/stm32f4xx_hal_msp.c **** }
 112              		.loc 1 131 0
 113 001e 09B0     		add	sp, sp, #36
 114              	.LCFI4:
 115              		.cfi_remember_state
 116              		.cfi_def_cfa_offset 12
 117              		@ sp needed
 118 0020 30BD     		pop	{r4, r5, pc}
 119              	.LVL2:
 120              	.L9:
 121              	.LCFI5:
 122              		.cfi_restore_state
 123 0022 0446     		mov	r4, r0
 124              	.LBB4:
  96:Src/stm32f4xx_hal_msp.c ****   
 125              		.loc 1 96 0
 126 0024 0025     		movs	r5, #0
 127 0026 0195     		str	r5, [sp, #4]
 128 0028 03F58C33 		add	r3, r3, #71680
 129 002c 5A6C     		ldr	r2, [r3, #68]
 130 002e 42F48072 		orr	r2, r2, #256
 131 0032 5A64     		str	r2, [r3, #68]
 132 0034 5A6C     		ldr	r2, [r3, #68]
 133 0036 02F48072 		and	r2, r2, #256
 134 003a 0192     		str	r2, [sp, #4]
 135 003c 019A     		ldr	r2, [sp, #4]
 136              	.LBE4:
 137              	.LBB5:
  98:Src/stm32f4xx_hal_msp.c ****     /**ADC1 GPIO Configuration    
 138              		.loc 1 98 0
 139 003e 0295     		str	r5, [sp, #8]
 140 0040 1A6B     		ldr	r2, [r3, #48]
 141 0042 42F00202 		orr	r2, r2, #2
 142 0046 1A63     		str	r2, [r3, #48]
 143 0048 1B6B     		ldr	r3, [r3, #48]
 144 004a 03F00203 		and	r3, r3, #2
 145 004e 0293     		str	r3, [sp, #8]
 146 0050 029B     		ldr	r3, [sp, #8]
 147              	.LBE5:
 102:Src/stm32f4xx_hal_msp.c ****     GPIO_InitStruct.Mode = GPIO_MODE_ANALOG;
 148              		.loc 1 102 0
 149 0052 0123     		movs	r3, #1
 150 0054 0393     		str	r3, [sp, #12]
 103:Src/stm32f4xx_hal_msp.c ****     GPIO_InitStruct.Pull = GPIO_NOPULL;
 151              		.loc 1 103 0
 152 0056 0323     		movs	r3, #3
 153 0058 0493     		str	r3, [sp, #16]
ARM GAS  /tmp/cc4UMath.s 			page 6


 105:Src/stm32f4xx_hal_msp.c **** 
 154              		.loc 1 105 0
 155 005a 03A9     		add	r1, sp, #12
 156 005c 0F48     		ldr	r0, .L11
 157              	.LVL3:
 158 005e FFF7FEFF 		bl	HAL_GPIO_Init
 159              	.LVL4:
 109:Src/stm32f4xx_hal_msp.c ****     hdma_adc1.Init.Channel = DMA_CHANNEL_0;
 160              		.loc 1 109 0
 161 0062 0F48     		ldr	r0, .L11+4
 162 0064 0F4B     		ldr	r3, .L11+8
 163 0066 0360     		str	r3, [r0]
 110:Src/stm32f4xx_hal_msp.c ****     hdma_adc1.Init.Direction = DMA_PERIPH_TO_MEMORY;
 164              		.loc 1 110 0
 165 0068 4560     		str	r5, [r0, #4]
 111:Src/stm32f4xx_hal_msp.c ****     hdma_adc1.Init.PeriphInc = DMA_PINC_DISABLE;
 166              		.loc 1 111 0
 167 006a 8560     		str	r5, [r0, #8]
 112:Src/stm32f4xx_hal_msp.c ****     hdma_adc1.Init.MemInc = DMA_MINC_ENABLE;
 168              		.loc 1 112 0
 169 006c C560     		str	r5, [r0, #12]
 113:Src/stm32f4xx_hal_msp.c ****     hdma_adc1.Init.PeriphDataAlignment = DMA_PDATAALIGN_HALFWORD;
 170              		.loc 1 113 0
 171 006e 4FF48063 		mov	r3, #1024
 172 0072 0361     		str	r3, [r0, #16]
 114:Src/stm32f4xx_hal_msp.c ****     hdma_adc1.Init.MemDataAlignment = DMA_MDATAALIGN_HALFWORD;
 173              		.loc 1 114 0
 174 0074 4FF40063 		mov	r3, #2048
 175 0078 4361     		str	r3, [r0, #20]
 115:Src/stm32f4xx_hal_msp.c ****     hdma_adc1.Init.Mode = DMA_NORMAL;
 176              		.loc 1 115 0
 177 007a 4FF40053 		mov	r3, #8192
 178 007e 8361     		str	r3, [r0, #24]
 116:Src/stm32f4xx_hal_msp.c ****     hdma_adc1.Init.Priority = DMA_PRIORITY_LOW;
 179              		.loc 1 116 0
 180 0080 C561     		str	r5, [r0, #28]
 117:Src/stm32f4xx_hal_msp.c ****     hdma_adc1.Init.FIFOMode = DMA_FIFOMODE_DISABLE;
 181              		.loc 1 117 0
 182 0082 0562     		str	r5, [r0, #32]
 118:Src/stm32f4xx_hal_msp.c ****     if (HAL_DMA_Init(&hdma_adc1) != HAL_OK)
 183              		.loc 1 118 0
 184 0084 4562     		str	r5, [r0, #36]
 119:Src/stm32f4xx_hal_msp.c ****     {
 185              		.loc 1 119 0
 186 0086 FFF7FEFF 		bl	HAL_DMA_Init
 187              	.LVL5:
 188 008a 18B9     		cbnz	r0, .L10
 189              	.L7:
 124:Src/stm32f4xx_hal_msp.c **** 
 190              		.loc 1 124 0
 191 008c 044B     		ldr	r3, .L11+4
 192 008e A363     		str	r3, [r4, #56]
 193 0090 9C63     		str	r4, [r3, #56]
 194              		.loc 1 131 0
 195 0092 C4E7     		b	.L5
 196              	.L10:
 121:Src/stm32f4xx_hal_msp.c ****     }
ARM GAS  /tmp/cc4UMath.s 			page 7


 197              		.loc 1 121 0
 198 0094 FFF7FEFF 		bl	Error_Handler
 199              	.LVL6:
 200 0098 F8E7     		b	.L7
 201              	.L12:
 202 009a 00BF     		.align	2
 203              	.L11:
 204 009c 00040240 		.word	1073873920
 205 00a0 00000000 		.word	hdma_adc1
 206 00a4 10640240 		.word	1073898512
 207              		.cfi_endproc
 208              	.LFE131:
 210              		.section	.text.HAL_ADC_MspDeInit,"ax",%progbits
 211              		.align	1
 212              		.global	HAL_ADC_MspDeInit
 213              		.syntax unified
 214              		.thumb
 215              		.thumb_func
 216              		.fpu fpv4-sp-d16
 218              	HAL_ADC_MspDeInit:
 219              	.LFB132:
 132:Src/stm32f4xx_hal_msp.c **** 
 133:Src/stm32f4xx_hal_msp.c **** /**
 134:Src/stm32f4xx_hal_msp.c **** * @brief ADC MSP De-Initialization
 135:Src/stm32f4xx_hal_msp.c **** * This function freeze the hardware resources used in this example
 136:Src/stm32f4xx_hal_msp.c **** * @param hadc: ADC handle pointer
 137:Src/stm32f4xx_hal_msp.c **** * @retval None
 138:Src/stm32f4xx_hal_msp.c **** */
 139:Src/stm32f4xx_hal_msp.c **** void HAL_ADC_MspDeInit(ADC_HandleTypeDef* hadc)
 140:Src/stm32f4xx_hal_msp.c **** {
 220              		.loc 1 140 0
 221              		.cfi_startproc
 222              		@ args = 0, pretend = 0, frame = 0
 223              		@ frame_needed = 0, uses_anonymous_args = 0
 224              	.LVL7:
 141:Src/stm32f4xx_hal_msp.c ****   if(hadc->Instance==ADC1)
 225              		.loc 1 141 0
 226 0000 0268     		ldr	r2, [r0]
 227 0002 0B4B     		ldr	r3, .L20
 228 0004 9A42     		cmp	r2, r3
 229 0006 00D0     		beq	.L19
 230 0008 7047     		bx	lr
 231              	.L19:
 140:Src/stm32f4xx_hal_msp.c ****   if(hadc->Instance==ADC1)
 232              		.loc 1 140 0
 233 000a 10B5     		push	{r4, lr}
 234              	.LCFI6:
 235              		.cfi_def_cfa_offset 8
 236              		.cfi_offset 4, -8
 237              		.cfi_offset 14, -4
 238 000c 0446     		mov	r4, r0
 142:Src/stm32f4xx_hal_msp.c ****   {
 143:Src/stm32f4xx_hal_msp.c ****   /* USER CODE BEGIN ADC1_MspDeInit 0 */
 144:Src/stm32f4xx_hal_msp.c **** 
 145:Src/stm32f4xx_hal_msp.c ****   /* USER CODE END ADC1_MspDeInit 0 */
 146:Src/stm32f4xx_hal_msp.c ****     /* Peripheral clock disable */
 147:Src/stm32f4xx_hal_msp.c ****     __HAL_RCC_ADC1_CLK_DISABLE();
ARM GAS  /tmp/cc4UMath.s 			page 8


 239              		.loc 1 147 0
 240 000e 094A     		ldr	r2, .L20+4
 241 0010 536C     		ldr	r3, [r2, #68]
 242 0012 23F48073 		bic	r3, r3, #256
 243 0016 5364     		str	r3, [r2, #68]
 148:Src/stm32f4xx_hal_msp.c ****   
 149:Src/stm32f4xx_hal_msp.c ****     /**ADC1 GPIO Configuration    
 150:Src/stm32f4xx_hal_msp.c ****     PB0     ------> ADC1_IN8 
 151:Src/stm32f4xx_hal_msp.c ****     */
 152:Src/stm32f4xx_hal_msp.c ****     HAL_GPIO_DeInit(GPIOB, GPIO_PIN_0);
 244              		.loc 1 152 0
 245 0018 0121     		movs	r1, #1
 246 001a 0748     		ldr	r0, .L20+8
 247              	.LVL8:
 248 001c FFF7FEFF 		bl	HAL_GPIO_DeInit
 249              	.LVL9:
 153:Src/stm32f4xx_hal_msp.c **** 
 154:Src/stm32f4xx_hal_msp.c ****     /* ADC1 DMA DeInit */
 155:Src/stm32f4xx_hal_msp.c ****     HAL_DMA_DeInit(hadc->DMA_Handle);
 250              		.loc 1 155 0
 251 0020 A06B     		ldr	r0, [r4, #56]
 252 0022 FFF7FEFF 		bl	HAL_DMA_DeInit
 253              	.LVL10:
 156:Src/stm32f4xx_hal_msp.c **** 
 157:Src/stm32f4xx_hal_msp.c ****     /* ADC1 interrupt DeInit */
 158:Src/stm32f4xx_hal_msp.c ****     HAL_NVIC_DisableIRQ(ADC_IRQn);
 254              		.loc 1 158 0
 255 0026 1220     		movs	r0, #18
 256 0028 FFF7FEFF 		bl	HAL_NVIC_DisableIRQ
 257              	.LVL11:
 258 002c 10BD     		pop	{r4, pc}
 259              	.LVL12:
 260              	.L21:
 261 002e 00BF     		.align	2
 262              	.L20:
 263 0030 00200140 		.word	1073815552
 264 0034 00380240 		.word	1073887232
 265 0038 00040240 		.word	1073873920
 266              		.cfi_endproc
 267              	.LFE132:
 269              		.section	.text.HAL_CAN_MspInit,"ax",%progbits
 270              		.align	1
 271              		.global	HAL_CAN_MspInit
 272              		.syntax unified
 273              		.thumb
 274              		.thumb_func
 275              		.fpu fpv4-sp-d16
 277              	HAL_CAN_MspInit:
 278              	.LFB133:
 159:Src/stm32f4xx_hal_msp.c ****   /* USER CODE BEGIN ADC1_MspDeInit 1 */
 160:Src/stm32f4xx_hal_msp.c **** 
 161:Src/stm32f4xx_hal_msp.c ****   /* USER CODE END ADC1_MspDeInit 1 */
 162:Src/stm32f4xx_hal_msp.c ****   }
 163:Src/stm32f4xx_hal_msp.c **** 
 164:Src/stm32f4xx_hal_msp.c **** }
 165:Src/stm32f4xx_hal_msp.c **** 
 166:Src/stm32f4xx_hal_msp.c **** /**
ARM GAS  /tmp/cc4UMath.s 			page 9


 167:Src/stm32f4xx_hal_msp.c **** * @brief CAN MSP Initialization
 168:Src/stm32f4xx_hal_msp.c **** * This function configures the hardware resources used in this example
 169:Src/stm32f4xx_hal_msp.c **** * @param hcan: CAN handle pointer
 170:Src/stm32f4xx_hal_msp.c **** * @retval None
 171:Src/stm32f4xx_hal_msp.c **** */
 172:Src/stm32f4xx_hal_msp.c **** void HAL_CAN_MspInit(CAN_HandleTypeDef* hcan)
 173:Src/stm32f4xx_hal_msp.c **** {
 279              		.loc 1 173 0
 280              		.cfi_startproc
 281              		@ args = 0, pretend = 0, frame = 32
 282              		@ frame_needed = 0, uses_anonymous_args = 0
 283              	.LVL13:
 284 0000 2DE9F041 		push	{r4, r5, r6, r7, r8, lr}
 285              	.LCFI7:
 286              		.cfi_def_cfa_offset 24
 287              		.cfi_offset 4, -24
 288              		.cfi_offset 5, -20
 289              		.cfi_offset 6, -16
 290              		.cfi_offset 7, -12
 291              		.cfi_offset 8, -8
 292              		.cfi_offset 14, -4
 293 0004 88B0     		sub	sp, sp, #32
 294              	.LCFI8:
 295              		.cfi_def_cfa_offset 56
 174:Src/stm32f4xx_hal_msp.c ****   GPIO_InitTypeDef GPIO_InitStruct = {0};
 296              		.loc 1 174 0
 297 0006 0023     		movs	r3, #0
 298 0008 0393     		str	r3, [sp, #12]
 299 000a 0493     		str	r3, [sp, #16]
 300 000c 0593     		str	r3, [sp, #20]
 301 000e 0693     		str	r3, [sp, #24]
 302 0010 0793     		str	r3, [sp, #28]
 175:Src/stm32f4xx_hal_msp.c ****   if(hcan->Instance==CAN1)
 303              		.loc 1 175 0
 304 0012 0268     		ldr	r2, [r0]
 305 0014 1D4B     		ldr	r3, .L26
 306 0016 9A42     		cmp	r2, r3
 307 0018 02D0     		beq	.L25
 308              	.LVL14:
 309              	.L22:
 176:Src/stm32f4xx_hal_msp.c ****   {
 177:Src/stm32f4xx_hal_msp.c ****   /* USER CODE BEGIN CAN1_MspInit 0 */
 178:Src/stm32f4xx_hal_msp.c **** 
 179:Src/stm32f4xx_hal_msp.c ****   /* USER CODE END CAN1_MspInit 0 */
 180:Src/stm32f4xx_hal_msp.c ****     /* Peripheral clock enable */
 181:Src/stm32f4xx_hal_msp.c ****     __HAL_RCC_CAN1_CLK_ENABLE();
 182:Src/stm32f4xx_hal_msp.c ****   
 183:Src/stm32f4xx_hal_msp.c ****     __HAL_RCC_GPIOA_CLK_ENABLE();
 184:Src/stm32f4xx_hal_msp.c ****     /**CAN1 GPIO Configuration    
 185:Src/stm32f4xx_hal_msp.c ****     PA11     ------> CAN1_RX
 186:Src/stm32f4xx_hal_msp.c ****     PA12     ------> CAN1_TX 
 187:Src/stm32f4xx_hal_msp.c ****     */
 188:Src/stm32f4xx_hal_msp.c ****     GPIO_InitStruct.Pin = GPIO_PIN_11;
 189:Src/stm32f4xx_hal_msp.c ****     GPIO_InitStruct.Mode = GPIO_MODE_AF_PP;
 190:Src/stm32f4xx_hal_msp.c ****     GPIO_InitStruct.Pull = GPIO_PULLUP;
 191:Src/stm32f4xx_hal_msp.c ****     GPIO_InitStruct.Speed = GPIO_SPEED_FREQ_VERY_HIGH;
 192:Src/stm32f4xx_hal_msp.c ****     GPIO_InitStruct.Alternate = GPIO_AF9_CAN1;
ARM GAS  /tmp/cc4UMath.s 			page 10


 193:Src/stm32f4xx_hal_msp.c ****     HAL_GPIO_Init(GPIOA, &GPIO_InitStruct);
 194:Src/stm32f4xx_hal_msp.c **** 
 195:Src/stm32f4xx_hal_msp.c ****     GPIO_InitStruct.Pin = GPIO_PIN_12;
 196:Src/stm32f4xx_hal_msp.c ****     GPIO_InitStruct.Mode = GPIO_MODE_AF_PP;
 197:Src/stm32f4xx_hal_msp.c ****     GPIO_InitStruct.Pull = GPIO_NOPULL;
 198:Src/stm32f4xx_hal_msp.c ****     GPIO_InitStruct.Speed = GPIO_SPEED_FREQ_VERY_HIGH;
 199:Src/stm32f4xx_hal_msp.c ****     GPIO_InitStruct.Alternate = GPIO_AF9_CAN1;
 200:Src/stm32f4xx_hal_msp.c ****     HAL_GPIO_Init(GPIOA, &GPIO_InitStruct);
 201:Src/stm32f4xx_hal_msp.c **** 
 202:Src/stm32f4xx_hal_msp.c ****   /* USER CODE BEGIN CAN1_MspInit 1 */
 203:Src/stm32f4xx_hal_msp.c **** 
 204:Src/stm32f4xx_hal_msp.c ****   /* USER CODE END CAN1_MspInit 1 */
 205:Src/stm32f4xx_hal_msp.c ****   }
 206:Src/stm32f4xx_hal_msp.c **** 
 207:Src/stm32f4xx_hal_msp.c **** }
 310              		.loc 1 207 0
 311 001a 08B0     		add	sp, sp, #32
 312              	.LCFI9:
 313              		.cfi_remember_state
 314              		.cfi_def_cfa_offset 24
 315              		@ sp needed
 316 001c BDE8F081 		pop	{r4, r5, r6, r7, r8, pc}
 317              	.LVL15:
 318              	.L25:
 319              	.LCFI10:
 320              		.cfi_restore_state
 321              	.LBB6:
 181:Src/stm32f4xx_hal_msp.c ****   
 322              		.loc 1 181 0
 323 0020 0024     		movs	r4, #0
 324 0022 0194     		str	r4, [sp, #4]
 325 0024 03F5EA33 		add	r3, r3, #119808
 326 0028 1A6C     		ldr	r2, [r3, #64]
 327 002a 42F00072 		orr	r2, r2, #33554432
 328 002e 1A64     		str	r2, [r3, #64]
 329 0030 1A6C     		ldr	r2, [r3, #64]
 330 0032 02F00072 		and	r2, r2, #33554432
 331 0036 0192     		str	r2, [sp, #4]
 332 0038 019A     		ldr	r2, [sp, #4]
 333              	.LBE6:
 334              	.LBB7:
 183:Src/stm32f4xx_hal_msp.c ****     /**CAN1 GPIO Configuration    
 335              		.loc 1 183 0
 336 003a 0294     		str	r4, [sp, #8]
 337 003c 1A6B     		ldr	r2, [r3, #48]
 338 003e 42F00102 		orr	r2, r2, #1
 339 0042 1A63     		str	r2, [r3, #48]
 340 0044 1B6B     		ldr	r3, [r3, #48]
 341 0046 03F00103 		and	r3, r3, #1
 342 004a 0293     		str	r3, [sp, #8]
 343 004c 029B     		ldr	r3, [sp, #8]
 344              	.LBE7:
 188:Src/stm32f4xx_hal_msp.c ****     GPIO_InitStruct.Mode = GPIO_MODE_AF_PP;
 345              		.loc 1 188 0
 346 004e 4FF40063 		mov	r3, #2048
 347 0052 0393     		str	r3, [sp, #12]
 189:Src/stm32f4xx_hal_msp.c ****     GPIO_InitStruct.Pull = GPIO_PULLUP;
ARM GAS  /tmp/cc4UMath.s 			page 11


 348              		.loc 1 189 0
 349 0054 4FF00208 		mov	r8, #2
 350 0058 CDF81080 		str	r8, [sp, #16]
 190:Src/stm32f4xx_hal_msp.c ****     GPIO_InitStruct.Speed = GPIO_SPEED_FREQ_VERY_HIGH;
 351              		.loc 1 190 0
 352 005c 0123     		movs	r3, #1
 353 005e 0593     		str	r3, [sp, #20]
 191:Src/stm32f4xx_hal_msp.c ****     GPIO_InitStruct.Alternate = GPIO_AF9_CAN1;
 354              		.loc 1 191 0
 355 0060 0327     		movs	r7, #3
 356 0062 0697     		str	r7, [sp, #24]
 192:Src/stm32f4xx_hal_msp.c ****     HAL_GPIO_Init(GPIOA, &GPIO_InitStruct);
 357              		.loc 1 192 0
 358 0064 0926     		movs	r6, #9
 359 0066 0796     		str	r6, [sp, #28]
 193:Src/stm32f4xx_hal_msp.c **** 
 360              		.loc 1 193 0
 361 0068 094D     		ldr	r5, .L26+4
 362 006a 03A9     		add	r1, sp, #12
 363 006c 2846     		mov	r0, r5
 364              	.LVL16:
 365 006e FFF7FEFF 		bl	HAL_GPIO_Init
 366              	.LVL17:
 195:Src/stm32f4xx_hal_msp.c ****     GPIO_InitStruct.Mode = GPIO_MODE_AF_PP;
 367              		.loc 1 195 0
 368 0072 4FF48053 		mov	r3, #4096
 369 0076 0393     		str	r3, [sp, #12]
 196:Src/stm32f4xx_hal_msp.c ****     GPIO_InitStruct.Pull = GPIO_NOPULL;
 370              		.loc 1 196 0
 371 0078 CDF81080 		str	r8, [sp, #16]
 197:Src/stm32f4xx_hal_msp.c ****     GPIO_InitStruct.Speed = GPIO_SPEED_FREQ_VERY_HIGH;
 372              		.loc 1 197 0
 373 007c 0594     		str	r4, [sp, #20]
 198:Src/stm32f4xx_hal_msp.c ****     GPIO_InitStruct.Alternate = GPIO_AF9_CAN1;
 374              		.loc 1 198 0
 375 007e 0697     		str	r7, [sp, #24]
 199:Src/stm32f4xx_hal_msp.c ****     HAL_GPIO_Init(GPIOA, &GPIO_InitStruct);
 376              		.loc 1 199 0
 377 0080 0796     		str	r6, [sp, #28]
 200:Src/stm32f4xx_hal_msp.c **** 
 378              		.loc 1 200 0
 379 0082 03A9     		add	r1, sp, #12
 380 0084 2846     		mov	r0, r5
 381 0086 FFF7FEFF 		bl	HAL_GPIO_Init
 382              	.LVL18:
 383              		.loc 1 207 0
 384 008a C6E7     		b	.L22
 385              	.L27:
 386              		.align	2
 387              	.L26:
 388 008c 00640040 		.word	1073767424
 389 0090 00000240 		.word	1073872896
 390              		.cfi_endproc
 391              	.LFE133:
 393              		.section	.text.HAL_CAN_MspDeInit,"ax",%progbits
 394              		.align	1
 395              		.global	HAL_CAN_MspDeInit
ARM GAS  /tmp/cc4UMath.s 			page 12


 396              		.syntax unified
 397              		.thumb
 398              		.thumb_func
 399              		.fpu fpv4-sp-d16
 401              	HAL_CAN_MspDeInit:
 402              	.LFB134:
 208:Src/stm32f4xx_hal_msp.c **** 
 209:Src/stm32f4xx_hal_msp.c **** /**
 210:Src/stm32f4xx_hal_msp.c **** * @brief CAN MSP De-Initialization
 211:Src/stm32f4xx_hal_msp.c **** * This function freeze the hardware resources used in this example
 212:Src/stm32f4xx_hal_msp.c **** * @param hcan: CAN handle pointer
 213:Src/stm32f4xx_hal_msp.c **** * @retval None
 214:Src/stm32f4xx_hal_msp.c **** */
 215:Src/stm32f4xx_hal_msp.c **** void HAL_CAN_MspDeInit(CAN_HandleTypeDef* hcan)
 216:Src/stm32f4xx_hal_msp.c **** {
 403              		.loc 1 216 0
 404              		.cfi_startproc
 405              		@ args = 0, pretend = 0, frame = 0
 406              		@ frame_needed = 0, uses_anonymous_args = 0
 407              	.LVL19:
 408 0000 08B5     		push	{r3, lr}
 409              	.LCFI11:
 410              		.cfi_def_cfa_offset 8
 411              		.cfi_offset 3, -8
 412              		.cfi_offset 14, -4
 217:Src/stm32f4xx_hal_msp.c ****   if(hcan->Instance==CAN1)
 413              		.loc 1 217 0
 414 0002 0268     		ldr	r2, [r0]
 415 0004 0D4B     		ldr	r3, .L32
 416 0006 9A42     		cmp	r2, r3
 417 0008 00D0     		beq	.L31
 418              	.LVL20:
 419              	.L28:
 420 000a 08BD     		pop	{r3, pc}
 421              	.LVL21:
 422              	.L31:
 218:Src/stm32f4xx_hal_msp.c ****   {
 219:Src/stm32f4xx_hal_msp.c ****   /* USER CODE BEGIN CAN1_MspDeInit 0 */
 220:Src/stm32f4xx_hal_msp.c **** 
 221:Src/stm32f4xx_hal_msp.c ****   /* USER CODE END CAN1_MspDeInit 0 */
 222:Src/stm32f4xx_hal_msp.c ****     /* Peripheral clock disable */
 223:Src/stm32f4xx_hal_msp.c ****     __HAL_RCC_CAN1_CLK_DISABLE();
 423              		.loc 1 223 0
 424 000c 0C4A     		ldr	r2, .L32+4
 425 000e 136C     		ldr	r3, [r2, #64]
 426 0010 23F00073 		bic	r3, r3, #33554432
 427 0014 1364     		str	r3, [r2, #64]
 224:Src/stm32f4xx_hal_msp.c ****   
 225:Src/stm32f4xx_hal_msp.c ****     /**CAN1 GPIO Configuration    
 226:Src/stm32f4xx_hal_msp.c ****     PA11     ------> CAN1_RX
 227:Src/stm32f4xx_hal_msp.c ****     PA12     ------> CAN1_TX 
 228:Src/stm32f4xx_hal_msp.c ****     */
 229:Src/stm32f4xx_hal_msp.c ****     HAL_GPIO_DeInit(GPIOA, GPIO_PIN_11|GPIO_PIN_12);
 428              		.loc 1 229 0
 429 0016 4FF4C051 		mov	r1, #6144
 430 001a 0A48     		ldr	r0, .L32+8
 431              	.LVL22:
ARM GAS  /tmp/cc4UMath.s 			page 13


 432 001c FFF7FEFF 		bl	HAL_GPIO_DeInit
 433              	.LVL23:
 230:Src/stm32f4xx_hal_msp.c **** 
 231:Src/stm32f4xx_hal_msp.c ****     /* CAN1 interrupt DeInit */
 232:Src/stm32f4xx_hal_msp.c ****     HAL_NVIC_DisableIRQ(CAN1_TX_IRQn);
 434              		.loc 1 232 0
 435 0020 1320     		movs	r0, #19
 436 0022 FFF7FEFF 		bl	HAL_NVIC_DisableIRQ
 437              	.LVL24:
 233:Src/stm32f4xx_hal_msp.c ****     HAL_NVIC_DisableIRQ(CAN1_RX0_IRQn);
 438              		.loc 1 233 0
 439 0026 1420     		movs	r0, #20
 440 0028 FFF7FEFF 		bl	HAL_NVIC_DisableIRQ
 441              	.LVL25:
 234:Src/stm32f4xx_hal_msp.c ****     HAL_NVIC_DisableIRQ(CAN1_RX1_IRQn);
 442              		.loc 1 234 0
 443 002c 1520     		movs	r0, #21
 444 002e FFF7FEFF 		bl	HAL_NVIC_DisableIRQ
 445              	.LVL26:
 235:Src/stm32f4xx_hal_msp.c ****     HAL_NVIC_DisableIRQ(CAN1_SCE_IRQn);
 446              		.loc 1 235 0
 447 0032 1620     		movs	r0, #22
 448 0034 FFF7FEFF 		bl	HAL_NVIC_DisableIRQ
 449              	.LVL27:
 236:Src/stm32f4xx_hal_msp.c ****   /* USER CODE BEGIN CAN1_MspDeInit 1 */
 237:Src/stm32f4xx_hal_msp.c **** 
 238:Src/stm32f4xx_hal_msp.c ****   /* USER CODE END CAN1_MspDeInit 1 */
 239:Src/stm32f4xx_hal_msp.c ****   }
 240:Src/stm32f4xx_hal_msp.c **** 
 241:Src/stm32f4xx_hal_msp.c **** }
 450              		.loc 1 241 0
 451 0038 E7E7     		b	.L28
 452              	.L33:
 453 003a 00BF     		.align	2
 454              	.L32:
 455 003c 00640040 		.word	1073767424
 456 0040 00380240 		.word	1073887232
 457 0044 00000240 		.word	1073872896
 458              		.cfi_endproc
 459              	.LFE134:
 461              		.section	.text.HAL_SPI_MspInit,"ax",%progbits
 462              		.align	1
 463              		.global	HAL_SPI_MspInit
 464              		.syntax unified
 465              		.thumb
 466              		.thumb_func
 467              		.fpu fpv4-sp-d16
 469              	HAL_SPI_MspInit:
 470              	.LFB135:
 242:Src/stm32f4xx_hal_msp.c **** 
 243:Src/stm32f4xx_hal_msp.c **** /**
 244:Src/stm32f4xx_hal_msp.c **** * @brief SPI MSP Initialization
 245:Src/stm32f4xx_hal_msp.c **** * This function configures the hardware resources used in this example
 246:Src/stm32f4xx_hal_msp.c **** * @param hspi: SPI handle pointer
 247:Src/stm32f4xx_hal_msp.c **** * @retval None
 248:Src/stm32f4xx_hal_msp.c **** */
 249:Src/stm32f4xx_hal_msp.c **** void HAL_SPI_MspInit(SPI_HandleTypeDef* hspi)
ARM GAS  /tmp/cc4UMath.s 			page 14


 250:Src/stm32f4xx_hal_msp.c **** {
 471              		.loc 1 250 0
 472              		.cfi_startproc
 473              		@ args = 0, pretend = 0, frame = 32
 474              		@ frame_needed = 0, uses_anonymous_args = 0
 475              	.LVL28:
 476 0000 00B5     		push	{lr}
 477              	.LCFI12:
 478              		.cfi_def_cfa_offset 4
 479              		.cfi_offset 14, -4
 480 0002 89B0     		sub	sp, sp, #36
 481              	.LCFI13:
 482              		.cfi_def_cfa_offset 40
 251:Src/stm32f4xx_hal_msp.c ****   GPIO_InitTypeDef GPIO_InitStruct = {0};
 483              		.loc 1 251 0
 484 0004 0023     		movs	r3, #0
 485 0006 0393     		str	r3, [sp, #12]
 486 0008 0493     		str	r3, [sp, #16]
 487 000a 0593     		str	r3, [sp, #20]
 488 000c 0693     		str	r3, [sp, #24]
 489 000e 0793     		str	r3, [sp, #28]
 252:Src/stm32f4xx_hal_msp.c ****   if(hspi->Instance==SPI1)
 490              		.loc 1 252 0
 491 0010 0268     		ldr	r2, [r0]
 492 0012 154B     		ldr	r3, .L38
 493 0014 9A42     		cmp	r2, r3
 494 0016 02D0     		beq	.L37
 495              	.LVL29:
 496              	.L34:
 253:Src/stm32f4xx_hal_msp.c ****   {
 254:Src/stm32f4xx_hal_msp.c ****   /* USER CODE BEGIN SPI1_MspInit 0 */
 255:Src/stm32f4xx_hal_msp.c **** 
 256:Src/stm32f4xx_hal_msp.c ****   /* USER CODE END SPI1_MspInit 0 */
 257:Src/stm32f4xx_hal_msp.c ****     /* Peripheral clock enable */
 258:Src/stm32f4xx_hal_msp.c ****     __HAL_RCC_SPI1_CLK_ENABLE();
 259:Src/stm32f4xx_hal_msp.c ****   
 260:Src/stm32f4xx_hal_msp.c ****     __HAL_RCC_GPIOA_CLK_ENABLE();
 261:Src/stm32f4xx_hal_msp.c ****     /**SPI1 GPIO Configuration    
 262:Src/stm32f4xx_hal_msp.c ****     PA5     ------> SPI1_SCK
 263:Src/stm32f4xx_hal_msp.c ****     PA6     ------> SPI1_MISO
 264:Src/stm32f4xx_hal_msp.c ****     PA7     ------> SPI1_MOSI 
 265:Src/stm32f4xx_hal_msp.c ****     */
 266:Src/stm32f4xx_hal_msp.c ****     GPIO_InitStruct.Pin = GPIO_PIN_5|GPIO_PIN_6|GPIO_PIN_7;
 267:Src/stm32f4xx_hal_msp.c ****     GPIO_InitStruct.Mode = GPIO_MODE_AF_PP;
 268:Src/stm32f4xx_hal_msp.c ****     GPIO_InitStruct.Pull = GPIO_NOPULL;
 269:Src/stm32f4xx_hal_msp.c ****     GPIO_InitStruct.Speed = GPIO_SPEED_FREQ_VERY_HIGH;
 270:Src/stm32f4xx_hal_msp.c ****     GPIO_InitStruct.Alternate = GPIO_AF5_SPI1;
 271:Src/stm32f4xx_hal_msp.c ****     HAL_GPIO_Init(GPIOA, &GPIO_InitStruct);
 272:Src/stm32f4xx_hal_msp.c **** 
 273:Src/stm32f4xx_hal_msp.c ****   /* USER CODE BEGIN SPI1_MspInit 1 */
 274:Src/stm32f4xx_hal_msp.c **** 
 275:Src/stm32f4xx_hal_msp.c ****   /* USER CODE END SPI1_MspInit 1 */
 276:Src/stm32f4xx_hal_msp.c ****   }
 277:Src/stm32f4xx_hal_msp.c **** 
 278:Src/stm32f4xx_hal_msp.c **** }
 497              		.loc 1 278 0
 498 0018 09B0     		add	sp, sp, #36
ARM GAS  /tmp/cc4UMath.s 			page 15


 499              	.LCFI14:
 500              		.cfi_remember_state
 501              		.cfi_def_cfa_offset 4
 502              		@ sp needed
 503 001a 5DF804FB 		ldr	pc, [sp], #4
 504              	.LVL30:
 505              	.L37:
 506              	.LCFI15:
 507              		.cfi_restore_state
 508              	.LBB8:
 258:Src/stm32f4xx_hal_msp.c ****   
 509              		.loc 1 258 0
 510 001e 0021     		movs	r1, #0
 511 0020 0191     		str	r1, [sp, #4]
 512 0022 03F58433 		add	r3, r3, #67584
 513 0026 5A6C     		ldr	r2, [r3, #68]
 514 0028 42F48052 		orr	r2, r2, #4096
 515 002c 5A64     		str	r2, [r3, #68]
 516 002e 5A6C     		ldr	r2, [r3, #68]
 517 0030 02F48052 		and	r2, r2, #4096
 518 0034 0192     		str	r2, [sp, #4]
 519 0036 019A     		ldr	r2, [sp, #4]
 520              	.LBE8:
 521              	.LBB9:
 260:Src/stm32f4xx_hal_msp.c ****     /**SPI1 GPIO Configuration    
 522              		.loc 1 260 0
 523 0038 0291     		str	r1, [sp, #8]
 524 003a 1A6B     		ldr	r2, [r3, #48]
 525 003c 42F00102 		orr	r2, r2, #1
 526 0040 1A63     		str	r2, [r3, #48]
 527 0042 1B6B     		ldr	r3, [r3, #48]
 528 0044 03F00103 		and	r3, r3, #1
 529 0048 0293     		str	r3, [sp, #8]
 530 004a 029B     		ldr	r3, [sp, #8]
 531              	.LBE9:
 266:Src/stm32f4xx_hal_msp.c ****     GPIO_InitStruct.Mode = GPIO_MODE_AF_PP;
 532              		.loc 1 266 0
 533 004c E023     		movs	r3, #224
 534 004e 0393     		str	r3, [sp, #12]
 267:Src/stm32f4xx_hal_msp.c ****     GPIO_InitStruct.Pull = GPIO_NOPULL;
 535              		.loc 1 267 0
 536 0050 0223     		movs	r3, #2
 537 0052 0493     		str	r3, [sp, #16]
 269:Src/stm32f4xx_hal_msp.c ****     GPIO_InitStruct.Alternate = GPIO_AF5_SPI1;
 538              		.loc 1 269 0
 539 0054 0323     		movs	r3, #3
 540 0056 0693     		str	r3, [sp, #24]
 270:Src/stm32f4xx_hal_msp.c ****     HAL_GPIO_Init(GPIOA, &GPIO_InitStruct);
 541              		.loc 1 270 0
 542 0058 0523     		movs	r3, #5
 543 005a 0793     		str	r3, [sp, #28]
 271:Src/stm32f4xx_hal_msp.c **** 
 544              		.loc 1 271 0
 545 005c 03A9     		add	r1, sp, #12
 546 005e 0348     		ldr	r0, .L38+4
 547              	.LVL31:
 548 0060 FFF7FEFF 		bl	HAL_GPIO_Init
ARM GAS  /tmp/cc4UMath.s 			page 16


 549              	.LVL32:
 550              		.loc 1 278 0
 551 0064 D8E7     		b	.L34
 552              	.L39:
 553 0066 00BF     		.align	2
 554              	.L38:
 555 0068 00300140 		.word	1073819648
 556 006c 00000240 		.word	1073872896
 557              		.cfi_endproc
 558              	.LFE135:
 560              		.section	.text.HAL_SPI_MspDeInit,"ax",%progbits
 561              		.align	1
 562              		.global	HAL_SPI_MspDeInit
 563              		.syntax unified
 564              		.thumb
 565              		.thumb_func
 566              		.fpu fpv4-sp-d16
 568              	HAL_SPI_MspDeInit:
 569              	.LFB136:
 279:Src/stm32f4xx_hal_msp.c **** 
 280:Src/stm32f4xx_hal_msp.c **** /**
 281:Src/stm32f4xx_hal_msp.c **** * @brief SPI MSP De-Initialization
 282:Src/stm32f4xx_hal_msp.c **** * This function freeze the hardware resources used in this example
 283:Src/stm32f4xx_hal_msp.c **** * @param hspi: SPI handle pointer
 284:Src/stm32f4xx_hal_msp.c **** * @retval None
 285:Src/stm32f4xx_hal_msp.c **** */
 286:Src/stm32f4xx_hal_msp.c **** void HAL_SPI_MspDeInit(SPI_HandleTypeDef* hspi)
 287:Src/stm32f4xx_hal_msp.c **** {
 570              		.loc 1 287 0
 571              		.cfi_startproc
 572              		@ args = 0, pretend = 0, frame = 0
 573              		@ frame_needed = 0, uses_anonymous_args = 0
 574              	.LVL33:
 575 0000 08B5     		push	{r3, lr}
 576              	.LCFI16:
 577              		.cfi_def_cfa_offset 8
 578              		.cfi_offset 3, -8
 579              		.cfi_offset 14, -4
 288:Src/stm32f4xx_hal_msp.c ****   if(hspi->Instance==SPI1)
 580              		.loc 1 288 0
 581 0002 0268     		ldr	r2, [r0]
 582 0004 064B     		ldr	r3, .L44
 583 0006 9A42     		cmp	r2, r3
 584 0008 00D0     		beq	.L43
 585              	.LVL34:
 586              	.L40:
 587 000a 08BD     		pop	{r3, pc}
 588              	.LVL35:
 589              	.L43:
 289:Src/stm32f4xx_hal_msp.c ****   {
 290:Src/stm32f4xx_hal_msp.c ****   /* USER CODE BEGIN SPI1_MspDeInit 0 */
 291:Src/stm32f4xx_hal_msp.c **** 
 292:Src/stm32f4xx_hal_msp.c ****   /* USER CODE END SPI1_MspDeInit 0 */
 293:Src/stm32f4xx_hal_msp.c ****     /* Peripheral clock disable */
 294:Src/stm32f4xx_hal_msp.c ****     __HAL_RCC_SPI1_CLK_DISABLE();
 590              		.loc 1 294 0
 591 000c 054A     		ldr	r2, .L44+4
ARM GAS  /tmp/cc4UMath.s 			page 17


 592 000e 536C     		ldr	r3, [r2, #68]
 593 0010 23F48053 		bic	r3, r3, #4096
 594 0014 5364     		str	r3, [r2, #68]
 295:Src/stm32f4xx_hal_msp.c ****   
 296:Src/stm32f4xx_hal_msp.c ****     /**SPI1 GPIO Configuration    
 297:Src/stm32f4xx_hal_msp.c ****     PA5     ------> SPI1_SCK
 298:Src/stm32f4xx_hal_msp.c ****     PA6     ------> SPI1_MISO
 299:Src/stm32f4xx_hal_msp.c ****     PA7     ------> SPI1_MOSI 
 300:Src/stm32f4xx_hal_msp.c ****     */
 301:Src/stm32f4xx_hal_msp.c ****     HAL_GPIO_DeInit(GPIOA, GPIO_PIN_5|GPIO_PIN_6|GPIO_PIN_7);
 595              		.loc 1 301 0
 596 0016 E021     		movs	r1, #224
 597 0018 0348     		ldr	r0, .L44+8
 598              	.LVL36:
 599 001a FFF7FEFF 		bl	HAL_GPIO_DeInit
 600              	.LVL37:
 302:Src/stm32f4xx_hal_msp.c **** 
 303:Src/stm32f4xx_hal_msp.c ****   /* USER CODE BEGIN SPI1_MspDeInit 1 */
 304:Src/stm32f4xx_hal_msp.c **** 
 305:Src/stm32f4xx_hal_msp.c ****   /* USER CODE END SPI1_MspDeInit 1 */
 306:Src/stm32f4xx_hal_msp.c ****   }
 307:Src/stm32f4xx_hal_msp.c **** 
 308:Src/stm32f4xx_hal_msp.c **** }
 601              		.loc 1 308 0
 602 001e F4E7     		b	.L40
 603              	.L45:
 604              		.align	2
 605              	.L44:
 606 0020 00300140 		.word	1073819648
 607 0024 00380240 		.word	1073887232
 608 0028 00000240 		.word	1073872896
 609              		.cfi_endproc
 610              	.LFE136:
 612              		.section	.text.HAL_TIM_Base_MspInit,"ax",%progbits
 613              		.align	1
 614              		.global	HAL_TIM_Base_MspInit
 615              		.syntax unified
 616              		.thumb
 617              		.thumb_func
 618              		.fpu fpv4-sp-d16
 620              	HAL_TIM_Base_MspInit:
 621              	.LFB137:
 309:Src/stm32f4xx_hal_msp.c **** 
 310:Src/stm32f4xx_hal_msp.c **** /**
 311:Src/stm32f4xx_hal_msp.c **** * @brief TIM_Base MSP Initialization
 312:Src/stm32f4xx_hal_msp.c **** * This function configures the hardware resources used in this example
 313:Src/stm32f4xx_hal_msp.c **** * @param htim_base: TIM_Base handle pointer
 314:Src/stm32f4xx_hal_msp.c **** * @retval None
 315:Src/stm32f4xx_hal_msp.c **** */
 316:Src/stm32f4xx_hal_msp.c **** void HAL_TIM_Base_MspInit(TIM_HandleTypeDef* htim_base)
 317:Src/stm32f4xx_hal_msp.c **** {
 622              		.loc 1 317 0
 623              		.cfi_startproc
 624              		@ args = 0, pretend = 0, frame = 32
 625              		@ frame_needed = 0, uses_anonymous_args = 0
 626              	.LVL38:
 627 0000 00B5     		push	{lr}
ARM GAS  /tmp/cc4UMath.s 			page 18


 628              	.LCFI17:
 629              		.cfi_def_cfa_offset 4
 630              		.cfi_offset 14, -4
 631 0002 89B0     		sub	sp, sp, #36
 632              	.LCFI18:
 633              		.cfi_def_cfa_offset 40
 318:Src/stm32f4xx_hal_msp.c ****   if(htim_base->Instance==TIM2)
 634              		.loc 1 318 0
 635 0004 0368     		ldr	r3, [r0]
 636 0006 B3F1804F 		cmp	r3, #1073741824
 637 000a 17D0     		beq	.L56
 319:Src/stm32f4xx_hal_msp.c ****   {
 320:Src/stm32f4xx_hal_msp.c ****   /* USER CODE BEGIN TIM2_MspInit 0 */
 321:Src/stm32f4xx_hal_msp.c **** 
 322:Src/stm32f4xx_hal_msp.c ****   /* USER CODE END TIM2_MspInit 0 */
 323:Src/stm32f4xx_hal_msp.c ****     /* Peripheral clock enable */
 324:Src/stm32f4xx_hal_msp.c ****     __HAL_RCC_TIM2_CLK_ENABLE();
 325:Src/stm32f4xx_hal_msp.c ****   /* USER CODE BEGIN TIM2_MspInit 1 */
 326:Src/stm32f4xx_hal_msp.c **** 
 327:Src/stm32f4xx_hal_msp.c ****   /* USER CODE END TIM2_MspInit 1 */
 328:Src/stm32f4xx_hal_msp.c ****   }
 329:Src/stm32f4xx_hal_msp.c ****   else if(htim_base->Instance==TIM3)
 638              		.loc 1 329 0
 639 000c 434A     		ldr	r2, .L64
 640 000e 9342     		cmp	r3, r2
 641 0010 21D0     		beq	.L57
 330:Src/stm32f4xx_hal_msp.c ****   {
 331:Src/stm32f4xx_hal_msp.c ****   /* USER CODE BEGIN TIM3_MspInit 0 */
 332:Src/stm32f4xx_hal_msp.c **** 
 333:Src/stm32f4xx_hal_msp.c ****   /* USER CODE END TIM3_MspInit 0 */
 334:Src/stm32f4xx_hal_msp.c ****     /* Peripheral clock enable */
 335:Src/stm32f4xx_hal_msp.c ****     __HAL_RCC_TIM3_CLK_ENABLE();
 336:Src/stm32f4xx_hal_msp.c ****   /* USER CODE BEGIN TIM3_MspInit 1 */
 337:Src/stm32f4xx_hal_msp.c **** 
 338:Src/stm32f4xx_hal_msp.c ****   /* USER CODE END TIM3_MspInit 1 */
 339:Src/stm32f4xx_hal_msp.c ****   }
 340:Src/stm32f4xx_hal_msp.c ****   else if(htim_base->Instance==TIM4)
 642              		.loc 1 340 0
 643 0012 434A     		ldr	r2, .L64+4
 644 0014 9342     		cmp	r3, r2
 645 0016 2BD0     		beq	.L58
 341:Src/stm32f4xx_hal_msp.c ****   {
 342:Src/stm32f4xx_hal_msp.c ****   /* USER CODE BEGIN TIM4_MspInit 0 */
 343:Src/stm32f4xx_hal_msp.c **** 
 344:Src/stm32f4xx_hal_msp.c ****   /* USER CODE END TIM4_MspInit 0 */
 345:Src/stm32f4xx_hal_msp.c ****     /* Peripheral clock enable */
 346:Src/stm32f4xx_hal_msp.c ****     __HAL_RCC_TIM4_CLK_ENABLE();
 347:Src/stm32f4xx_hal_msp.c ****     /* TIM4 interrupt Init */
 348:Src/stm32f4xx_hal_msp.c ****     HAL_NVIC_SetPriority(TIM4_IRQn, 0, 0);
 349:Src/stm32f4xx_hal_msp.c ****     HAL_NVIC_EnableIRQ(TIM4_IRQn);
 350:Src/stm32f4xx_hal_msp.c ****   /* USER CODE BEGIN TIM4_MspInit 1 */
 351:Src/stm32f4xx_hal_msp.c **** 
 352:Src/stm32f4xx_hal_msp.c ****   /* USER CODE END TIM4_MspInit 1 */
 353:Src/stm32f4xx_hal_msp.c ****   }
 354:Src/stm32f4xx_hal_msp.c ****   else if(htim_base->Instance==TIM5)
 646              		.loc 1 354 0
 647 0018 424A     		ldr	r2, .L64+8
ARM GAS  /tmp/cc4UMath.s 			page 19


 648 001a 9342     		cmp	r3, r2
 649 001c 3CD0     		beq	.L59
 355:Src/stm32f4xx_hal_msp.c ****   {
 356:Src/stm32f4xx_hal_msp.c ****   /* USER CODE BEGIN TIM5_MspInit 0 */
 357:Src/stm32f4xx_hal_msp.c **** 
 358:Src/stm32f4xx_hal_msp.c ****   /* USER CODE END TIM5_MspInit 0 */
 359:Src/stm32f4xx_hal_msp.c ****     /* Peripheral clock enable */
 360:Src/stm32f4xx_hal_msp.c ****     __HAL_RCC_TIM5_CLK_ENABLE();
 361:Src/stm32f4xx_hal_msp.c ****   /* USER CODE BEGIN TIM5_MspInit 1 */
 362:Src/stm32f4xx_hal_msp.c **** 
 363:Src/stm32f4xx_hal_msp.c ****   /* USER CODE END TIM5_MspInit 1 */
 364:Src/stm32f4xx_hal_msp.c ****   }
 365:Src/stm32f4xx_hal_msp.c ****   else if(htim_base->Instance==TIM6)
 650              		.loc 1 365 0
 651 001e 424A     		ldr	r2, .L64+12
 652 0020 9342     		cmp	r3, r2
 653 0022 46D0     		beq	.L60
 366:Src/stm32f4xx_hal_msp.c ****   {
 367:Src/stm32f4xx_hal_msp.c ****   /* USER CODE BEGIN TIM6_MspInit 0 */
 368:Src/stm32f4xx_hal_msp.c **** 
 369:Src/stm32f4xx_hal_msp.c ****   /* USER CODE END TIM6_MspInit 0 */
 370:Src/stm32f4xx_hal_msp.c ****     /* Peripheral clock enable */
 371:Src/stm32f4xx_hal_msp.c ****     __HAL_RCC_TIM6_CLK_ENABLE();
 372:Src/stm32f4xx_hal_msp.c ****   /* USER CODE BEGIN TIM6_MspInit 1 */
 373:Src/stm32f4xx_hal_msp.c **** 
 374:Src/stm32f4xx_hal_msp.c ****   /* USER CODE END TIM6_MspInit 1 */
 375:Src/stm32f4xx_hal_msp.c ****   }
 376:Src/stm32f4xx_hal_msp.c ****   else if(htim_base->Instance==TIM7)
 654              		.loc 1 376 0
 655 0024 414A     		ldr	r2, .L64+16
 656 0026 9342     		cmp	r3, r2
 657 0028 50D0     		beq	.L61
 377:Src/stm32f4xx_hal_msp.c ****   {
 378:Src/stm32f4xx_hal_msp.c ****   /* USER CODE BEGIN TIM7_MspInit 0 */
 379:Src/stm32f4xx_hal_msp.c **** 
 380:Src/stm32f4xx_hal_msp.c ****   /* USER CODE END TIM7_MspInit 0 */
 381:Src/stm32f4xx_hal_msp.c ****     /* Peripheral clock enable */
 382:Src/stm32f4xx_hal_msp.c ****     __HAL_RCC_TIM7_CLK_ENABLE();
 383:Src/stm32f4xx_hal_msp.c ****   /* USER CODE BEGIN TIM7_MspInit 1 */
 384:Src/stm32f4xx_hal_msp.c **** 
 385:Src/stm32f4xx_hal_msp.c ****   /* USER CODE END TIM7_MspInit 1 */
 386:Src/stm32f4xx_hal_msp.c ****   }
 387:Src/stm32f4xx_hal_msp.c ****   else if(htim_base->Instance==TIM10)
 658              		.loc 1 387 0
 659 002a 414A     		ldr	r2, .L64+20
 660 002c 9342     		cmp	r3, r2
 661 002e 5AD0     		beq	.L62
 388:Src/stm32f4xx_hal_msp.c ****   {
 389:Src/stm32f4xx_hal_msp.c ****   /* USER CODE BEGIN TIM10_MspInit 0 */
 390:Src/stm32f4xx_hal_msp.c **** 
 391:Src/stm32f4xx_hal_msp.c ****   /* USER CODE END TIM10_MspInit 0 */
 392:Src/stm32f4xx_hal_msp.c ****     /* Peripheral clock enable */
 393:Src/stm32f4xx_hal_msp.c ****     __HAL_RCC_TIM10_CLK_ENABLE();
 394:Src/stm32f4xx_hal_msp.c ****   /* USER CODE BEGIN TIM10_MspInit 1 */
 395:Src/stm32f4xx_hal_msp.c **** 
 396:Src/stm32f4xx_hal_msp.c ****   /* USER CODE END TIM10_MspInit 1 */
 397:Src/stm32f4xx_hal_msp.c ****   }
ARM GAS  /tmp/cc4UMath.s 			page 20


 398:Src/stm32f4xx_hal_msp.c ****   else if(htim_base->Instance==TIM11)
 662              		.loc 1 398 0
 663 0030 404A     		ldr	r2, .L64+24
 664 0032 9342     		cmp	r3, r2
 665 0034 64D0     		beq	.L63
 666              	.LVL39:
 667              	.L46:
 399:Src/stm32f4xx_hal_msp.c ****   {
 400:Src/stm32f4xx_hal_msp.c ****   /* USER CODE BEGIN TIM11_MspInit 0 */
 401:Src/stm32f4xx_hal_msp.c **** 
 402:Src/stm32f4xx_hal_msp.c ****   /* USER CODE END TIM11_MspInit 0 */
 403:Src/stm32f4xx_hal_msp.c ****     /* Peripheral clock enable */
 404:Src/stm32f4xx_hal_msp.c ****     __HAL_RCC_TIM11_CLK_ENABLE();
 405:Src/stm32f4xx_hal_msp.c ****   /* USER CODE BEGIN TIM11_MspInit 1 */
 406:Src/stm32f4xx_hal_msp.c **** 
 407:Src/stm32f4xx_hal_msp.c ****   /* USER CODE END TIM11_MspInit 1 */
 408:Src/stm32f4xx_hal_msp.c ****   }
 409:Src/stm32f4xx_hal_msp.c **** 
 410:Src/stm32f4xx_hal_msp.c **** }
 668              		.loc 1 410 0
 669 0036 09B0     		add	sp, sp, #36
 670              	.LCFI19:
 671              		.cfi_remember_state
 672              		.cfi_def_cfa_offset 4
 673              		@ sp needed
 674 0038 5DF804FB 		ldr	pc, [sp], #4
 675              	.LVL40:
 676              	.L56:
 677              	.LCFI20:
 678              		.cfi_restore_state
 679              	.LBB10:
 324:Src/stm32f4xx_hal_msp.c ****   /* USER CODE BEGIN TIM2_MspInit 1 */
 680              		.loc 1 324 0
 681 003c 0023     		movs	r3, #0
 682 003e 0093     		str	r3, [sp]
 683 0040 3D4B     		ldr	r3, .L64+28
 684 0042 1A6C     		ldr	r2, [r3, #64]
 685 0044 42F00102 		orr	r2, r2, #1
 686 0048 1A64     		str	r2, [r3, #64]
 687 004a 1B6C     		ldr	r3, [r3, #64]
 688 004c 03F00103 		and	r3, r3, #1
 689 0050 0093     		str	r3, [sp]
 690 0052 009B     		ldr	r3, [sp]
 691              	.LBE10:
 692 0054 EFE7     		b	.L46
 693              	.L57:
 694              	.LBB11:
 335:Src/stm32f4xx_hal_msp.c ****   /* USER CODE BEGIN TIM3_MspInit 1 */
 695              		.loc 1 335 0
 696 0056 0023     		movs	r3, #0
 697 0058 0193     		str	r3, [sp, #4]
 698 005a 374B     		ldr	r3, .L64+28
 699 005c 1A6C     		ldr	r2, [r3, #64]
 700 005e 42F00202 		orr	r2, r2, #2
 701 0062 1A64     		str	r2, [r3, #64]
 702 0064 1B6C     		ldr	r3, [r3, #64]
 703 0066 03F00203 		and	r3, r3, #2
ARM GAS  /tmp/cc4UMath.s 			page 21


 704 006a 0193     		str	r3, [sp, #4]
 705 006c 019B     		ldr	r3, [sp, #4]
 706              	.LBE11:
 707 006e E2E7     		b	.L46
 708              	.L58:
 709              	.LBB12:
 346:Src/stm32f4xx_hal_msp.c ****     /* TIM4 interrupt Init */
 710              		.loc 1 346 0
 711 0070 0021     		movs	r1, #0
 712 0072 0291     		str	r1, [sp, #8]
 713 0074 304B     		ldr	r3, .L64+28
 714 0076 1A6C     		ldr	r2, [r3, #64]
 715 0078 42F00402 		orr	r2, r2, #4
 716 007c 1A64     		str	r2, [r3, #64]
 717 007e 1B6C     		ldr	r3, [r3, #64]
 718 0080 03F00403 		and	r3, r3, #4
 719 0084 0293     		str	r3, [sp, #8]
 720 0086 029B     		ldr	r3, [sp, #8]
 721              	.LBE12:
 348:Src/stm32f4xx_hal_msp.c ****     HAL_NVIC_EnableIRQ(TIM4_IRQn);
 722              		.loc 1 348 0
 723 0088 0A46     		mov	r2, r1
 724 008a 1E20     		movs	r0, #30
 725              	.LVL41:
 726 008c FFF7FEFF 		bl	HAL_NVIC_SetPriority
 727              	.LVL42:
 349:Src/stm32f4xx_hal_msp.c ****   /* USER CODE BEGIN TIM4_MspInit 1 */
 728              		.loc 1 349 0
 729 0090 1E20     		movs	r0, #30
 730 0092 FFF7FEFF 		bl	HAL_NVIC_EnableIRQ
 731              	.LVL43:
 732 0096 CEE7     		b	.L46
 733              	.LVL44:
 734              	.L59:
 735              	.LBB13:
 360:Src/stm32f4xx_hal_msp.c ****   /* USER CODE BEGIN TIM5_MspInit 1 */
 736              		.loc 1 360 0
 737 0098 0023     		movs	r3, #0
 738 009a 0393     		str	r3, [sp, #12]
 739 009c 264B     		ldr	r3, .L64+28
 740 009e 1A6C     		ldr	r2, [r3, #64]
 741 00a0 42F00802 		orr	r2, r2, #8
 742 00a4 1A64     		str	r2, [r3, #64]
 743 00a6 1B6C     		ldr	r3, [r3, #64]
 744 00a8 03F00803 		and	r3, r3, #8
 745 00ac 0393     		str	r3, [sp, #12]
 746 00ae 039B     		ldr	r3, [sp, #12]
 747              	.LBE13:
 748 00b0 C1E7     		b	.L46
 749              	.L60:
 750              	.LBB14:
 371:Src/stm32f4xx_hal_msp.c ****   /* USER CODE BEGIN TIM6_MspInit 1 */
 751              		.loc 1 371 0
 752 00b2 0023     		movs	r3, #0
 753 00b4 0493     		str	r3, [sp, #16]
 754 00b6 204B     		ldr	r3, .L64+28
 755 00b8 1A6C     		ldr	r2, [r3, #64]
ARM GAS  /tmp/cc4UMath.s 			page 22


 756 00ba 42F01002 		orr	r2, r2, #16
 757 00be 1A64     		str	r2, [r3, #64]
 758 00c0 1B6C     		ldr	r3, [r3, #64]
 759 00c2 03F01003 		and	r3, r3, #16
 760 00c6 0493     		str	r3, [sp, #16]
 761 00c8 049B     		ldr	r3, [sp, #16]
 762              	.LBE14:
 763 00ca B4E7     		b	.L46
 764              	.L61:
 765              	.LBB15:
 382:Src/stm32f4xx_hal_msp.c ****   /* USER CODE BEGIN TIM7_MspInit 1 */
 766              		.loc 1 382 0
 767 00cc 0023     		movs	r3, #0
 768 00ce 0593     		str	r3, [sp, #20]
 769 00d0 194B     		ldr	r3, .L64+28
 770 00d2 1A6C     		ldr	r2, [r3, #64]
 771 00d4 42F02002 		orr	r2, r2, #32
 772 00d8 1A64     		str	r2, [r3, #64]
 773 00da 1B6C     		ldr	r3, [r3, #64]
 774 00dc 03F02003 		and	r3, r3, #32
 775 00e0 0593     		str	r3, [sp, #20]
 776 00e2 059B     		ldr	r3, [sp, #20]
 777              	.LBE15:
 778 00e4 A7E7     		b	.L46
 779              	.L62:
 780              	.LBB16:
 393:Src/stm32f4xx_hal_msp.c ****   /* USER CODE BEGIN TIM10_MspInit 1 */
 781              		.loc 1 393 0
 782 00e6 0023     		movs	r3, #0
 783 00e8 0693     		str	r3, [sp, #24]
 784 00ea 134B     		ldr	r3, .L64+28
 785 00ec 5A6C     		ldr	r2, [r3, #68]
 786 00ee 42F40032 		orr	r2, r2, #131072
 787 00f2 5A64     		str	r2, [r3, #68]
 788 00f4 5B6C     		ldr	r3, [r3, #68]
 789 00f6 03F40033 		and	r3, r3, #131072
 790 00fa 0693     		str	r3, [sp, #24]
 791 00fc 069B     		ldr	r3, [sp, #24]
 792              	.LBE16:
 793 00fe 9AE7     		b	.L46
 794              	.L63:
 795              	.LBB17:
 404:Src/stm32f4xx_hal_msp.c ****   /* USER CODE BEGIN TIM11_MspInit 1 */
 796              		.loc 1 404 0
 797 0100 0023     		movs	r3, #0
 798 0102 0793     		str	r3, [sp, #28]
 799 0104 0C4B     		ldr	r3, .L64+28
 800 0106 5A6C     		ldr	r2, [r3, #68]
 801 0108 42F48022 		orr	r2, r2, #262144
 802 010c 5A64     		str	r2, [r3, #68]
 803 010e 5B6C     		ldr	r3, [r3, #68]
 804 0110 03F48023 		and	r3, r3, #262144
 805 0114 0793     		str	r3, [sp, #28]
 806 0116 079B     		ldr	r3, [sp, #28]
 807              	.LBE17:
 808              		.loc 1 410 0
 809 0118 8DE7     		b	.L46
ARM GAS  /tmp/cc4UMath.s 			page 23


 810              	.L65:
 811 011a 00BF     		.align	2
 812              	.L64:
 813 011c 00040040 		.word	1073742848
 814 0120 00080040 		.word	1073743872
 815 0124 000C0040 		.word	1073744896
 816 0128 00100040 		.word	1073745920
 817 012c 00140040 		.word	1073746944
 818 0130 00440140 		.word	1073824768
 819 0134 00480140 		.word	1073825792
 820 0138 00380240 		.word	1073887232
 821              		.cfi_endproc
 822              	.LFE137:
 824              		.section	.text.HAL_TIM_Base_MspDeInit,"ax",%progbits
 825              		.align	1
 826              		.global	HAL_TIM_Base_MspDeInit
 827              		.syntax unified
 828              		.thumb
 829              		.thumb_func
 830              		.fpu fpv4-sp-d16
 832              	HAL_TIM_Base_MspDeInit:
 833              	.LFB138:
 411:Src/stm32f4xx_hal_msp.c **** 
 412:Src/stm32f4xx_hal_msp.c **** /**
 413:Src/stm32f4xx_hal_msp.c **** * @brief TIM_Base MSP De-Initialization
 414:Src/stm32f4xx_hal_msp.c **** * This function freeze the hardware resources used in this example
 415:Src/stm32f4xx_hal_msp.c **** * @param htim_base: TIM_Base handle pointer
 416:Src/stm32f4xx_hal_msp.c **** * @retval None
 417:Src/stm32f4xx_hal_msp.c **** */
 418:Src/stm32f4xx_hal_msp.c **** void HAL_TIM_Base_MspDeInit(TIM_HandleTypeDef* htim_base)
 419:Src/stm32f4xx_hal_msp.c **** {
 834              		.loc 1 419 0
 835              		.cfi_startproc
 836              		@ args = 0, pretend = 0, frame = 0
 837              		@ frame_needed = 0, uses_anonymous_args = 0
 838              	.LVL45:
 839 0000 08B5     		push	{r3, lr}
 840              	.LCFI21:
 841              		.cfi_def_cfa_offset 8
 842              		.cfi_offset 3, -8
 843              		.cfi_offset 14, -4
 420:Src/stm32f4xx_hal_msp.c ****   if(htim_base->Instance==TIM2)
 844              		.loc 1 420 0
 845 0002 0368     		ldr	r3, [r0]
 846 0004 B3F1804F 		cmp	r3, #1073741824
 847 0008 15D0     		beq	.L76
 421:Src/stm32f4xx_hal_msp.c ****   {
 422:Src/stm32f4xx_hal_msp.c ****   /* USER CODE BEGIN TIM2_MspDeInit 0 */
 423:Src/stm32f4xx_hal_msp.c **** 
 424:Src/stm32f4xx_hal_msp.c ****   /* USER CODE END TIM2_MspDeInit 0 */
 425:Src/stm32f4xx_hal_msp.c ****     /* Peripheral clock disable */
 426:Src/stm32f4xx_hal_msp.c ****     __HAL_RCC_TIM2_CLK_DISABLE();
 427:Src/stm32f4xx_hal_msp.c **** 
 428:Src/stm32f4xx_hal_msp.c ****     /* TIM2 interrupt DeInit */
 429:Src/stm32f4xx_hal_msp.c ****     HAL_NVIC_DisableIRQ(TIM2_IRQn);
 430:Src/stm32f4xx_hal_msp.c ****   /* USER CODE BEGIN TIM2_MspDeInit 1 */
 431:Src/stm32f4xx_hal_msp.c **** 
ARM GAS  /tmp/cc4UMath.s 			page 24


 432:Src/stm32f4xx_hal_msp.c ****   /* USER CODE END TIM2_MspDeInit 1 */
 433:Src/stm32f4xx_hal_msp.c ****   }
 434:Src/stm32f4xx_hal_msp.c ****   else if(htim_base->Instance==TIM3)
 848              		.loc 1 434 0
 849 000a 2F4A     		ldr	r2, .L84
 850 000c 9342     		cmp	r3, r2
 851 000e 1BD0     		beq	.L77
 435:Src/stm32f4xx_hal_msp.c ****   {
 436:Src/stm32f4xx_hal_msp.c ****   /* USER CODE BEGIN TIM3_MspDeInit 0 */
 437:Src/stm32f4xx_hal_msp.c **** 
 438:Src/stm32f4xx_hal_msp.c ****   /* USER CODE END TIM3_MspDeInit 0 */
 439:Src/stm32f4xx_hal_msp.c ****     /* Peripheral clock disable */
 440:Src/stm32f4xx_hal_msp.c ****     __HAL_RCC_TIM3_CLK_DISABLE();
 441:Src/stm32f4xx_hal_msp.c ****   /* USER CODE BEGIN TIM3_MspDeInit 1 */
 442:Src/stm32f4xx_hal_msp.c **** 
 443:Src/stm32f4xx_hal_msp.c ****   /* USER CODE END TIM3_MspDeInit 1 */
 444:Src/stm32f4xx_hal_msp.c ****   }
 445:Src/stm32f4xx_hal_msp.c ****   else if(htim_base->Instance==TIM4)
 852              		.loc 1 445 0
 853 0010 2E4A     		ldr	r2, .L84+4
 854 0012 9342     		cmp	r3, r2
 855 0014 1FD0     		beq	.L78
 446:Src/stm32f4xx_hal_msp.c ****   {
 447:Src/stm32f4xx_hal_msp.c ****   /* USER CODE BEGIN TIM4_MspDeInit 0 */
 448:Src/stm32f4xx_hal_msp.c **** 
 449:Src/stm32f4xx_hal_msp.c ****   /* USER CODE END TIM4_MspDeInit 0 */
 450:Src/stm32f4xx_hal_msp.c ****     /* Peripheral clock disable */
 451:Src/stm32f4xx_hal_msp.c ****     __HAL_RCC_TIM4_CLK_DISABLE();
 452:Src/stm32f4xx_hal_msp.c **** 
 453:Src/stm32f4xx_hal_msp.c ****     /* TIM4 interrupt DeInit */
 454:Src/stm32f4xx_hal_msp.c ****     HAL_NVIC_DisableIRQ(TIM4_IRQn);
 455:Src/stm32f4xx_hal_msp.c ****   /* USER CODE BEGIN TIM4_MspDeInit 1 */
 456:Src/stm32f4xx_hal_msp.c **** 
 457:Src/stm32f4xx_hal_msp.c ****   /* USER CODE END TIM4_MspDeInit 1 */
 458:Src/stm32f4xx_hal_msp.c ****   }
 459:Src/stm32f4xx_hal_msp.c ****   else if(htim_base->Instance==TIM5)
 856              		.loc 1 459 0
 857 0016 2E4A     		ldr	r2, .L84+8
 858 0018 9342     		cmp	r3, r2
 859 001a 26D0     		beq	.L79
 460:Src/stm32f4xx_hal_msp.c ****   {
 461:Src/stm32f4xx_hal_msp.c ****   /* USER CODE BEGIN TIM5_MspDeInit 0 */
 462:Src/stm32f4xx_hal_msp.c **** 
 463:Src/stm32f4xx_hal_msp.c ****   /* USER CODE END TIM5_MspDeInit 0 */
 464:Src/stm32f4xx_hal_msp.c ****     /* Peripheral clock disable */
 465:Src/stm32f4xx_hal_msp.c ****     __HAL_RCC_TIM5_CLK_DISABLE();
 466:Src/stm32f4xx_hal_msp.c **** 
 467:Src/stm32f4xx_hal_msp.c ****     /* TIM5 interrupt DeInit */
 468:Src/stm32f4xx_hal_msp.c ****     HAL_NVIC_DisableIRQ(TIM5_IRQn);
 469:Src/stm32f4xx_hal_msp.c ****   /* USER CODE BEGIN TIM5_MspDeInit 1 */
 470:Src/stm32f4xx_hal_msp.c **** 
 471:Src/stm32f4xx_hal_msp.c ****   /* USER CODE END TIM5_MspDeInit 1 */
 472:Src/stm32f4xx_hal_msp.c ****   }
 473:Src/stm32f4xx_hal_msp.c ****   else if(htim_base->Instance==TIM6)
 860              		.loc 1 473 0
 861 001c 2D4A     		ldr	r2, .L84+12
 862 001e 9342     		cmp	r3, r2
ARM GAS  /tmp/cc4UMath.s 			page 25


 863 0020 2DD0     		beq	.L80
 474:Src/stm32f4xx_hal_msp.c ****   {
 475:Src/stm32f4xx_hal_msp.c ****   /* USER CODE BEGIN TIM6_MspDeInit 0 */
 476:Src/stm32f4xx_hal_msp.c **** 
 477:Src/stm32f4xx_hal_msp.c ****   /* USER CODE END TIM6_MspDeInit 0 */
 478:Src/stm32f4xx_hal_msp.c ****     /* Peripheral clock disable */
 479:Src/stm32f4xx_hal_msp.c ****     __HAL_RCC_TIM6_CLK_DISABLE();
 480:Src/stm32f4xx_hal_msp.c **** 
 481:Src/stm32f4xx_hal_msp.c ****     /* TIM6 interrupt DeInit */
 482:Src/stm32f4xx_hal_msp.c ****     HAL_NVIC_DisableIRQ(TIM6_DAC_IRQn);
 483:Src/stm32f4xx_hal_msp.c ****   /* USER CODE BEGIN TIM6_MspDeInit 1 */
 484:Src/stm32f4xx_hal_msp.c **** 
 485:Src/stm32f4xx_hal_msp.c ****   /* USER CODE END TIM6_MspDeInit 1 */
 486:Src/stm32f4xx_hal_msp.c ****   }
 487:Src/stm32f4xx_hal_msp.c ****   else if(htim_base->Instance==TIM7)
 864              		.loc 1 487 0
 865 0022 2D4A     		ldr	r2, .L84+16
 866 0024 9342     		cmp	r3, r2
 867 0026 34D0     		beq	.L81
 488:Src/stm32f4xx_hal_msp.c ****   {
 489:Src/stm32f4xx_hal_msp.c ****   /* USER CODE BEGIN TIM7_MspDeInit 0 */
 490:Src/stm32f4xx_hal_msp.c **** 
 491:Src/stm32f4xx_hal_msp.c ****   /* USER CODE END TIM7_MspDeInit 0 */
 492:Src/stm32f4xx_hal_msp.c ****     /* Peripheral clock disable */
 493:Src/stm32f4xx_hal_msp.c ****     __HAL_RCC_TIM7_CLK_DISABLE();
 494:Src/stm32f4xx_hal_msp.c **** 
 495:Src/stm32f4xx_hal_msp.c ****     /* TIM7 interrupt DeInit */
 496:Src/stm32f4xx_hal_msp.c ****     HAL_NVIC_DisableIRQ(TIM7_IRQn);
 497:Src/stm32f4xx_hal_msp.c ****   /* USER CODE BEGIN TIM7_MspDeInit 1 */
 498:Src/stm32f4xx_hal_msp.c **** 
 499:Src/stm32f4xx_hal_msp.c ****   /* USER CODE END TIM7_MspDeInit 1 */
 500:Src/stm32f4xx_hal_msp.c ****   }
 501:Src/stm32f4xx_hal_msp.c ****   else if(htim_base->Instance==TIM10)
 868              		.loc 1 501 0
 869 0028 2C4A     		ldr	r2, .L84+20
 870 002a 9342     		cmp	r3, r2
 871 002c 3BD0     		beq	.L82
 502:Src/stm32f4xx_hal_msp.c ****   {
 503:Src/stm32f4xx_hal_msp.c ****   /* USER CODE BEGIN TIM10_MspDeInit 0 */
 504:Src/stm32f4xx_hal_msp.c **** 
 505:Src/stm32f4xx_hal_msp.c ****   /* USER CODE END TIM10_MspDeInit 0 */
 506:Src/stm32f4xx_hal_msp.c ****     /* Peripheral clock disable */
 507:Src/stm32f4xx_hal_msp.c ****     __HAL_RCC_TIM10_CLK_DISABLE();
 508:Src/stm32f4xx_hal_msp.c **** 
 509:Src/stm32f4xx_hal_msp.c ****     /* TIM10 interrupt DeInit */
 510:Src/stm32f4xx_hal_msp.c ****     HAL_NVIC_DisableIRQ(TIM1_UP_TIM10_IRQn);
 511:Src/stm32f4xx_hal_msp.c ****   /* USER CODE BEGIN TIM10_MspDeInit 1 */
 512:Src/stm32f4xx_hal_msp.c **** 
 513:Src/stm32f4xx_hal_msp.c ****   /* USER CODE END TIM10_MspDeInit 1 */
 514:Src/stm32f4xx_hal_msp.c ****   }
 515:Src/stm32f4xx_hal_msp.c ****   else if(htim_base->Instance==TIM11)
 872              		.loc 1 515 0
 873 002e 2C4A     		ldr	r2, .L84+24
 874 0030 9342     		cmp	r3, r2
 875 0032 42D0     		beq	.L83
 876              	.L66:
 877 0034 08BD     		pop	{r3, pc}
ARM GAS  /tmp/cc4UMath.s 			page 26


 878              	.L76:
 426:Src/stm32f4xx_hal_msp.c **** 
 879              		.loc 1 426 0
 880 0036 2B4A     		ldr	r2, .L84+28
 881 0038 136C     		ldr	r3, [r2, #64]
 882 003a 23F00103 		bic	r3, r3, #1
 883 003e 1364     		str	r3, [r2, #64]
 429:Src/stm32f4xx_hal_msp.c ****   /* USER CODE BEGIN TIM2_MspDeInit 1 */
 884              		.loc 1 429 0
 885 0040 1C20     		movs	r0, #28
 886              	.LVL46:
 887 0042 FFF7FEFF 		bl	HAL_NVIC_DisableIRQ
 888              	.LVL47:
 889 0046 08BD     		pop	{r3, pc}
 890              	.LVL48:
 891              	.L77:
 440:Src/stm32f4xx_hal_msp.c ****   /* USER CODE BEGIN TIM3_MspDeInit 1 */
 892              		.loc 1 440 0
 893 0048 02F50D32 		add	r2, r2, #144384
 894 004c 136C     		ldr	r3, [r2, #64]
 895 004e 23F00203 		bic	r3, r3, #2
 896 0052 1364     		str	r3, [r2, #64]
 897 0054 08BD     		pop	{r3, pc}
 898              	.L78:
 451:Src/stm32f4xx_hal_msp.c **** 
 899              		.loc 1 451 0
 900 0056 02F50C32 		add	r2, r2, #143360
 901 005a 136C     		ldr	r3, [r2, #64]
 902 005c 23F00403 		bic	r3, r3, #4
 903 0060 1364     		str	r3, [r2, #64]
 454:Src/stm32f4xx_hal_msp.c ****   /* USER CODE BEGIN TIM4_MspDeInit 1 */
 904              		.loc 1 454 0
 905 0062 1E20     		movs	r0, #30
 906              	.LVL49:
 907 0064 FFF7FEFF 		bl	HAL_NVIC_DisableIRQ
 908              	.LVL50:
 909 0068 08BD     		pop	{r3, pc}
 910              	.LVL51:
 911              	.L79:
 465:Src/stm32f4xx_hal_msp.c **** 
 912              		.loc 1 465 0
 913 006a 02F50B32 		add	r2, r2, #142336
 914 006e 136C     		ldr	r3, [r2, #64]
 915 0070 23F00803 		bic	r3, r3, #8
 916 0074 1364     		str	r3, [r2, #64]
 468:Src/stm32f4xx_hal_msp.c ****   /* USER CODE BEGIN TIM5_MspDeInit 1 */
 917              		.loc 1 468 0
 918 0076 3220     		movs	r0, #50
 919              	.LVL52:
 920 0078 FFF7FEFF 		bl	HAL_NVIC_DisableIRQ
 921              	.LVL53:
 922 007c 08BD     		pop	{r3, pc}
 923              	.LVL54:
 924              	.L80:
 479:Src/stm32f4xx_hal_msp.c **** 
 925              		.loc 1 479 0
 926 007e 02F50A32 		add	r2, r2, #141312
ARM GAS  /tmp/cc4UMath.s 			page 27


 927 0082 136C     		ldr	r3, [r2, #64]
 928 0084 23F01003 		bic	r3, r3, #16
 929 0088 1364     		str	r3, [r2, #64]
 482:Src/stm32f4xx_hal_msp.c ****   /* USER CODE BEGIN TIM6_MspDeInit 1 */
 930              		.loc 1 482 0
 931 008a 3620     		movs	r0, #54
 932              	.LVL55:
 933 008c FFF7FEFF 		bl	HAL_NVIC_DisableIRQ
 934              	.LVL56:
 935 0090 08BD     		pop	{r3, pc}
 936              	.LVL57:
 937              	.L81:
 493:Src/stm32f4xx_hal_msp.c **** 
 938              		.loc 1 493 0
 939 0092 02F50932 		add	r2, r2, #140288
 940 0096 136C     		ldr	r3, [r2, #64]
 941 0098 23F02003 		bic	r3, r3, #32
 942 009c 1364     		str	r3, [r2, #64]
 496:Src/stm32f4xx_hal_msp.c ****   /* USER CODE BEGIN TIM7_MspDeInit 1 */
 943              		.loc 1 496 0
 944 009e 3720     		movs	r0, #55
 945              	.LVL58:
 946 00a0 FFF7FEFF 		bl	HAL_NVIC_DisableIRQ
 947              	.LVL59:
 948 00a4 08BD     		pop	{r3, pc}
 949              	.LVL60:
 950              	.L82:
 507:Src/stm32f4xx_hal_msp.c **** 
 951              		.loc 1 507 0
 952 00a6 02F57442 		add	r2, r2, #62464
 953 00aa 536C     		ldr	r3, [r2, #68]
 954 00ac 23F40033 		bic	r3, r3, #131072
 955 00b0 5364     		str	r3, [r2, #68]
 510:Src/stm32f4xx_hal_msp.c ****   /* USER CODE BEGIN TIM10_MspDeInit 1 */
 956              		.loc 1 510 0
 957 00b2 1920     		movs	r0, #25
 958              	.LVL61:
 959 00b4 FFF7FEFF 		bl	HAL_NVIC_DisableIRQ
 960              	.LVL62:
 961 00b8 08BD     		pop	{r3, pc}
 962              	.LVL63:
 963              	.L83:
 516:Src/stm32f4xx_hal_msp.c ****   {
 517:Src/stm32f4xx_hal_msp.c ****   /* USER CODE BEGIN TIM11_MspDeInit 0 */
 518:Src/stm32f4xx_hal_msp.c **** 
 519:Src/stm32f4xx_hal_msp.c ****   /* USER CODE END TIM11_MspDeInit 0 */
 520:Src/stm32f4xx_hal_msp.c ****     /* Peripheral clock disable */
 521:Src/stm32f4xx_hal_msp.c ****     __HAL_RCC_TIM11_CLK_DISABLE();
 964              		.loc 1 521 0
 965 00ba 02F57042 		add	r2, r2, #61440
 966 00be 536C     		ldr	r3, [r2, #68]
 967 00c0 23F48023 		bic	r3, r3, #262144
 968 00c4 5364     		str	r3, [r2, #68]
 522:Src/stm32f4xx_hal_msp.c ****   /* USER CODE BEGIN TIM11_MspDeInit 1 */
 523:Src/stm32f4xx_hal_msp.c **** 
 524:Src/stm32f4xx_hal_msp.c ****   /* USER CODE END TIM11_MspDeInit 1 */
 525:Src/stm32f4xx_hal_msp.c ****   }
ARM GAS  /tmp/cc4UMath.s 			page 28


 526:Src/stm32f4xx_hal_msp.c **** 
 527:Src/stm32f4xx_hal_msp.c **** }
 969              		.loc 1 527 0
 970 00c6 B5E7     		b	.L66
 971              	.L85:
 972              		.align	2
 973              	.L84:
 974 00c8 00040040 		.word	1073742848
 975 00cc 00080040 		.word	1073743872
 976 00d0 000C0040 		.word	1073744896
 977 00d4 00100040 		.word	1073745920
 978 00d8 00140040 		.word	1073746944
 979 00dc 00440140 		.word	1073824768
 980 00e0 00480140 		.word	1073825792
 981 00e4 00380240 		.word	1073887232
 982              		.cfi_endproc
 983              	.LFE138:
 985              		.section	.text.HAL_UART_MspInit,"ax",%progbits
 986              		.align	1
 987              		.global	HAL_UART_MspInit
 988              		.syntax unified
 989              		.thumb
 990              		.thumb_func
 991              		.fpu fpv4-sp-d16
 993              	HAL_UART_MspInit:
 994              	.LFB139:
 528:Src/stm32f4xx_hal_msp.c **** 
 529:Src/stm32f4xx_hal_msp.c **** /**
 530:Src/stm32f4xx_hal_msp.c **** * @brief UART MSP Initialization
 531:Src/stm32f4xx_hal_msp.c **** * This function configures the hardware resources used in this example
 532:Src/stm32f4xx_hal_msp.c **** * @param huart: UART handle pointer
 533:Src/stm32f4xx_hal_msp.c **** * @retval None
 534:Src/stm32f4xx_hal_msp.c **** */
 535:Src/stm32f4xx_hal_msp.c **** void HAL_UART_MspInit(UART_HandleTypeDef* huart)
 536:Src/stm32f4xx_hal_msp.c **** {
 995              		.loc 1 536 0
 996              		.cfi_startproc
 997              		@ args = 0, pretend = 0, frame = 40
 998              		@ frame_needed = 0, uses_anonymous_args = 0
 999              	.LVL64:
 1000 0000 10B5     		push	{r4, lr}
 1001              	.LCFI22:
 1002              		.cfi_def_cfa_offset 8
 1003              		.cfi_offset 4, -8
 1004              		.cfi_offset 14, -4
 1005 0002 8AB0     		sub	sp, sp, #40
 1006              	.LCFI23:
 1007              		.cfi_def_cfa_offset 48
 537:Src/stm32f4xx_hal_msp.c ****   GPIO_InitTypeDef GPIO_InitStruct = {0};
 1008              		.loc 1 537 0
 1009 0004 0023     		movs	r3, #0
 1010 0006 0593     		str	r3, [sp, #20]
 1011 0008 0693     		str	r3, [sp, #24]
 1012 000a 0793     		str	r3, [sp, #28]
 1013 000c 0893     		str	r3, [sp, #32]
 1014 000e 0993     		str	r3, [sp, #36]
 538:Src/stm32f4xx_hal_msp.c ****   if(huart->Instance==USART1)
ARM GAS  /tmp/cc4UMath.s 			page 29


 1015              		.loc 1 538 0
 1016 0010 0368     		ldr	r3, [r0]
 1017 0012 2D4A     		ldr	r2, .L92
 1018 0014 9342     		cmp	r3, r2
 1019 0016 04D0     		beq	.L90
 539:Src/stm32f4xx_hal_msp.c ****   {
 540:Src/stm32f4xx_hal_msp.c ****   /* USER CODE BEGIN USART1_MspInit 0 */
 541:Src/stm32f4xx_hal_msp.c **** 
 542:Src/stm32f4xx_hal_msp.c ****   /* USER CODE END USART1_MspInit 0 */
 543:Src/stm32f4xx_hal_msp.c ****     /* Peripheral clock enable */
 544:Src/stm32f4xx_hal_msp.c ****     __HAL_RCC_USART1_CLK_ENABLE();
 545:Src/stm32f4xx_hal_msp.c ****   
 546:Src/stm32f4xx_hal_msp.c ****     __HAL_RCC_GPIOA_CLK_ENABLE();
 547:Src/stm32f4xx_hal_msp.c ****     /**USART1 GPIO Configuration    
 548:Src/stm32f4xx_hal_msp.c ****     PA9     ------> USART1_TX
 549:Src/stm32f4xx_hal_msp.c ****     PA10     ------> USART1_RX 
 550:Src/stm32f4xx_hal_msp.c ****     */
 551:Src/stm32f4xx_hal_msp.c ****     GPIO_InitStruct.Pin = GPIO_PIN_9|GPIO_PIN_10;
 552:Src/stm32f4xx_hal_msp.c ****     GPIO_InitStruct.Mode = GPIO_MODE_AF_PP;
 553:Src/stm32f4xx_hal_msp.c ****     GPIO_InitStruct.Pull = GPIO_PULLUP;
 554:Src/stm32f4xx_hal_msp.c ****     GPIO_InitStruct.Speed = GPIO_SPEED_FREQ_VERY_HIGH;
 555:Src/stm32f4xx_hal_msp.c ****     GPIO_InitStruct.Alternate = GPIO_AF7_USART1;
 556:Src/stm32f4xx_hal_msp.c ****     HAL_GPIO_Init(GPIOA, &GPIO_InitStruct);
 557:Src/stm32f4xx_hal_msp.c **** 
 558:Src/stm32f4xx_hal_msp.c ****   /* USER CODE BEGIN USART1_MspInit 1 */
 559:Src/stm32f4xx_hal_msp.c **** 
 560:Src/stm32f4xx_hal_msp.c ****   /* USER CODE END USART1_MspInit 1 */
 561:Src/stm32f4xx_hal_msp.c ****   }
 562:Src/stm32f4xx_hal_msp.c ****   else if(huart->Instance==USART2)
 1020              		.loc 1 562 0
 1021 0018 2C4A     		ldr	r2, .L92+4
 1022 001a 9342     		cmp	r3, r2
 1023 001c 27D0     		beq	.L91
 1024              	.LVL65:
 1025              	.L86:
 563:Src/stm32f4xx_hal_msp.c ****   {
 564:Src/stm32f4xx_hal_msp.c ****   /* USER CODE BEGIN USART2_MspInit 0 */
 565:Src/stm32f4xx_hal_msp.c **** 
 566:Src/stm32f4xx_hal_msp.c ****   /* USER CODE END USART2_MspInit 0 */
 567:Src/stm32f4xx_hal_msp.c ****     /* Peripheral clock enable */
 568:Src/stm32f4xx_hal_msp.c ****     __HAL_RCC_USART2_CLK_ENABLE();
 569:Src/stm32f4xx_hal_msp.c ****   
 570:Src/stm32f4xx_hal_msp.c ****     __HAL_RCC_GPIOA_CLK_ENABLE();
 571:Src/stm32f4xx_hal_msp.c ****     /**USART2 GPIO Configuration    
 572:Src/stm32f4xx_hal_msp.c ****     PA2     ------> USART2_TX
 573:Src/stm32f4xx_hal_msp.c ****     PA3     ------> USART2_RX 
 574:Src/stm32f4xx_hal_msp.c ****     */
 575:Src/stm32f4xx_hal_msp.c ****     GPIO_InitStruct.Pin = GPIO_PIN_2|GPIO_PIN_3;
 576:Src/stm32f4xx_hal_msp.c ****     GPIO_InitStruct.Mode = GPIO_MODE_AF_PP;
 577:Src/stm32f4xx_hal_msp.c ****     GPIO_InitStruct.Pull = GPIO_PULLUP;
 578:Src/stm32f4xx_hal_msp.c ****     GPIO_InitStruct.Speed = GPIO_SPEED_FREQ_VERY_HIGH;
 579:Src/stm32f4xx_hal_msp.c ****     GPIO_InitStruct.Alternate = GPIO_AF7_USART2;
 580:Src/stm32f4xx_hal_msp.c ****     HAL_GPIO_Init(GPIOA, &GPIO_InitStruct);
 581:Src/stm32f4xx_hal_msp.c **** 
 582:Src/stm32f4xx_hal_msp.c ****     /* USART2 interrupt Init */
 583:Src/stm32f4xx_hal_msp.c ****     HAL_NVIC_SetPriority(USART2_IRQn, 0, 0);
 584:Src/stm32f4xx_hal_msp.c ****     HAL_NVIC_EnableIRQ(USART2_IRQn);
ARM GAS  /tmp/cc4UMath.s 			page 30


 585:Src/stm32f4xx_hal_msp.c ****   /* USER CODE BEGIN USART2_MspInit 1 */
 586:Src/stm32f4xx_hal_msp.c **** 
 587:Src/stm32f4xx_hal_msp.c ****   /* USER CODE END USART2_MspInit 1 */
 588:Src/stm32f4xx_hal_msp.c ****   }
 589:Src/stm32f4xx_hal_msp.c **** 
 590:Src/stm32f4xx_hal_msp.c **** }
 1026              		.loc 1 590 0
 1027 001e 0AB0     		add	sp, sp, #40
 1028              	.LCFI24:
 1029              		.cfi_remember_state
 1030              		.cfi_def_cfa_offset 8
 1031              		@ sp needed
 1032 0020 10BD     		pop	{r4, pc}
 1033              	.LVL66:
 1034              	.L90:
 1035              	.LCFI25:
 1036              		.cfi_restore_state
 1037              	.LBB18:
 544:Src/stm32f4xx_hal_msp.c ****   
 1038              		.loc 1 544 0
 1039 0022 0021     		movs	r1, #0
 1040 0024 0191     		str	r1, [sp, #4]
 1041 0026 2A4B     		ldr	r3, .L92+8
 1042 0028 5A6C     		ldr	r2, [r3, #68]
 1043 002a 42F01002 		orr	r2, r2, #16
 1044 002e 5A64     		str	r2, [r3, #68]
 1045 0030 5A6C     		ldr	r2, [r3, #68]
 1046 0032 02F01002 		and	r2, r2, #16
 1047 0036 0192     		str	r2, [sp, #4]
 1048 0038 019A     		ldr	r2, [sp, #4]
 1049              	.LBE18:
 1050              	.LBB19:
 546:Src/stm32f4xx_hal_msp.c ****     /**USART1 GPIO Configuration    
 1051              		.loc 1 546 0
 1052 003a 0291     		str	r1, [sp, #8]
 1053 003c 1A6B     		ldr	r2, [r3, #48]
 1054 003e 42F00102 		orr	r2, r2, #1
 1055 0042 1A63     		str	r2, [r3, #48]
 1056 0044 1B6B     		ldr	r3, [r3, #48]
 1057 0046 03F00103 		and	r3, r3, #1
 1058 004a 0293     		str	r3, [sp, #8]
 1059 004c 029B     		ldr	r3, [sp, #8]
 1060              	.LBE19:
 551:Src/stm32f4xx_hal_msp.c ****     GPIO_InitStruct.Mode = GPIO_MODE_AF_PP;
 1061              		.loc 1 551 0
 1062 004e 4FF4C063 		mov	r3, #1536
 1063 0052 0593     		str	r3, [sp, #20]
 552:Src/stm32f4xx_hal_msp.c ****     GPIO_InitStruct.Pull = GPIO_PULLUP;
 1064              		.loc 1 552 0
 1065 0054 0223     		movs	r3, #2
 1066 0056 0693     		str	r3, [sp, #24]
 553:Src/stm32f4xx_hal_msp.c ****     GPIO_InitStruct.Speed = GPIO_SPEED_FREQ_VERY_HIGH;
 1067              		.loc 1 553 0
 1068 0058 0123     		movs	r3, #1
 1069 005a 0793     		str	r3, [sp, #28]
 554:Src/stm32f4xx_hal_msp.c ****     GPIO_InitStruct.Alternate = GPIO_AF7_USART1;
 1070              		.loc 1 554 0
ARM GAS  /tmp/cc4UMath.s 			page 31


 1071 005c 0323     		movs	r3, #3
 1072 005e 0893     		str	r3, [sp, #32]
 555:Src/stm32f4xx_hal_msp.c ****     HAL_GPIO_Init(GPIOA, &GPIO_InitStruct);
 1073              		.loc 1 555 0
 1074 0060 0723     		movs	r3, #7
 1075 0062 0993     		str	r3, [sp, #36]
 556:Src/stm32f4xx_hal_msp.c **** 
 1076              		.loc 1 556 0
 1077 0064 05A9     		add	r1, sp, #20
 1078 0066 1B48     		ldr	r0, .L92+12
 1079              	.LVL67:
 1080 0068 FFF7FEFF 		bl	HAL_GPIO_Init
 1081              	.LVL68:
 1082 006c D7E7     		b	.L86
 1083              	.LVL69:
 1084              	.L91:
 1085              	.LBB20:
 568:Src/stm32f4xx_hal_msp.c ****   
 1086              		.loc 1 568 0
 1087 006e 0024     		movs	r4, #0
 1088 0070 0394     		str	r4, [sp, #12]
 1089 0072 174B     		ldr	r3, .L92+8
 1090 0074 1A6C     		ldr	r2, [r3, #64]
 1091 0076 42F40032 		orr	r2, r2, #131072
 1092 007a 1A64     		str	r2, [r3, #64]
 1093 007c 1A6C     		ldr	r2, [r3, #64]
 1094 007e 02F40032 		and	r2, r2, #131072
 1095 0082 0392     		str	r2, [sp, #12]
 1096 0084 039A     		ldr	r2, [sp, #12]
 1097              	.LBE20:
 1098              	.LBB21:
 570:Src/stm32f4xx_hal_msp.c ****     /**USART2 GPIO Configuration    
 1099              		.loc 1 570 0
 1100 0086 0494     		str	r4, [sp, #16]
 1101 0088 1A6B     		ldr	r2, [r3, #48]
 1102 008a 42F00102 		orr	r2, r2, #1
 1103 008e 1A63     		str	r2, [r3, #48]
 1104 0090 1B6B     		ldr	r3, [r3, #48]
 1105 0092 03F00103 		and	r3, r3, #1
 1106 0096 0493     		str	r3, [sp, #16]
 1107 0098 049B     		ldr	r3, [sp, #16]
 1108              	.LBE21:
 575:Src/stm32f4xx_hal_msp.c ****     GPIO_InitStruct.Mode = GPIO_MODE_AF_PP;
 1109              		.loc 1 575 0
 1110 009a 0C23     		movs	r3, #12
 1111 009c 0593     		str	r3, [sp, #20]
 576:Src/stm32f4xx_hal_msp.c ****     GPIO_InitStruct.Pull = GPIO_PULLUP;
 1112              		.loc 1 576 0
 1113 009e 0223     		movs	r3, #2
 1114 00a0 0693     		str	r3, [sp, #24]
 577:Src/stm32f4xx_hal_msp.c ****     GPIO_InitStruct.Speed = GPIO_SPEED_FREQ_VERY_HIGH;
 1115              		.loc 1 577 0
 1116 00a2 0123     		movs	r3, #1
 1117 00a4 0793     		str	r3, [sp, #28]
 578:Src/stm32f4xx_hal_msp.c ****     GPIO_InitStruct.Alternate = GPIO_AF7_USART2;
 1118              		.loc 1 578 0
 1119 00a6 0323     		movs	r3, #3
ARM GAS  /tmp/cc4UMath.s 			page 32


 1120 00a8 0893     		str	r3, [sp, #32]
 579:Src/stm32f4xx_hal_msp.c ****     HAL_GPIO_Init(GPIOA, &GPIO_InitStruct);
 1121              		.loc 1 579 0
 1122 00aa 0723     		movs	r3, #7
 1123 00ac 0993     		str	r3, [sp, #36]
 580:Src/stm32f4xx_hal_msp.c **** 
 1124              		.loc 1 580 0
 1125 00ae 05A9     		add	r1, sp, #20
 1126 00b0 0848     		ldr	r0, .L92+12
 1127              	.LVL70:
 1128 00b2 FFF7FEFF 		bl	HAL_GPIO_Init
 1129              	.LVL71:
 583:Src/stm32f4xx_hal_msp.c ****     HAL_NVIC_EnableIRQ(USART2_IRQn);
 1130              		.loc 1 583 0
 1131 00b6 2246     		mov	r2, r4
 1132 00b8 2146     		mov	r1, r4
 1133 00ba 2620     		movs	r0, #38
 1134 00bc FFF7FEFF 		bl	HAL_NVIC_SetPriority
 1135              	.LVL72:
 584:Src/stm32f4xx_hal_msp.c ****   /* USER CODE BEGIN USART2_MspInit 1 */
 1136              		.loc 1 584 0
 1137 00c0 2620     		movs	r0, #38
 1138 00c2 FFF7FEFF 		bl	HAL_NVIC_EnableIRQ
 1139              	.LVL73:
 1140              		.loc 1 590 0
 1141 00c6 AAE7     		b	.L86
 1142              	.L93:
 1143              		.align	2
 1144              	.L92:
 1145 00c8 00100140 		.word	1073811456
 1146 00cc 00440040 		.word	1073759232
 1147 00d0 00380240 		.word	1073887232
 1148 00d4 00000240 		.word	1073872896
 1149              		.cfi_endproc
 1150              	.LFE139:
 1152              		.section	.text.HAL_UART_MspDeInit,"ax",%progbits
 1153              		.align	1
 1154              		.global	HAL_UART_MspDeInit
 1155              		.syntax unified
 1156              		.thumb
 1157              		.thumb_func
 1158              		.fpu fpv4-sp-d16
 1160              	HAL_UART_MspDeInit:
 1161              	.LFB140:
 591:Src/stm32f4xx_hal_msp.c **** 
 592:Src/stm32f4xx_hal_msp.c **** /**
 593:Src/stm32f4xx_hal_msp.c **** * @brief UART MSP De-Initialization
 594:Src/stm32f4xx_hal_msp.c **** * This function freeze the hardware resources used in this example
 595:Src/stm32f4xx_hal_msp.c **** * @param huart: UART handle pointer
 596:Src/stm32f4xx_hal_msp.c **** * @retval None
 597:Src/stm32f4xx_hal_msp.c **** */
 598:Src/stm32f4xx_hal_msp.c **** void HAL_UART_MspDeInit(UART_HandleTypeDef* huart)
 599:Src/stm32f4xx_hal_msp.c **** {
 1162              		.loc 1 599 0
 1163              		.cfi_startproc
 1164              		@ args = 0, pretend = 0, frame = 0
 1165              		@ frame_needed = 0, uses_anonymous_args = 0
ARM GAS  /tmp/cc4UMath.s 			page 33


 1166              	.LVL74:
 1167 0000 08B5     		push	{r3, lr}
 1168              	.LCFI26:
 1169              		.cfi_def_cfa_offset 8
 1170              		.cfi_offset 3, -8
 1171              		.cfi_offset 14, -4
 600:Src/stm32f4xx_hal_msp.c ****   if(huart->Instance==USART1)
 1172              		.loc 1 600 0
 1173 0002 0368     		ldr	r3, [r0]
 1174 0004 114A     		ldr	r2, .L100
 1175 0006 9342     		cmp	r3, r2
 1176 0008 03D0     		beq	.L98
 601:Src/stm32f4xx_hal_msp.c ****   {
 602:Src/stm32f4xx_hal_msp.c ****   /* USER CODE BEGIN USART1_MspDeInit 0 */
 603:Src/stm32f4xx_hal_msp.c **** 
 604:Src/stm32f4xx_hal_msp.c ****   /* USER CODE END USART1_MspDeInit 0 */
 605:Src/stm32f4xx_hal_msp.c ****     /* Peripheral clock disable */
 606:Src/stm32f4xx_hal_msp.c ****     __HAL_RCC_USART1_CLK_DISABLE();
 607:Src/stm32f4xx_hal_msp.c ****   
 608:Src/stm32f4xx_hal_msp.c ****     /**USART1 GPIO Configuration    
 609:Src/stm32f4xx_hal_msp.c ****     PA9     ------> USART1_TX
 610:Src/stm32f4xx_hal_msp.c ****     PA10     ------> USART1_RX 
 611:Src/stm32f4xx_hal_msp.c ****     */
 612:Src/stm32f4xx_hal_msp.c ****     HAL_GPIO_DeInit(GPIOA, GPIO_PIN_9|GPIO_PIN_10);
 613:Src/stm32f4xx_hal_msp.c **** 
 614:Src/stm32f4xx_hal_msp.c ****     /* USART1 interrupt DeInit */
 615:Src/stm32f4xx_hal_msp.c ****     HAL_NVIC_DisableIRQ(USART1_IRQn);
 616:Src/stm32f4xx_hal_msp.c ****   /* USER CODE BEGIN USART1_MspDeInit 1 */
 617:Src/stm32f4xx_hal_msp.c **** 
 618:Src/stm32f4xx_hal_msp.c ****   /* USER CODE END USART1_MspDeInit 1 */
 619:Src/stm32f4xx_hal_msp.c ****   }
 620:Src/stm32f4xx_hal_msp.c ****   else if(huart->Instance==USART2)
 1177              		.loc 1 620 0
 1178 000a 114A     		ldr	r2, .L100+4
 1179 000c 9342     		cmp	r3, r2
 1180 000e 0FD0     		beq	.L99
 1181              	.LVL75:
 1182              	.L94:
 1183 0010 08BD     		pop	{r3, pc}
 1184              	.LVL76:
 1185              	.L98:
 606:Src/stm32f4xx_hal_msp.c ****   
 1186              		.loc 1 606 0
 1187 0012 02F59432 		add	r2, r2, #75776
 1188 0016 536C     		ldr	r3, [r2, #68]
 1189 0018 23F01003 		bic	r3, r3, #16
 1190 001c 5364     		str	r3, [r2, #68]
 612:Src/stm32f4xx_hal_msp.c **** 
 1191              		.loc 1 612 0
 1192 001e 4FF4C061 		mov	r1, #1536
 1193 0022 0C48     		ldr	r0, .L100+8
 1194              	.LVL77:
 1195 0024 FFF7FEFF 		bl	HAL_GPIO_DeInit
 1196              	.LVL78:
 615:Src/stm32f4xx_hal_msp.c ****   /* USER CODE BEGIN USART1_MspDeInit 1 */
 1197              		.loc 1 615 0
 1198 0028 2520     		movs	r0, #37
ARM GAS  /tmp/cc4UMath.s 			page 34


 1199 002a FFF7FEFF 		bl	HAL_NVIC_DisableIRQ
 1200              	.LVL79:
 1201 002e 08BD     		pop	{r3, pc}
 1202              	.LVL80:
 1203              	.L99:
 621:Src/stm32f4xx_hal_msp.c ****   {
 622:Src/stm32f4xx_hal_msp.c ****   /* USER CODE BEGIN USART2_MspDeInit 0 */
 623:Src/stm32f4xx_hal_msp.c **** 
 624:Src/stm32f4xx_hal_msp.c ****   /* USER CODE END USART2_MspDeInit 0 */
 625:Src/stm32f4xx_hal_msp.c ****     /* Peripheral clock disable */
 626:Src/stm32f4xx_hal_msp.c ****     __HAL_RCC_USART2_CLK_DISABLE();
 1204              		.loc 1 626 0
 1205 0030 02F5FA32 		add	r2, r2, #128000
 1206 0034 136C     		ldr	r3, [r2, #64]
 1207 0036 23F40033 		bic	r3, r3, #131072
 1208 003a 1364     		str	r3, [r2, #64]
 627:Src/stm32f4xx_hal_msp.c ****   
 628:Src/stm32f4xx_hal_msp.c ****     /**USART2 GPIO Configuration    
 629:Src/stm32f4xx_hal_msp.c ****     PA2     ------> USART2_TX
 630:Src/stm32f4xx_hal_msp.c ****     PA3     ------> USART2_RX 
 631:Src/stm32f4xx_hal_msp.c ****     */
 632:Src/stm32f4xx_hal_msp.c ****     HAL_GPIO_DeInit(GPIOA, GPIO_PIN_2|GPIO_PIN_3);
 1209              		.loc 1 632 0
 1210 003c 0C21     		movs	r1, #12
 1211 003e 0548     		ldr	r0, .L100+8
 1212              	.LVL81:
 1213 0040 FFF7FEFF 		bl	HAL_GPIO_DeInit
 1214              	.LVL82:
 633:Src/stm32f4xx_hal_msp.c **** 
 634:Src/stm32f4xx_hal_msp.c ****     /* USART2 interrupt DeInit */
 635:Src/stm32f4xx_hal_msp.c ****     HAL_NVIC_DisableIRQ(USART2_IRQn);
 1215              		.loc 1 635 0
 1216 0044 2620     		movs	r0, #38
 1217 0046 FFF7FEFF 		bl	HAL_NVIC_DisableIRQ
 1218              	.LVL83:
 636:Src/stm32f4xx_hal_msp.c ****   /* USER CODE BEGIN USART2_MspDeInit 1 */
 637:Src/stm32f4xx_hal_msp.c **** 
 638:Src/stm32f4xx_hal_msp.c ****   /* USER CODE END USART2_MspDeInit 1 */
 639:Src/stm32f4xx_hal_msp.c ****   }
 640:Src/stm32f4xx_hal_msp.c **** 
 641:Src/stm32f4xx_hal_msp.c **** }
 1219              		.loc 1 641 0
 1220 004a E1E7     		b	.L94
 1221              	.L101:
 1222              		.align	2
 1223              	.L100:
 1224 004c 00100140 		.word	1073811456
 1225 0050 00440040 		.word	1073759232
 1226 0054 00000240 		.word	1073872896
 1227              		.cfi_endproc
 1228              	.LFE140:
 1230              		.text
 1231              	.Letext0:
 1232              		.file 2 "/usr/include/newlib/machine/_default_types.h"
 1233              		.file 3 "/usr/include/newlib/sys/_stdint.h"
 1234              		.file 4 "Drivers/CMSIS/Include/core_cm4.h"
 1235              		.file 5 "Drivers/CMSIS/Device/ST/STM32F4xx/Include/system_stm32f4xx.h"
ARM GAS  /tmp/cc4UMath.s 			page 35


 1236              		.file 6 "Drivers/CMSIS/Device/ST/STM32F4xx/Include/stm32f446xx.h"
 1237              		.file 7 "Drivers/CMSIS/Device/ST/STM32F4xx/Include/stm32f4xx.h"
 1238              		.file 8 "Drivers/STM32F4xx_HAL_Driver/Inc/stm32f4xx_hal_def.h"
 1239              		.file 9 "Drivers/STM32F4xx_HAL_Driver/Inc/stm32f4xx_hal_gpio.h"
 1240              		.file 10 "Drivers/STM32F4xx_HAL_Driver/Inc/stm32f4xx_hal_dma.h"
 1241              		.file 11 "Drivers/STM32F4xx_HAL_Driver/Inc/stm32f4xx_hal_adc.h"
 1242              		.file 12 "Drivers/STM32F4xx_HAL_Driver/Inc/stm32f4xx_hal_can.h"
 1243              		.file 13 "Drivers/STM32F4xx_HAL_Driver/Inc/stm32f4xx_hal_spi.h"
 1244              		.file 14 "Drivers/STM32F4xx_HAL_Driver/Inc/stm32f4xx_hal_tim.h"
 1245              		.file 15 "Drivers/STM32F4xx_HAL_Driver/Inc/stm32f4xx_hal_uart.h"
 1246              		.file 16 "Drivers/STM32F4xx_HAL_Driver/Inc/stm32f4xx_hal_cortex.h"
 1247              		.file 17 "Inc/main.h"
ARM GAS  /tmp/cc4UMath.s 			page 36


DEFINED SYMBOLS
                            *ABS*:0000000000000000 stm32f4xx_hal_msp.c
     /tmp/cc4UMath.s:18     .text.HAL_MspInit:0000000000000000 $t
     /tmp/cc4UMath.s:25     .text.HAL_MspInit:0000000000000000 HAL_MspInit
     /tmp/cc4UMath.s:69     .text.HAL_MspInit:0000000000000034 $d
     /tmp/cc4UMath.s:74     .text.HAL_ADC_MspInit:0000000000000000 $t
     /tmp/cc4UMath.s:81     .text.HAL_ADC_MspInit:0000000000000000 HAL_ADC_MspInit
     /tmp/cc4UMath.s:204    .text.HAL_ADC_MspInit:000000000000009c $d
     /tmp/cc4UMath.s:211    .text.HAL_ADC_MspDeInit:0000000000000000 $t
     /tmp/cc4UMath.s:218    .text.HAL_ADC_MspDeInit:0000000000000000 HAL_ADC_MspDeInit
     /tmp/cc4UMath.s:263    .text.HAL_ADC_MspDeInit:0000000000000030 $d
     /tmp/cc4UMath.s:270    .text.HAL_CAN_MspInit:0000000000000000 $t
     /tmp/cc4UMath.s:277    .text.HAL_CAN_MspInit:0000000000000000 HAL_CAN_MspInit
     /tmp/cc4UMath.s:388    .text.HAL_CAN_MspInit:000000000000008c $d
     /tmp/cc4UMath.s:394    .text.HAL_CAN_MspDeInit:0000000000000000 $t
     /tmp/cc4UMath.s:401    .text.HAL_CAN_MspDeInit:0000000000000000 HAL_CAN_MspDeInit
     /tmp/cc4UMath.s:455    .text.HAL_CAN_MspDeInit:000000000000003c $d
     /tmp/cc4UMath.s:462    .text.HAL_SPI_MspInit:0000000000000000 $t
     /tmp/cc4UMath.s:469    .text.HAL_SPI_MspInit:0000000000000000 HAL_SPI_MspInit
     /tmp/cc4UMath.s:555    .text.HAL_SPI_MspInit:0000000000000068 $d
     /tmp/cc4UMath.s:561    .text.HAL_SPI_MspDeInit:0000000000000000 $t
     /tmp/cc4UMath.s:568    .text.HAL_SPI_MspDeInit:0000000000000000 HAL_SPI_MspDeInit
     /tmp/cc4UMath.s:606    .text.HAL_SPI_MspDeInit:0000000000000020 $d
     /tmp/cc4UMath.s:613    .text.HAL_TIM_Base_MspInit:0000000000000000 $t
     /tmp/cc4UMath.s:620    .text.HAL_TIM_Base_MspInit:0000000000000000 HAL_TIM_Base_MspInit
     /tmp/cc4UMath.s:813    .text.HAL_TIM_Base_MspInit:000000000000011c $d
     /tmp/cc4UMath.s:825    .text.HAL_TIM_Base_MspDeInit:0000000000000000 $t
     /tmp/cc4UMath.s:832    .text.HAL_TIM_Base_MspDeInit:0000000000000000 HAL_TIM_Base_MspDeInit
     /tmp/cc4UMath.s:974    .text.HAL_TIM_Base_MspDeInit:00000000000000c8 $d
     /tmp/cc4UMath.s:986    .text.HAL_UART_MspInit:0000000000000000 $t
     /tmp/cc4UMath.s:993    .text.HAL_UART_MspInit:0000000000000000 HAL_UART_MspInit
     /tmp/cc4UMath.s:1145   .text.HAL_UART_MspInit:00000000000000c8 $d
     /tmp/cc4UMath.s:1153   .text.HAL_UART_MspDeInit:0000000000000000 $t
     /tmp/cc4UMath.s:1160   .text.HAL_UART_MspDeInit:0000000000000000 HAL_UART_MspDeInit
     /tmp/cc4UMath.s:1224   .text.HAL_UART_MspDeInit:000000000000004c $d
                     .debug_frame:0000000000000010 $d

UNDEFINED SYMBOLS
HAL_GPIO_Init
HAL_DMA_Init
Error_Handler
hdma_adc1
HAL_GPIO_DeInit
HAL_DMA_DeInit
HAL_NVIC_DisableIRQ
HAL_NVIC_SetPriority
HAL_NVIC_EnableIRQ
