ARM GAS  /tmp/ccyLD871.s 			page 1


   1              		.cpu cortex-m4
   2              		.eabi_attribute 27, 1
   3              		.eabi_attribute 28, 1
   4              		.eabi_attribute 20, 1
   5              		.eabi_attribute 21, 1
   6              		.eabi_attribute 23, 3
   7              		.eabi_attribute 24, 1
   8              		.eabi_attribute 25, 1
   9              		.eabi_attribute 26, 1
  10              		.eabi_attribute 30, 1
  11              		.eabi_attribute 34, 1
  12              		.eabi_attribute 18, 4
  13              		.file	"stm32f4xx_hal_msp.c"
  14              		.text
  15              	.Ltext0:
  16              		.cfi_sections	.debug_frame
  17              		.section	.text.HAL_MspInit,"ax",%progbits
  18              		.align	1
  19              		.global	HAL_MspInit
  20              		.syntax unified
  21              		.thumb
  22              		.thumb_func
  23              		.fpu fpv4-sp-d16
  25              	HAL_MspInit:
  26              	.LFB130:
  27              		.file 1 "Src/stm32f4xx_hal_msp.c"
   1:Src/stm32f4xx_hal_msp.c **** /* USER CODE BEGIN Header */
   2:Src/stm32f4xx_hal_msp.c **** /**
   3:Src/stm32f4xx_hal_msp.c ****   ******************************************************************************
   4:Src/stm32f4xx_hal_msp.c ****   * File Name          : stm32f4xx_hal_msp.c
   5:Src/stm32f4xx_hal_msp.c ****   * Description        : This file provides code for the MSP Initialization 
   6:Src/stm32f4xx_hal_msp.c ****   *                      and de-Initialization codes.
   7:Src/stm32f4xx_hal_msp.c ****   ******************************************************************************
   8:Src/stm32f4xx_hal_msp.c ****   * @attention
   9:Src/stm32f4xx_hal_msp.c ****   *
  10:Src/stm32f4xx_hal_msp.c ****   * <h2><center>&copy; Copyright (c) 2019 STMicroelectronics.
  11:Src/stm32f4xx_hal_msp.c ****   * All rights reserved.</center></h2>
  12:Src/stm32f4xx_hal_msp.c ****   *
  13:Src/stm32f4xx_hal_msp.c ****   * This software component is licensed by ST under BSD 3-Clause license,
  14:Src/stm32f4xx_hal_msp.c ****   * the "License"; You may not use this file except in compliance with the
  15:Src/stm32f4xx_hal_msp.c ****   * License. You may obtain a copy of the License at:
  16:Src/stm32f4xx_hal_msp.c ****   *                        opensource.org/licenses/BSD-3-Clause
  17:Src/stm32f4xx_hal_msp.c ****   *
  18:Src/stm32f4xx_hal_msp.c ****   ******************************************************************************
  19:Src/stm32f4xx_hal_msp.c ****   */
  20:Src/stm32f4xx_hal_msp.c **** /* USER CODE END Header */
  21:Src/stm32f4xx_hal_msp.c **** 
  22:Src/stm32f4xx_hal_msp.c **** /* Includes ------------------------------------------------------------------*/
  23:Src/stm32f4xx_hal_msp.c **** #include "main.h"
  24:Src/stm32f4xx_hal_msp.c **** /* USER CODE BEGIN Includes */
  25:Src/stm32f4xx_hal_msp.c **** 
  26:Src/stm32f4xx_hal_msp.c **** /* USER CODE END Includes */
  27:Src/stm32f4xx_hal_msp.c **** extern DMA_HandleTypeDef hdma_adc1;
  28:Src/stm32f4xx_hal_msp.c **** 
  29:Src/stm32f4xx_hal_msp.c **** /* Private typedef -----------------------------------------------------------*/
  30:Src/stm32f4xx_hal_msp.c **** /* USER CODE BEGIN TD */
  31:Src/stm32f4xx_hal_msp.c **** 
ARM GAS  /tmp/ccyLD871.s 			page 2


  32:Src/stm32f4xx_hal_msp.c **** /* USER CODE END TD */
  33:Src/stm32f4xx_hal_msp.c **** 
  34:Src/stm32f4xx_hal_msp.c **** /* Private define ------------------------------------------------------------*/
  35:Src/stm32f4xx_hal_msp.c **** /* USER CODE BEGIN Define */
  36:Src/stm32f4xx_hal_msp.c ****  
  37:Src/stm32f4xx_hal_msp.c **** /* USER CODE END Define */
  38:Src/stm32f4xx_hal_msp.c **** 
  39:Src/stm32f4xx_hal_msp.c **** /* Private macro -------------------------------------------------------------*/
  40:Src/stm32f4xx_hal_msp.c **** /* USER CODE BEGIN Macro */
  41:Src/stm32f4xx_hal_msp.c **** 
  42:Src/stm32f4xx_hal_msp.c **** /* USER CODE END Macro */
  43:Src/stm32f4xx_hal_msp.c **** 
  44:Src/stm32f4xx_hal_msp.c **** /* Private variables ---------------------------------------------------------*/
  45:Src/stm32f4xx_hal_msp.c **** /* USER CODE BEGIN PV */
  46:Src/stm32f4xx_hal_msp.c **** 
  47:Src/stm32f4xx_hal_msp.c **** /* USER CODE END PV */
  48:Src/stm32f4xx_hal_msp.c **** 
  49:Src/stm32f4xx_hal_msp.c **** /* Private function prototypes -----------------------------------------------*/
  50:Src/stm32f4xx_hal_msp.c **** /* USER CODE BEGIN PFP */
  51:Src/stm32f4xx_hal_msp.c **** 
  52:Src/stm32f4xx_hal_msp.c **** /* USER CODE END PFP */
  53:Src/stm32f4xx_hal_msp.c **** 
  54:Src/stm32f4xx_hal_msp.c **** /* External functions --------------------------------------------------------*/
  55:Src/stm32f4xx_hal_msp.c **** /* USER CODE BEGIN ExternalFunctions */
  56:Src/stm32f4xx_hal_msp.c **** 
  57:Src/stm32f4xx_hal_msp.c **** /* USER CODE END ExternalFunctions */
  58:Src/stm32f4xx_hal_msp.c **** 
  59:Src/stm32f4xx_hal_msp.c **** /* USER CODE BEGIN 0 */
  60:Src/stm32f4xx_hal_msp.c **** 
  61:Src/stm32f4xx_hal_msp.c **** /* USER CODE END 0 */
  62:Src/stm32f4xx_hal_msp.c **** /**
  63:Src/stm32f4xx_hal_msp.c ****   * Initializes the Global MSP.
  64:Src/stm32f4xx_hal_msp.c ****   */
  65:Src/stm32f4xx_hal_msp.c **** void HAL_MspInit(void)
  66:Src/stm32f4xx_hal_msp.c **** {
  28              		.loc 1 66 0
  29              		.cfi_startproc
  30              		@ args = 0, pretend = 0, frame = 8
  31              		@ frame_needed = 0, uses_anonymous_args = 0
  32              		@ link register save eliminated.
  33 0000 82B0     		sub	sp, sp, #8
  34              	.LCFI0:
  35              		.cfi_def_cfa_offset 8
  36              	.LBB2:
  67:Src/stm32f4xx_hal_msp.c ****   /* USER CODE BEGIN MspInit 0 */
  68:Src/stm32f4xx_hal_msp.c **** 
  69:Src/stm32f4xx_hal_msp.c ****   /* USER CODE END MspInit 0 */
  70:Src/stm32f4xx_hal_msp.c **** 
  71:Src/stm32f4xx_hal_msp.c ****   __HAL_RCC_SYSCFG_CLK_ENABLE();
  37              		.loc 1 71 0
  38 0002 0021     		movs	r1, #0
  39 0004 0091     		str	r1, [sp]
  40 0006 0B4B     		ldr	r3, .L3
  41 0008 5A6C     		ldr	r2, [r3, #68]
  42 000a 42F48042 		orr	r2, r2, #16384
  43 000e 5A64     		str	r2, [r3, #68]
  44 0010 5A6C     		ldr	r2, [r3, #68]
ARM GAS  /tmp/ccyLD871.s 			page 3


  45 0012 02F48042 		and	r2, r2, #16384
  46 0016 0092     		str	r2, [sp]
  47 0018 009A     		ldr	r2, [sp]
  48              	.LBE2:
  49              	.LBB3:
  72:Src/stm32f4xx_hal_msp.c ****   __HAL_RCC_PWR_CLK_ENABLE();
  50              		.loc 1 72 0
  51 001a 0191     		str	r1, [sp, #4]
  52 001c 1A6C     		ldr	r2, [r3, #64]
  53 001e 42F08052 		orr	r2, r2, #268435456
  54 0022 1A64     		str	r2, [r3, #64]
  55 0024 1B6C     		ldr	r3, [r3, #64]
  56 0026 03F08053 		and	r3, r3, #268435456
  57 002a 0193     		str	r3, [sp, #4]
  58 002c 019B     		ldr	r3, [sp, #4]
  59              	.LBE3:
  73:Src/stm32f4xx_hal_msp.c **** 
  74:Src/stm32f4xx_hal_msp.c ****   /* System interrupt init*/
  75:Src/stm32f4xx_hal_msp.c **** 
  76:Src/stm32f4xx_hal_msp.c ****   /* USER CODE BEGIN MspInit 1 */
  77:Src/stm32f4xx_hal_msp.c **** 
  78:Src/stm32f4xx_hal_msp.c ****   /* USER CODE END MspInit 1 */
  79:Src/stm32f4xx_hal_msp.c **** }
  60              		.loc 1 79 0
  61 002e 02B0     		add	sp, sp, #8
  62              	.LCFI1:
  63              		.cfi_def_cfa_offset 0
  64              		@ sp needed
  65 0030 7047     		bx	lr
  66              	.L4:
  67 0032 00BF     		.align	2
  68              	.L3:
  69 0034 00380240 		.word	1073887232
  70              		.cfi_endproc
  71              	.LFE130:
  73              		.section	.text.HAL_ADC_MspInit,"ax",%progbits
  74              		.align	1
  75              		.global	HAL_ADC_MspInit
  76              		.syntax unified
  77              		.thumb
  78              		.thumb_func
  79              		.fpu fpv4-sp-d16
  81              	HAL_ADC_MspInit:
  82              	.LFB131:
  80:Src/stm32f4xx_hal_msp.c **** 
  81:Src/stm32f4xx_hal_msp.c **** /**
  82:Src/stm32f4xx_hal_msp.c **** * @brief ADC MSP Initialization
  83:Src/stm32f4xx_hal_msp.c **** * This function configures the hardware resources used in this example
  84:Src/stm32f4xx_hal_msp.c **** * @param hadc: ADC handle pointer
  85:Src/stm32f4xx_hal_msp.c **** * @retval None
  86:Src/stm32f4xx_hal_msp.c **** */
  87:Src/stm32f4xx_hal_msp.c **** void HAL_ADC_MspInit(ADC_HandleTypeDef* hadc)
  88:Src/stm32f4xx_hal_msp.c **** {
  83              		.loc 1 88 0
  84              		.cfi_startproc
  85              		@ args = 0, pretend = 0, frame = 32
  86              		@ frame_needed = 0, uses_anonymous_args = 0
ARM GAS  /tmp/ccyLD871.s 			page 4


  87              	.LVL0:
  88 0000 30B5     		push	{r4, r5, lr}
  89              	.LCFI2:
  90              		.cfi_def_cfa_offset 12
  91              		.cfi_offset 4, -12
  92              		.cfi_offset 5, -8
  93              		.cfi_offset 14, -4
  94 0002 89B0     		sub	sp, sp, #36
  95              	.LCFI3:
  96              		.cfi_def_cfa_offset 48
  89:Src/stm32f4xx_hal_msp.c ****   GPIO_InitTypeDef GPIO_InitStruct = {0};
  97              		.loc 1 89 0
  98 0004 0023     		movs	r3, #0
  99 0006 0393     		str	r3, [sp, #12]
 100 0008 0493     		str	r3, [sp, #16]
 101 000a 0593     		str	r3, [sp, #20]
 102 000c 0693     		str	r3, [sp, #24]
 103 000e 0793     		str	r3, [sp, #28]
  90:Src/stm32f4xx_hal_msp.c ****   if(hadc->Instance==ADC1)
 104              		.loc 1 90 0
 105 0010 0268     		ldr	r2, [r0]
 106 0012 03F18043 		add	r3, r3, #1073741824
 107 0016 03F59033 		add	r3, r3, #73728
 108 001a 9A42     		cmp	r2, r3
 109 001c 01D0     		beq	.L9
 110              	.LVL1:
 111              	.L5:
  91:Src/stm32f4xx_hal_msp.c ****   {
  92:Src/stm32f4xx_hal_msp.c ****   /* USER CODE BEGIN ADC1_MspInit 0 */
  93:Src/stm32f4xx_hal_msp.c **** 
  94:Src/stm32f4xx_hal_msp.c ****   /* USER CODE END ADC1_MspInit 0 */
  95:Src/stm32f4xx_hal_msp.c ****     /* Peripheral clock enable */
  96:Src/stm32f4xx_hal_msp.c ****     __HAL_RCC_ADC1_CLK_ENABLE();
  97:Src/stm32f4xx_hal_msp.c ****   
  98:Src/stm32f4xx_hal_msp.c ****     __HAL_RCC_GPIOA_CLK_ENABLE();
  99:Src/stm32f4xx_hal_msp.c ****     /**ADC1 GPIO Configuration    
 100:Src/stm32f4xx_hal_msp.c ****     PA0-WKUP     ------> ADC1_IN0
 101:Src/stm32f4xx_hal_msp.c ****     PA1     ------> ADC1_IN1
 102:Src/stm32f4xx_hal_msp.c ****     PA4     ------> ADC1_IN4 
 103:Src/stm32f4xx_hal_msp.c ****     */
 104:Src/stm32f4xx_hal_msp.c ****     GPIO_InitStruct.Pin = GPIO_PIN_0|GPIO_PIN_1|GPIO_PIN_4;
 105:Src/stm32f4xx_hal_msp.c ****     GPIO_InitStruct.Mode = GPIO_MODE_ANALOG;
 106:Src/stm32f4xx_hal_msp.c ****     GPIO_InitStruct.Pull = GPIO_NOPULL;
 107:Src/stm32f4xx_hal_msp.c ****     HAL_GPIO_Init(GPIOA, &GPIO_InitStruct);
 108:Src/stm32f4xx_hal_msp.c **** 
 109:Src/stm32f4xx_hal_msp.c ****     /* ADC1 DMA Init */
 110:Src/stm32f4xx_hal_msp.c ****     /* ADC1 Init */
 111:Src/stm32f4xx_hal_msp.c ****     hdma_adc1.Instance = DMA2_Stream0;
 112:Src/stm32f4xx_hal_msp.c ****     hdma_adc1.Init.Channel = DMA_CHANNEL_0;
 113:Src/stm32f4xx_hal_msp.c ****     hdma_adc1.Init.Direction = DMA_PERIPH_TO_MEMORY;
 114:Src/stm32f4xx_hal_msp.c ****     hdma_adc1.Init.PeriphInc = DMA_PINC_DISABLE;
 115:Src/stm32f4xx_hal_msp.c ****     hdma_adc1.Init.MemInc = DMA_MINC_ENABLE;
 116:Src/stm32f4xx_hal_msp.c ****     hdma_adc1.Init.PeriphDataAlignment = DMA_PDATAALIGN_WORD;
 117:Src/stm32f4xx_hal_msp.c ****     hdma_adc1.Init.MemDataAlignment = DMA_MDATAALIGN_WORD;
 118:Src/stm32f4xx_hal_msp.c ****     hdma_adc1.Init.Mode = DMA_CIRCULAR;
 119:Src/stm32f4xx_hal_msp.c ****     hdma_adc1.Init.Priority = DMA_PRIORITY_LOW;
 120:Src/stm32f4xx_hal_msp.c ****     hdma_adc1.Init.FIFOMode = DMA_FIFOMODE_DISABLE;
ARM GAS  /tmp/ccyLD871.s 			page 5


 121:Src/stm32f4xx_hal_msp.c ****     if (HAL_DMA_Init(&hdma_adc1) != HAL_OK)
 122:Src/stm32f4xx_hal_msp.c ****     {
 123:Src/stm32f4xx_hal_msp.c ****       Error_Handler();
 124:Src/stm32f4xx_hal_msp.c ****     }
 125:Src/stm32f4xx_hal_msp.c **** 
 126:Src/stm32f4xx_hal_msp.c ****     __HAL_LINKDMA(hadc,DMA_Handle,hdma_adc1);
 127:Src/stm32f4xx_hal_msp.c **** 
 128:Src/stm32f4xx_hal_msp.c ****   /* USER CODE BEGIN ADC1_MspInit 1 */
 129:Src/stm32f4xx_hal_msp.c **** 
 130:Src/stm32f4xx_hal_msp.c ****   /* USER CODE END ADC1_MspInit 1 */
 131:Src/stm32f4xx_hal_msp.c ****   }
 132:Src/stm32f4xx_hal_msp.c **** 
 133:Src/stm32f4xx_hal_msp.c **** }
 112              		.loc 1 133 0
 113 001e 09B0     		add	sp, sp, #36
 114              	.LCFI4:
 115              		.cfi_remember_state
 116              		.cfi_def_cfa_offset 12
 117              		@ sp needed
 118 0020 30BD     		pop	{r4, r5, pc}
 119              	.LVL2:
 120              	.L9:
 121              	.LCFI5:
 122              		.cfi_restore_state
 123 0022 0446     		mov	r4, r0
 124              	.LBB4:
  96:Src/stm32f4xx_hal_msp.c ****   
 125              		.loc 1 96 0
 126 0024 0025     		movs	r5, #0
 127 0026 0195     		str	r5, [sp, #4]
 128 0028 03F58C33 		add	r3, r3, #71680
 129 002c 5A6C     		ldr	r2, [r3, #68]
 130 002e 42F48072 		orr	r2, r2, #256
 131 0032 5A64     		str	r2, [r3, #68]
 132 0034 5A6C     		ldr	r2, [r3, #68]
 133 0036 02F48072 		and	r2, r2, #256
 134 003a 0192     		str	r2, [sp, #4]
 135 003c 019A     		ldr	r2, [sp, #4]
 136              	.LBE4:
 137              	.LBB5:
  98:Src/stm32f4xx_hal_msp.c ****     /**ADC1 GPIO Configuration    
 138              		.loc 1 98 0
 139 003e 0295     		str	r5, [sp, #8]
 140 0040 1A6B     		ldr	r2, [r3, #48]
 141 0042 42F00102 		orr	r2, r2, #1
 142 0046 1A63     		str	r2, [r3, #48]
 143 0048 1B6B     		ldr	r3, [r3, #48]
 144 004a 03F00103 		and	r3, r3, #1
 145 004e 0293     		str	r3, [sp, #8]
 146 0050 029B     		ldr	r3, [sp, #8]
 147              	.LBE5:
 104:Src/stm32f4xx_hal_msp.c ****     GPIO_InitStruct.Mode = GPIO_MODE_ANALOG;
 148              		.loc 1 104 0
 149 0052 1323     		movs	r3, #19
 150 0054 0393     		str	r3, [sp, #12]
 105:Src/stm32f4xx_hal_msp.c ****     GPIO_InitStruct.Pull = GPIO_NOPULL;
 151              		.loc 1 105 0
ARM GAS  /tmp/ccyLD871.s 			page 6


 152 0056 0323     		movs	r3, #3
 153 0058 0493     		str	r3, [sp, #16]
 107:Src/stm32f4xx_hal_msp.c **** 
 154              		.loc 1 107 0
 155 005a 03A9     		add	r1, sp, #12
 156 005c 1048     		ldr	r0, .L11
 157              	.LVL3:
 158 005e FFF7FEFF 		bl	HAL_GPIO_Init
 159              	.LVL4:
 111:Src/stm32f4xx_hal_msp.c ****     hdma_adc1.Init.Channel = DMA_CHANNEL_0;
 160              		.loc 1 111 0
 161 0062 1048     		ldr	r0, .L11+4
 162 0064 104B     		ldr	r3, .L11+8
 163 0066 0360     		str	r3, [r0]
 112:Src/stm32f4xx_hal_msp.c ****     hdma_adc1.Init.Direction = DMA_PERIPH_TO_MEMORY;
 164              		.loc 1 112 0
 165 0068 4560     		str	r5, [r0, #4]
 113:Src/stm32f4xx_hal_msp.c ****     hdma_adc1.Init.PeriphInc = DMA_PINC_DISABLE;
 166              		.loc 1 113 0
 167 006a 8560     		str	r5, [r0, #8]
 114:Src/stm32f4xx_hal_msp.c ****     hdma_adc1.Init.MemInc = DMA_MINC_ENABLE;
 168              		.loc 1 114 0
 169 006c C560     		str	r5, [r0, #12]
 115:Src/stm32f4xx_hal_msp.c ****     hdma_adc1.Init.PeriphDataAlignment = DMA_PDATAALIGN_WORD;
 170              		.loc 1 115 0
 171 006e 4FF48063 		mov	r3, #1024
 172 0072 0361     		str	r3, [r0, #16]
 116:Src/stm32f4xx_hal_msp.c ****     hdma_adc1.Init.MemDataAlignment = DMA_MDATAALIGN_WORD;
 173              		.loc 1 116 0
 174 0074 4FF48053 		mov	r3, #4096
 175 0078 4361     		str	r3, [r0, #20]
 117:Src/stm32f4xx_hal_msp.c ****     hdma_adc1.Init.Mode = DMA_CIRCULAR;
 176              		.loc 1 117 0
 177 007a 4FF48043 		mov	r3, #16384
 178 007e 8361     		str	r3, [r0, #24]
 118:Src/stm32f4xx_hal_msp.c ****     hdma_adc1.Init.Priority = DMA_PRIORITY_LOW;
 179              		.loc 1 118 0
 180 0080 4FF48073 		mov	r3, #256
 181 0084 C361     		str	r3, [r0, #28]
 119:Src/stm32f4xx_hal_msp.c ****     hdma_adc1.Init.FIFOMode = DMA_FIFOMODE_DISABLE;
 182              		.loc 1 119 0
 183 0086 0562     		str	r5, [r0, #32]
 120:Src/stm32f4xx_hal_msp.c ****     if (HAL_DMA_Init(&hdma_adc1) != HAL_OK)
 184              		.loc 1 120 0
 185 0088 4562     		str	r5, [r0, #36]
 121:Src/stm32f4xx_hal_msp.c ****     {
 186              		.loc 1 121 0
 187 008a FFF7FEFF 		bl	HAL_DMA_Init
 188              	.LVL5:
 189 008e 18B9     		cbnz	r0, .L10
 190              	.L7:
 126:Src/stm32f4xx_hal_msp.c **** 
 191              		.loc 1 126 0
 192 0090 044B     		ldr	r3, .L11+4
 193 0092 A363     		str	r3, [r4, #56]
 194 0094 9C63     		str	r4, [r3, #56]
 195              		.loc 1 133 0
ARM GAS  /tmp/ccyLD871.s 			page 7


 196 0096 C2E7     		b	.L5
 197              	.L10:
 123:Src/stm32f4xx_hal_msp.c ****     }
 198              		.loc 1 123 0
 199 0098 FFF7FEFF 		bl	Error_Handler
 200              	.LVL6:
 201 009c F8E7     		b	.L7
 202              	.L12:
 203 009e 00BF     		.align	2
 204              	.L11:
 205 00a0 00000240 		.word	1073872896
 206 00a4 00000000 		.word	hdma_adc1
 207 00a8 10640240 		.word	1073898512
 208              		.cfi_endproc
 209              	.LFE131:
 211              		.section	.text.HAL_ADC_MspDeInit,"ax",%progbits
 212              		.align	1
 213              		.global	HAL_ADC_MspDeInit
 214              		.syntax unified
 215              		.thumb
 216              		.thumb_func
 217              		.fpu fpv4-sp-d16
 219              	HAL_ADC_MspDeInit:
 220              	.LFB132:
 134:Src/stm32f4xx_hal_msp.c **** 
 135:Src/stm32f4xx_hal_msp.c **** /**
 136:Src/stm32f4xx_hal_msp.c **** * @brief ADC MSP De-Initialization
 137:Src/stm32f4xx_hal_msp.c **** * This function freeze the hardware resources used in this example
 138:Src/stm32f4xx_hal_msp.c **** * @param hadc: ADC handle pointer
 139:Src/stm32f4xx_hal_msp.c **** * @retval None
 140:Src/stm32f4xx_hal_msp.c **** */
 141:Src/stm32f4xx_hal_msp.c **** void HAL_ADC_MspDeInit(ADC_HandleTypeDef* hadc)
 142:Src/stm32f4xx_hal_msp.c **** {
 221              		.loc 1 142 0
 222              		.cfi_startproc
 223              		@ args = 0, pretend = 0, frame = 0
 224              		@ frame_needed = 0, uses_anonymous_args = 0
 225              	.LVL7:
 143:Src/stm32f4xx_hal_msp.c ****   if(hadc->Instance==ADC1)
 226              		.loc 1 143 0
 227 0000 0268     		ldr	r2, [r0]
 228 0002 0B4B     		ldr	r3, .L20
 229 0004 9A42     		cmp	r2, r3
 230 0006 00D0     		beq	.L19
 231 0008 7047     		bx	lr
 232              	.L19:
 142:Src/stm32f4xx_hal_msp.c ****   if(hadc->Instance==ADC1)
 233              		.loc 1 142 0
 234 000a 10B5     		push	{r4, lr}
 235              	.LCFI6:
 236              		.cfi_def_cfa_offset 8
 237              		.cfi_offset 4, -8
 238              		.cfi_offset 14, -4
 239 000c 0446     		mov	r4, r0
 144:Src/stm32f4xx_hal_msp.c ****   {
 145:Src/stm32f4xx_hal_msp.c ****   /* USER CODE BEGIN ADC1_MspDeInit 0 */
 146:Src/stm32f4xx_hal_msp.c **** 
ARM GAS  /tmp/ccyLD871.s 			page 8


 147:Src/stm32f4xx_hal_msp.c ****   /* USER CODE END ADC1_MspDeInit 0 */
 148:Src/stm32f4xx_hal_msp.c ****     /* Peripheral clock disable */
 149:Src/stm32f4xx_hal_msp.c ****     __HAL_RCC_ADC1_CLK_DISABLE();
 240              		.loc 1 149 0
 241 000e 094A     		ldr	r2, .L20+4
 242 0010 536C     		ldr	r3, [r2, #68]
 243 0012 23F48073 		bic	r3, r3, #256
 244 0016 5364     		str	r3, [r2, #68]
 150:Src/stm32f4xx_hal_msp.c ****   
 151:Src/stm32f4xx_hal_msp.c ****     /**ADC1 GPIO Configuration    
 152:Src/stm32f4xx_hal_msp.c ****     PA0-WKUP     ------> ADC1_IN0
 153:Src/stm32f4xx_hal_msp.c ****     PA1     ------> ADC1_IN1
 154:Src/stm32f4xx_hal_msp.c ****     PA4     ------> ADC1_IN4 
 155:Src/stm32f4xx_hal_msp.c ****     */
 156:Src/stm32f4xx_hal_msp.c ****     HAL_GPIO_DeInit(GPIOA, GPIO_PIN_0|GPIO_PIN_1|GPIO_PIN_4);
 245              		.loc 1 156 0
 246 0018 1321     		movs	r1, #19
 247 001a 0748     		ldr	r0, .L20+8
 248              	.LVL8:
 249 001c FFF7FEFF 		bl	HAL_GPIO_DeInit
 250              	.LVL9:
 157:Src/stm32f4xx_hal_msp.c **** 
 158:Src/stm32f4xx_hal_msp.c ****     /* ADC1 DMA DeInit */
 159:Src/stm32f4xx_hal_msp.c ****     HAL_DMA_DeInit(hadc->DMA_Handle);
 251              		.loc 1 159 0
 252 0020 A06B     		ldr	r0, [r4, #56]
 253 0022 FFF7FEFF 		bl	HAL_DMA_DeInit
 254              	.LVL10:
 160:Src/stm32f4xx_hal_msp.c **** 
 161:Src/stm32f4xx_hal_msp.c ****     /* ADC1 interrupt DeInit */
 162:Src/stm32f4xx_hal_msp.c ****     HAL_NVIC_DisableIRQ(ADC_IRQn);
 255              		.loc 1 162 0
 256 0026 1220     		movs	r0, #18
 257 0028 FFF7FEFF 		bl	HAL_NVIC_DisableIRQ
 258              	.LVL11:
 259 002c 10BD     		pop	{r4, pc}
 260              	.LVL12:
 261              	.L21:
 262 002e 00BF     		.align	2
 263              	.L20:
 264 0030 00200140 		.word	1073815552
 265 0034 00380240 		.word	1073887232
 266 0038 00000240 		.word	1073872896
 267              		.cfi_endproc
 268              	.LFE132:
 270              		.section	.text.HAL_CAN_MspInit,"ax",%progbits
 271              		.align	1
 272              		.global	HAL_CAN_MspInit
 273              		.syntax unified
 274              		.thumb
 275              		.thumb_func
 276              		.fpu fpv4-sp-d16
 278              	HAL_CAN_MspInit:
 279              	.LFB133:
 163:Src/stm32f4xx_hal_msp.c ****   /* USER CODE BEGIN ADC1_MspDeInit 1 */
 164:Src/stm32f4xx_hal_msp.c **** 
 165:Src/stm32f4xx_hal_msp.c ****   /* USER CODE END ADC1_MspDeInit 1 */
ARM GAS  /tmp/ccyLD871.s 			page 9


 166:Src/stm32f4xx_hal_msp.c ****   }
 167:Src/stm32f4xx_hal_msp.c **** 
 168:Src/stm32f4xx_hal_msp.c **** }
 169:Src/stm32f4xx_hal_msp.c **** 
 170:Src/stm32f4xx_hal_msp.c **** /**
 171:Src/stm32f4xx_hal_msp.c **** * @brief CAN MSP Initialization
 172:Src/stm32f4xx_hal_msp.c **** * This function configures the hardware resources used in this example
 173:Src/stm32f4xx_hal_msp.c **** * @param hcan: CAN handle pointer
 174:Src/stm32f4xx_hal_msp.c **** * @retval None
 175:Src/stm32f4xx_hal_msp.c **** */
 176:Src/stm32f4xx_hal_msp.c **** void HAL_CAN_MspInit(CAN_HandleTypeDef* hcan)
 177:Src/stm32f4xx_hal_msp.c **** {
 280              		.loc 1 177 0
 281              		.cfi_startproc
 282              		@ args = 0, pretend = 0, frame = 32
 283              		@ frame_needed = 0, uses_anonymous_args = 0
 284              	.LVL13:
 285 0000 2DE9F041 		push	{r4, r5, r6, r7, r8, lr}
 286              	.LCFI7:
 287              		.cfi_def_cfa_offset 24
 288              		.cfi_offset 4, -24
 289              		.cfi_offset 5, -20
 290              		.cfi_offset 6, -16
 291              		.cfi_offset 7, -12
 292              		.cfi_offset 8, -8
 293              		.cfi_offset 14, -4
 294 0004 88B0     		sub	sp, sp, #32
 295              	.LCFI8:
 296              		.cfi_def_cfa_offset 56
 178:Src/stm32f4xx_hal_msp.c ****   GPIO_InitTypeDef GPIO_InitStruct = {0};
 297              		.loc 1 178 0
 298 0006 0023     		movs	r3, #0
 299 0008 0393     		str	r3, [sp, #12]
 300 000a 0493     		str	r3, [sp, #16]
 301 000c 0593     		str	r3, [sp, #20]
 302 000e 0693     		str	r3, [sp, #24]
 303 0010 0793     		str	r3, [sp, #28]
 179:Src/stm32f4xx_hal_msp.c ****   if(hcan->Instance==CAN1)
 304              		.loc 1 179 0
 305 0012 0268     		ldr	r2, [r0]
 306 0014 1D4B     		ldr	r3, .L26
 307 0016 9A42     		cmp	r2, r3
 308 0018 02D0     		beq	.L25
 309              	.LVL14:
 310              	.L22:
 180:Src/stm32f4xx_hal_msp.c ****   {
 181:Src/stm32f4xx_hal_msp.c ****   /* USER CODE BEGIN CAN1_MspInit 0 */
 182:Src/stm32f4xx_hal_msp.c **** 
 183:Src/stm32f4xx_hal_msp.c ****   /* USER CODE END CAN1_MspInit 0 */
 184:Src/stm32f4xx_hal_msp.c ****     /* Peripheral clock enable */
 185:Src/stm32f4xx_hal_msp.c ****     __HAL_RCC_CAN1_CLK_ENABLE();
 186:Src/stm32f4xx_hal_msp.c ****   
 187:Src/stm32f4xx_hal_msp.c ****     __HAL_RCC_GPIOA_CLK_ENABLE();
 188:Src/stm32f4xx_hal_msp.c ****     /**CAN1 GPIO Configuration    
 189:Src/stm32f4xx_hal_msp.c ****     PA11     ------> CAN1_RX
 190:Src/stm32f4xx_hal_msp.c ****     PA12     ------> CAN1_TX 
 191:Src/stm32f4xx_hal_msp.c ****     */
ARM GAS  /tmp/ccyLD871.s 			page 10


 192:Src/stm32f4xx_hal_msp.c ****     GPIO_InitStruct.Pin = GPIO_PIN_11;
 193:Src/stm32f4xx_hal_msp.c ****     GPIO_InitStruct.Mode = GPIO_MODE_AF_PP;
 194:Src/stm32f4xx_hal_msp.c ****     GPIO_InitStruct.Pull = GPIO_PULLUP;
 195:Src/stm32f4xx_hal_msp.c ****     GPIO_InitStruct.Speed = GPIO_SPEED_FREQ_VERY_HIGH;
 196:Src/stm32f4xx_hal_msp.c ****     GPIO_InitStruct.Alternate = GPIO_AF9_CAN1;
 197:Src/stm32f4xx_hal_msp.c ****     HAL_GPIO_Init(GPIOA, &GPIO_InitStruct);
 198:Src/stm32f4xx_hal_msp.c **** 
 199:Src/stm32f4xx_hal_msp.c ****     GPIO_InitStruct.Pin = GPIO_PIN_12;
 200:Src/stm32f4xx_hal_msp.c ****     GPIO_InitStruct.Mode = GPIO_MODE_AF_PP;
 201:Src/stm32f4xx_hal_msp.c ****     GPIO_InitStruct.Pull = GPIO_NOPULL;
 202:Src/stm32f4xx_hal_msp.c ****     GPIO_InitStruct.Speed = GPIO_SPEED_FREQ_VERY_HIGH;
 203:Src/stm32f4xx_hal_msp.c ****     GPIO_InitStruct.Alternate = GPIO_AF9_CAN1;
 204:Src/stm32f4xx_hal_msp.c ****     HAL_GPIO_Init(GPIOA, &GPIO_InitStruct);
 205:Src/stm32f4xx_hal_msp.c **** 
 206:Src/stm32f4xx_hal_msp.c ****   /* USER CODE BEGIN CAN1_MspInit 1 */
 207:Src/stm32f4xx_hal_msp.c **** 
 208:Src/stm32f4xx_hal_msp.c ****   /* USER CODE END CAN1_MspInit 1 */
 209:Src/stm32f4xx_hal_msp.c ****   }
 210:Src/stm32f4xx_hal_msp.c **** 
 211:Src/stm32f4xx_hal_msp.c **** }
 311              		.loc 1 211 0
 312 001a 08B0     		add	sp, sp, #32
 313              	.LCFI9:
 314              		.cfi_remember_state
 315              		.cfi_def_cfa_offset 24
 316              		@ sp needed
 317 001c BDE8F081 		pop	{r4, r5, r6, r7, r8, pc}
 318              	.LVL15:
 319              	.L25:
 320              	.LCFI10:
 321              		.cfi_restore_state
 322              	.LBB6:
 185:Src/stm32f4xx_hal_msp.c ****   
 323              		.loc 1 185 0
 324 0020 0024     		movs	r4, #0
 325 0022 0194     		str	r4, [sp, #4]
 326 0024 03F5EA33 		add	r3, r3, #119808
 327 0028 1A6C     		ldr	r2, [r3, #64]
 328 002a 42F00072 		orr	r2, r2, #33554432
 329 002e 1A64     		str	r2, [r3, #64]
 330 0030 1A6C     		ldr	r2, [r3, #64]
 331 0032 02F00072 		and	r2, r2, #33554432
 332 0036 0192     		str	r2, [sp, #4]
 333 0038 019A     		ldr	r2, [sp, #4]
 334              	.LBE6:
 335              	.LBB7:
 187:Src/stm32f4xx_hal_msp.c ****     /**CAN1 GPIO Configuration    
 336              		.loc 1 187 0
 337 003a 0294     		str	r4, [sp, #8]
 338 003c 1A6B     		ldr	r2, [r3, #48]
 339 003e 42F00102 		orr	r2, r2, #1
 340 0042 1A63     		str	r2, [r3, #48]
 341 0044 1B6B     		ldr	r3, [r3, #48]
 342 0046 03F00103 		and	r3, r3, #1
 343 004a 0293     		str	r3, [sp, #8]
 344 004c 029B     		ldr	r3, [sp, #8]
 345              	.LBE7:
ARM GAS  /tmp/ccyLD871.s 			page 11


 192:Src/stm32f4xx_hal_msp.c ****     GPIO_InitStruct.Mode = GPIO_MODE_AF_PP;
 346              		.loc 1 192 0
 347 004e 4FF40063 		mov	r3, #2048
 348 0052 0393     		str	r3, [sp, #12]
 193:Src/stm32f4xx_hal_msp.c ****     GPIO_InitStruct.Pull = GPIO_PULLUP;
 349              		.loc 1 193 0
 350 0054 4FF00208 		mov	r8, #2
 351 0058 CDF81080 		str	r8, [sp, #16]
 194:Src/stm32f4xx_hal_msp.c ****     GPIO_InitStruct.Speed = GPIO_SPEED_FREQ_VERY_HIGH;
 352              		.loc 1 194 0
 353 005c 0123     		movs	r3, #1
 354 005e 0593     		str	r3, [sp, #20]
 195:Src/stm32f4xx_hal_msp.c ****     GPIO_InitStruct.Alternate = GPIO_AF9_CAN1;
 355              		.loc 1 195 0
 356 0060 0327     		movs	r7, #3
 357 0062 0697     		str	r7, [sp, #24]
 196:Src/stm32f4xx_hal_msp.c ****     HAL_GPIO_Init(GPIOA, &GPIO_InitStruct);
 358              		.loc 1 196 0
 359 0064 0926     		movs	r6, #9
 360 0066 0796     		str	r6, [sp, #28]
 197:Src/stm32f4xx_hal_msp.c **** 
 361              		.loc 1 197 0
 362 0068 094D     		ldr	r5, .L26+4
 363 006a 03A9     		add	r1, sp, #12
 364 006c 2846     		mov	r0, r5
 365              	.LVL16:
 366 006e FFF7FEFF 		bl	HAL_GPIO_Init
 367              	.LVL17:
 199:Src/stm32f4xx_hal_msp.c ****     GPIO_InitStruct.Mode = GPIO_MODE_AF_PP;
 368              		.loc 1 199 0
 369 0072 4FF48053 		mov	r3, #4096
 370 0076 0393     		str	r3, [sp, #12]
 200:Src/stm32f4xx_hal_msp.c ****     GPIO_InitStruct.Pull = GPIO_NOPULL;
 371              		.loc 1 200 0
 372 0078 CDF81080 		str	r8, [sp, #16]
 201:Src/stm32f4xx_hal_msp.c ****     GPIO_InitStruct.Speed = GPIO_SPEED_FREQ_VERY_HIGH;
 373              		.loc 1 201 0
 374 007c 0594     		str	r4, [sp, #20]
 202:Src/stm32f4xx_hal_msp.c ****     GPIO_InitStruct.Alternate = GPIO_AF9_CAN1;
 375              		.loc 1 202 0
 376 007e 0697     		str	r7, [sp, #24]
 203:Src/stm32f4xx_hal_msp.c ****     HAL_GPIO_Init(GPIOA, &GPIO_InitStruct);
 377              		.loc 1 203 0
 378 0080 0796     		str	r6, [sp, #28]
 204:Src/stm32f4xx_hal_msp.c **** 
 379              		.loc 1 204 0
 380 0082 03A9     		add	r1, sp, #12
 381 0084 2846     		mov	r0, r5
 382 0086 FFF7FEFF 		bl	HAL_GPIO_Init
 383              	.LVL18:
 384              		.loc 1 211 0
 385 008a C6E7     		b	.L22
 386              	.L27:
 387              		.align	2
 388              	.L26:
 389 008c 00640040 		.word	1073767424
 390 0090 00000240 		.word	1073872896
ARM GAS  /tmp/ccyLD871.s 			page 12


 391              		.cfi_endproc
 392              	.LFE133:
 394              		.section	.text.HAL_CAN_MspDeInit,"ax",%progbits
 395              		.align	1
 396              		.global	HAL_CAN_MspDeInit
 397              		.syntax unified
 398              		.thumb
 399              		.thumb_func
 400              		.fpu fpv4-sp-d16
 402              	HAL_CAN_MspDeInit:
 403              	.LFB134:
 212:Src/stm32f4xx_hal_msp.c **** 
 213:Src/stm32f4xx_hal_msp.c **** /**
 214:Src/stm32f4xx_hal_msp.c **** * @brief CAN MSP De-Initialization
 215:Src/stm32f4xx_hal_msp.c **** * This function freeze the hardware resources used in this example
 216:Src/stm32f4xx_hal_msp.c **** * @param hcan: CAN handle pointer
 217:Src/stm32f4xx_hal_msp.c **** * @retval None
 218:Src/stm32f4xx_hal_msp.c **** */
 219:Src/stm32f4xx_hal_msp.c **** void HAL_CAN_MspDeInit(CAN_HandleTypeDef* hcan)
 220:Src/stm32f4xx_hal_msp.c **** {
 404              		.loc 1 220 0
 405              		.cfi_startproc
 406              		@ args = 0, pretend = 0, frame = 0
 407              		@ frame_needed = 0, uses_anonymous_args = 0
 408              	.LVL19:
 409 0000 08B5     		push	{r3, lr}
 410              	.LCFI11:
 411              		.cfi_def_cfa_offset 8
 412              		.cfi_offset 3, -8
 413              		.cfi_offset 14, -4
 221:Src/stm32f4xx_hal_msp.c ****   if(hcan->Instance==CAN1)
 414              		.loc 1 221 0
 415 0002 0268     		ldr	r2, [r0]
 416 0004 0D4B     		ldr	r3, .L32
 417 0006 9A42     		cmp	r2, r3
 418 0008 00D0     		beq	.L31
 419              	.LVL20:
 420              	.L28:
 421 000a 08BD     		pop	{r3, pc}
 422              	.LVL21:
 423              	.L31:
 222:Src/stm32f4xx_hal_msp.c ****   {
 223:Src/stm32f4xx_hal_msp.c ****   /* USER CODE BEGIN CAN1_MspDeInit 0 */
 224:Src/stm32f4xx_hal_msp.c **** 
 225:Src/stm32f4xx_hal_msp.c ****   /* USER CODE END CAN1_MspDeInit 0 */
 226:Src/stm32f4xx_hal_msp.c ****     /* Peripheral clock disable */
 227:Src/stm32f4xx_hal_msp.c ****     __HAL_RCC_CAN1_CLK_DISABLE();
 424              		.loc 1 227 0
 425 000c 0C4A     		ldr	r2, .L32+4
 426 000e 136C     		ldr	r3, [r2, #64]
 427 0010 23F00073 		bic	r3, r3, #33554432
 428 0014 1364     		str	r3, [r2, #64]
 228:Src/stm32f4xx_hal_msp.c ****   
 229:Src/stm32f4xx_hal_msp.c ****     /**CAN1 GPIO Configuration    
 230:Src/stm32f4xx_hal_msp.c ****     PA11     ------> CAN1_RX
 231:Src/stm32f4xx_hal_msp.c ****     PA12     ------> CAN1_TX 
 232:Src/stm32f4xx_hal_msp.c ****     */
ARM GAS  /tmp/ccyLD871.s 			page 13


 233:Src/stm32f4xx_hal_msp.c ****     HAL_GPIO_DeInit(GPIOA, GPIO_PIN_11|GPIO_PIN_12);
 429              		.loc 1 233 0
 430 0016 4FF4C051 		mov	r1, #6144
 431 001a 0A48     		ldr	r0, .L32+8
 432              	.LVL22:
 433 001c FFF7FEFF 		bl	HAL_GPIO_DeInit
 434              	.LVL23:
 234:Src/stm32f4xx_hal_msp.c **** 
 235:Src/stm32f4xx_hal_msp.c ****     /* CAN1 interrupt DeInit */
 236:Src/stm32f4xx_hal_msp.c ****     HAL_NVIC_DisableIRQ(CAN1_TX_IRQn);
 435              		.loc 1 236 0
 436 0020 1320     		movs	r0, #19
 437 0022 FFF7FEFF 		bl	HAL_NVIC_DisableIRQ
 438              	.LVL24:
 237:Src/stm32f4xx_hal_msp.c ****     HAL_NVIC_DisableIRQ(CAN1_RX0_IRQn);
 439              		.loc 1 237 0
 440 0026 1420     		movs	r0, #20
 441 0028 FFF7FEFF 		bl	HAL_NVIC_DisableIRQ
 442              	.LVL25:
 238:Src/stm32f4xx_hal_msp.c ****     HAL_NVIC_DisableIRQ(CAN1_RX1_IRQn);
 443              		.loc 1 238 0
 444 002c 1520     		movs	r0, #21
 445 002e FFF7FEFF 		bl	HAL_NVIC_DisableIRQ
 446              	.LVL26:
 239:Src/stm32f4xx_hal_msp.c ****     HAL_NVIC_DisableIRQ(CAN1_SCE_IRQn);
 447              		.loc 1 239 0
 448 0032 1620     		movs	r0, #22
 449 0034 FFF7FEFF 		bl	HAL_NVIC_DisableIRQ
 450              	.LVL27:
 240:Src/stm32f4xx_hal_msp.c ****   /* USER CODE BEGIN CAN1_MspDeInit 1 */
 241:Src/stm32f4xx_hal_msp.c **** 
 242:Src/stm32f4xx_hal_msp.c ****   /* USER CODE END CAN1_MspDeInit 1 */
 243:Src/stm32f4xx_hal_msp.c ****   }
 244:Src/stm32f4xx_hal_msp.c **** 
 245:Src/stm32f4xx_hal_msp.c **** }
 451              		.loc 1 245 0
 452 0038 E7E7     		b	.L28
 453              	.L33:
 454 003a 00BF     		.align	2
 455              	.L32:
 456 003c 00640040 		.word	1073767424
 457 0040 00380240 		.word	1073887232
 458 0044 00000240 		.word	1073872896
 459              		.cfi_endproc
 460              	.LFE134:
 462              		.section	.text.HAL_TIM_Base_MspInit,"ax",%progbits
 463              		.align	1
 464              		.global	HAL_TIM_Base_MspInit
 465              		.syntax unified
 466              		.thumb
 467              		.thumb_func
 468              		.fpu fpv4-sp-d16
 470              	HAL_TIM_Base_MspInit:
 471              	.LFB135:
 246:Src/stm32f4xx_hal_msp.c **** 
 247:Src/stm32f4xx_hal_msp.c **** /**
 248:Src/stm32f4xx_hal_msp.c **** * @brief TIM_Base MSP Initialization
ARM GAS  /tmp/ccyLD871.s 			page 14


 249:Src/stm32f4xx_hal_msp.c **** * This function configures the hardware resources used in this example
 250:Src/stm32f4xx_hal_msp.c **** * @param htim_base: TIM_Base handle pointer
 251:Src/stm32f4xx_hal_msp.c **** * @retval None
 252:Src/stm32f4xx_hal_msp.c **** */
 253:Src/stm32f4xx_hal_msp.c **** void HAL_TIM_Base_MspInit(TIM_HandleTypeDef* htim_base)
 254:Src/stm32f4xx_hal_msp.c **** {
 472              		.loc 1 254 0
 473              		.cfi_startproc
 474              		@ args = 0, pretend = 0, frame = 16
 475              		@ frame_needed = 0, uses_anonymous_args = 0
 476              		@ link register save eliminated.
 477              	.LVL28:
 478 0000 84B0     		sub	sp, sp, #16
 479              	.LCFI12:
 480              		.cfi_def_cfa_offset 16
 255:Src/stm32f4xx_hal_msp.c ****   if(htim_base->Instance==TIM2)
 481              		.loc 1 255 0
 482 0002 0368     		ldr	r3, [r0]
 483 0004 B3F1804F 		cmp	r3, #1073741824
 484 0008 0AD0     		beq	.L40
 256:Src/stm32f4xx_hal_msp.c ****   {
 257:Src/stm32f4xx_hal_msp.c ****   /* USER CODE BEGIN TIM2_MspInit 0 */
 258:Src/stm32f4xx_hal_msp.c **** 
 259:Src/stm32f4xx_hal_msp.c ****   /* USER CODE END TIM2_MspInit 0 */
 260:Src/stm32f4xx_hal_msp.c ****     /* Peripheral clock enable */
 261:Src/stm32f4xx_hal_msp.c ****     __HAL_RCC_TIM2_CLK_ENABLE();
 262:Src/stm32f4xx_hal_msp.c ****   /* USER CODE BEGIN TIM2_MspInit 1 */
 263:Src/stm32f4xx_hal_msp.c **** 
 264:Src/stm32f4xx_hal_msp.c ****   /* USER CODE END TIM2_MspInit 1 */
 265:Src/stm32f4xx_hal_msp.c ****   }
 266:Src/stm32f4xx_hal_msp.c ****   else if(htim_base->Instance==TIM3)
 485              		.loc 1 266 0
 486 000a 1F4A     		ldr	r2, .L44
 487 000c 9342     		cmp	r3, r2
 488 000e 14D0     		beq	.L41
 267:Src/stm32f4xx_hal_msp.c ****   {
 268:Src/stm32f4xx_hal_msp.c ****   /* USER CODE BEGIN TIM3_MspInit 0 */
 269:Src/stm32f4xx_hal_msp.c **** 
 270:Src/stm32f4xx_hal_msp.c ****   /* USER CODE END TIM3_MspInit 0 */
 271:Src/stm32f4xx_hal_msp.c ****     /* Peripheral clock enable */
 272:Src/stm32f4xx_hal_msp.c ****     __HAL_RCC_TIM3_CLK_ENABLE();
 273:Src/stm32f4xx_hal_msp.c ****   /* USER CODE BEGIN TIM3_MspInit 1 */
 274:Src/stm32f4xx_hal_msp.c **** 
 275:Src/stm32f4xx_hal_msp.c ****   /* USER CODE END TIM3_MspInit 1 */
 276:Src/stm32f4xx_hal_msp.c ****   }
 277:Src/stm32f4xx_hal_msp.c ****   else if(htim_base->Instance==TIM4)
 489              		.loc 1 277 0
 490 0010 1E4A     		ldr	r2, .L44+4
 491 0012 9342     		cmp	r3, r2
 492 0014 1ED0     		beq	.L42
 278:Src/stm32f4xx_hal_msp.c ****   {
 279:Src/stm32f4xx_hal_msp.c ****   /* USER CODE BEGIN TIM4_MspInit 0 */
 280:Src/stm32f4xx_hal_msp.c **** 
 281:Src/stm32f4xx_hal_msp.c ****   /* USER CODE END TIM4_MspInit 0 */
 282:Src/stm32f4xx_hal_msp.c ****     /* Peripheral clock enable */
 283:Src/stm32f4xx_hal_msp.c ****     __HAL_RCC_TIM4_CLK_ENABLE();
 284:Src/stm32f4xx_hal_msp.c ****   /* USER CODE BEGIN TIM4_MspInit 1 */
ARM GAS  /tmp/ccyLD871.s 			page 15


 285:Src/stm32f4xx_hal_msp.c **** 
 286:Src/stm32f4xx_hal_msp.c ****   /* USER CODE END TIM4_MspInit 1 */
 287:Src/stm32f4xx_hal_msp.c ****   }
 288:Src/stm32f4xx_hal_msp.c ****   else if(htim_base->Instance==TIM7)
 493              		.loc 1 288 0
 494 0016 1E4A     		ldr	r2, .L44+8
 495 0018 9342     		cmp	r3, r2
 496 001a 28D0     		beq	.L43
 497              	.L34:
 289:Src/stm32f4xx_hal_msp.c ****   {
 290:Src/stm32f4xx_hal_msp.c ****   /* USER CODE BEGIN TIM7_MspInit 0 */
 291:Src/stm32f4xx_hal_msp.c **** 
 292:Src/stm32f4xx_hal_msp.c ****   /* USER CODE END TIM7_MspInit 0 */
 293:Src/stm32f4xx_hal_msp.c ****     /* Peripheral clock enable */
 294:Src/stm32f4xx_hal_msp.c ****     __HAL_RCC_TIM7_CLK_ENABLE();
 295:Src/stm32f4xx_hal_msp.c ****   /* USER CODE BEGIN TIM7_MspInit 1 */
 296:Src/stm32f4xx_hal_msp.c **** 
 297:Src/stm32f4xx_hal_msp.c ****   /* USER CODE END TIM7_MspInit 1 */
 298:Src/stm32f4xx_hal_msp.c ****   }
 299:Src/stm32f4xx_hal_msp.c **** 
 300:Src/stm32f4xx_hal_msp.c **** }
 498              		.loc 1 300 0
 499 001c 04B0     		add	sp, sp, #16
 500              	.LCFI13:
 501              		.cfi_remember_state
 502              		.cfi_def_cfa_offset 0
 503              		@ sp needed
 504 001e 7047     		bx	lr
 505              	.L40:
 506              	.LCFI14:
 507              		.cfi_restore_state
 508              	.LBB8:
 261:Src/stm32f4xx_hal_msp.c ****   /* USER CODE BEGIN TIM2_MspInit 1 */
 509              		.loc 1 261 0
 510 0020 0023     		movs	r3, #0
 511 0022 0093     		str	r3, [sp]
 512 0024 1B4B     		ldr	r3, .L44+12
 513 0026 1A6C     		ldr	r2, [r3, #64]
 514 0028 42F00102 		orr	r2, r2, #1
 515 002c 1A64     		str	r2, [r3, #64]
 516 002e 1B6C     		ldr	r3, [r3, #64]
 517 0030 03F00103 		and	r3, r3, #1
 518 0034 0093     		str	r3, [sp]
 519 0036 009B     		ldr	r3, [sp]
 520              	.LBE8:
 521 0038 F0E7     		b	.L34
 522              	.L41:
 523              	.LBB9:
 272:Src/stm32f4xx_hal_msp.c ****   /* USER CODE BEGIN TIM3_MspInit 1 */
 524              		.loc 1 272 0
 525 003a 0023     		movs	r3, #0
 526 003c 0193     		str	r3, [sp, #4]
 527 003e 154B     		ldr	r3, .L44+12
 528 0040 1A6C     		ldr	r2, [r3, #64]
 529 0042 42F00202 		orr	r2, r2, #2
 530 0046 1A64     		str	r2, [r3, #64]
 531 0048 1B6C     		ldr	r3, [r3, #64]
ARM GAS  /tmp/ccyLD871.s 			page 16


 532 004a 03F00203 		and	r3, r3, #2
 533 004e 0193     		str	r3, [sp, #4]
 534 0050 019B     		ldr	r3, [sp, #4]
 535              	.LBE9:
 536 0052 E3E7     		b	.L34
 537              	.L42:
 538              	.LBB10:
 283:Src/stm32f4xx_hal_msp.c ****   /* USER CODE BEGIN TIM4_MspInit 1 */
 539              		.loc 1 283 0
 540 0054 0023     		movs	r3, #0
 541 0056 0293     		str	r3, [sp, #8]
 542 0058 0E4B     		ldr	r3, .L44+12
 543 005a 1A6C     		ldr	r2, [r3, #64]
 544 005c 42F00402 		orr	r2, r2, #4
 545 0060 1A64     		str	r2, [r3, #64]
 546 0062 1B6C     		ldr	r3, [r3, #64]
 547 0064 03F00403 		and	r3, r3, #4
 548 0068 0293     		str	r3, [sp, #8]
 549 006a 029B     		ldr	r3, [sp, #8]
 550              	.LBE10:
 551 006c D6E7     		b	.L34
 552              	.L43:
 553              	.LBB11:
 294:Src/stm32f4xx_hal_msp.c ****   /* USER CODE BEGIN TIM7_MspInit 1 */
 554              		.loc 1 294 0
 555 006e 0023     		movs	r3, #0
 556 0070 0393     		str	r3, [sp, #12]
 557 0072 084B     		ldr	r3, .L44+12
 558 0074 1A6C     		ldr	r2, [r3, #64]
 559 0076 42F02002 		orr	r2, r2, #32
 560 007a 1A64     		str	r2, [r3, #64]
 561 007c 1B6C     		ldr	r3, [r3, #64]
 562 007e 03F02003 		and	r3, r3, #32
 563 0082 0393     		str	r3, [sp, #12]
 564 0084 039B     		ldr	r3, [sp, #12]
 565              	.LBE11:
 566              		.loc 1 300 0
 567 0086 C9E7     		b	.L34
 568              	.L45:
 569              		.align	2
 570              	.L44:
 571 0088 00040040 		.word	1073742848
 572 008c 00080040 		.word	1073743872
 573 0090 00140040 		.word	1073746944
 574 0094 00380240 		.word	1073887232
 575              		.cfi_endproc
 576              	.LFE135:
 578              		.section	.text.HAL_TIM_Base_MspDeInit,"ax",%progbits
 579              		.align	1
 580              		.global	HAL_TIM_Base_MspDeInit
 581              		.syntax unified
 582              		.thumb
 583              		.thumb_func
 584              		.fpu fpv4-sp-d16
 586              	HAL_TIM_Base_MspDeInit:
 587              	.LFB136:
 301:Src/stm32f4xx_hal_msp.c **** 
ARM GAS  /tmp/ccyLD871.s 			page 17


 302:Src/stm32f4xx_hal_msp.c **** /**
 303:Src/stm32f4xx_hal_msp.c **** * @brief TIM_Base MSP De-Initialization
 304:Src/stm32f4xx_hal_msp.c **** * This function freeze the hardware resources used in this example
 305:Src/stm32f4xx_hal_msp.c **** * @param htim_base: TIM_Base handle pointer
 306:Src/stm32f4xx_hal_msp.c **** * @retval None
 307:Src/stm32f4xx_hal_msp.c **** */
 308:Src/stm32f4xx_hal_msp.c **** void HAL_TIM_Base_MspDeInit(TIM_HandleTypeDef* htim_base)
 309:Src/stm32f4xx_hal_msp.c **** {
 588              		.loc 1 309 0
 589              		.cfi_startproc
 590              		@ args = 0, pretend = 0, frame = 0
 591              		@ frame_needed = 0, uses_anonymous_args = 0
 592              	.LVL29:
 593 0000 08B5     		push	{r3, lr}
 594              	.LCFI15:
 595              		.cfi_def_cfa_offset 8
 596              		.cfi_offset 3, -8
 597              		.cfi_offset 14, -4
 310:Src/stm32f4xx_hal_msp.c ****   if(htim_base->Instance==TIM2)
 598              		.loc 1 310 0
 599 0002 0368     		ldr	r3, [r0]
 600 0004 B3F1804F 		cmp	r3, #1073741824
 601 0008 09D0     		beq	.L52
 311:Src/stm32f4xx_hal_msp.c ****   {
 312:Src/stm32f4xx_hal_msp.c ****   /* USER CODE BEGIN TIM2_MspDeInit 0 */
 313:Src/stm32f4xx_hal_msp.c **** 
 314:Src/stm32f4xx_hal_msp.c ****   /* USER CODE END TIM2_MspDeInit 0 */
 315:Src/stm32f4xx_hal_msp.c ****     /* Peripheral clock disable */
 316:Src/stm32f4xx_hal_msp.c ****     __HAL_RCC_TIM2_CLK_DISABLE();
 317:Src/stm32f4xx_hal_msp.c **** 
 318:Src/stm32f4xx_hal_msp.c ****     /* TIM2 interrupt DeInit */
 319:Src/stm32f4xx_hal_msp.c ****     HAL_NVIC_DisableIRQ(TIM2_IRQn);
 320:Src/stm32f4xx_hal_msp.c ****   /* USER CODE BEGIN TIM2_MspDeInit 1 */
 321:Src/stm32f4xx_hal_msp.c **** 
 322:Src/stm32f4xx_hal_msp.c ****   /* USER CODE END TIM2_MspDeInit 1 */
 323:Src/stm32f4xx_hal_msp.c ****   }
 324:Src/stm32f4xx_hal_msp.c ****   else if(htim_base->Instance==TIM3)
 602              		.loc 1 324 0
 603 000a 174A     		ldr	r2, .L56
 604 000c 9342     		cmp	r3, r2
 605 000e 0FD0     		beq	.L53
 325:Src/stm32f4xx_hal_msp.c ****   {
 326:Src/stm32f4xx_hal_msp.c ****   /* USER CODE BEGIN TIM3_MspDeInit 0 */
 327:Src/stm32f4xx_hal_msp.c **** 
 328:Src/stm32f4xx_hal_msp.c ****   /* USER CODE END TIM3_MspDeInit 0 */
 329:Src/stm32f4xx_hal_msp.c ****     /* Peripheral clock disable */
 330:Src/stm32f4xx_hal_msp.c ****     __HAL_RCC_TIM3_CLK_DISABLE();
 331:Src/stm32f4xx_hal_msp.c **** 
 332:Src/stm32f4xx_hal_msp.c ****     /* TIM3 interrupt DeInit */
 333:Src/stm32f4xx_hal_msp.c ****     HAL_NVIC_DisableIRQ(TIM3_IRQn);
 334:Src/stm32f4xx_hal_msp.c ****   /* USER CODE BEGIN TIM3_MspDeInit 1 */
 335:Src/stm32f4xx_hal_msp.c **** 
 336:Src/stm32f4xx_hal_msp.c ****   /* USER CODE END TIM3_MspDeInit 1 */
 337:Src/stm32f4xx_hal_msp.c ****   }
 338:Src/stm32f4xx_hal_msp.c ****   else if(htim_base->Instance==TIM4)
 606              		.loc 1 338 0
 607 0010 164A     		ldr	r2, .L56+4
ARM GAS  /tmp/ccyLD871.s 			page 18


 608 0012 9342     		cmp	r3, r2
 609 0014 16D0     		beq	.L54
 339:Src/stm32f4xx_hal_msp.c ****   {
 340:Src/stm32f4xx_hal_msp.c ****   /* USER CODE BEGIN TIM4_MspDeInit 0 */
 341:Src/stm32f4xx_hal_msp.c **** 
 342:Src/stm32f4xx_hal_msp.c ****   /* USER CODE END TIM4_MspDeInit 0 */
 343:Src/stm32f4xx_hal_msp.c ****     /* Peripheral clock disable */
 344:Src/stm32f4xx_hal_msp.c ****     __HAL_RCC_TIM4_CLK_DISABLE();
 345:Src/stm32f4xx_hal_msp.c **** 
 346:Src/stm32f4xx_hal_msp.c ****     /* TIM4 interrupt DeInit */
 347:Src/stm32f4xx_hal_msp.c ****     HAL_NVIC_DisableIRQ(TIM4_IRQn);
 348:Src/stm32f4xx_hal_msp.c ****   /* USER CODE BEGIN TIM4_MspDeInit 1 */
 349:Src/stm32f4xx_hal_msp.c **** 
 350:Src/stm32f4xx_hal_msp.c ****   /* USER CODE END TIM4_MspDeInit 1 */
 351:Src/stm32f4xx_hal_msp.c ****   }
 352:Src/stm32f4xx_hal_msp.c ****   else if(htim_base->Instance==TIM7)
 610              		.loc 1 352 0
 611 0016 164A     		ldr	r2, .L56+8
 612 0018 9342     		cmp	r3, r2
 613 001a 1DD0     		beq	.L55
 614              	.L46:
 615 001c 08BD     		pop	{r3, pc}
 616              	.L52:
 316:Src/stm32f4xx_hal_msp.c **** 
 617              		.loc 1 316 0
 618 001e 154A     		ldr	r2, .L56+12
 619 0020 136C     		ldr	r3, [r2, #64]
 620 0022 23F00103 		bic	r3, r3, #1
 621 0026 1364     		str	r3, [r2, #64]
 319:Src/stm32f4xx_hal_msp.c ****   /* USER CODE BEGIN TIM2_MspDeInit 1 */
 622              		.loc 1 319 0
 623 0028 1C20     		movs	r0, #28
 624              	.LVL30:
 625 002a FFF7FEFF 		bl	HAL_NVIC_DisableIRQ
 626              	.LVL31:
 627 002e 08BD     		pop	{r3, pc}
 628              	.LVL32:
 629              	.L53:
 330:Src/stm32f4xx_hal_msp.c **** 
 630              		.loc 1 330 0
 631 0030 02F50D32 		add	r2, r2, #144384
 632 0034 136C     		ldr	r3, [r2, #64]
 633 0036 23F00203 		bic	r3, r3, #2
 634 003a 1364     		str	r3, [r2, #64]
 333:Src/stm32f4xx_hal_msp.c ****   /* USER CODE BEGIN TIM3_MspDeInit 1 */
 635              		.loc 1 333 0
 636 003c 1D20     		movs	r0, #29
 637              	.LVL33:
 638 003e FFF7FEFF 		bl	HAL_NVIC_DisableIRQ
 639              	.LVL34:
 640 0042 08BD     		pop	{r3, pc}
 641              	.LVL35:
 642              	.L54:
 344:Src/stm32f4xx_hal_msp.c **** 
 643              		.loc 1 344 0
 644 0044 02F50C32 		add	r2, r2, #143360
 645 0048 136C     		ldr	r3, [r2, #64]
ARM GAS  /tmp/ccyLD871.s 			page 19


 646 004a 23F00403 		bic	r3, r3, #4
 647 004e 1364     		str	r3, [r2, #64]
 347:Src/stm32f4xx_hal_msp.c ****   /* USER CODE BEGIN TIM4_MspDeInit 1 */
 648              		.loc 1 347 0
 649 0050 1E20     		movs	r0, #30
 650              	.LVL36:
 651 0052 FFF7FEFF 		bl	HAL_NVIC_DisableIRQ
 652              	.LVL37:
 653 0056 08BD     		pop	{r3, pc}
 654              	.LVL38:
 655              	.L55:
 353:Src/stm32f4xx_hal_msp.c ****   {
 354:Src/stm32f4xx_hal_msp.c ****   /* USER CODE BEGIN TIM7_MspDeInit 0 */
 355:Src/stm32f4xx_hal_msp.c **** 
 356:Src/stm32f4xx_hal_msp.c ****   /* USER CODE END TIM7_MspDeInit 0 */
 357:Src/stm32f4xx_hal_msp.c ****     /* Peripheral clock disable */
 358:Src/stm32f4xx_hal_msp.c ****     __HAL_RCC_TIM7_CLK_DISABLE();
 656              		.loc 1 358 0
 657 0058 02F50932 		add	r2, r2, #140288
 658 005c 136C     		ldr	r3, [r2, #64]
 659 005e 23F02003 		bic	r3, r3, #32
 660 0062 1364     		str	r3, [r2, #64]
 359:Src/stm32f4xx_hal_msp.c ****   /* USER CODE BEGIN TIM7_MspDeInit 1 */
 360:Src/stm32f4xx_hal_msp.c **** 
 361:Src/stm32f4xx_hal_msp.c ****   /* USER CODE END TIM7_MspDeInit 1 */
 362:Src/stm32f4xx_hal_msp.c ****   }
 363:Src/stm32f4xx_hal_msp.c **** 
 364:Src/stm32f4xx_hal_msp.c **** }
 661              		.loc 1 364 0
 662 0064 DAE7     		b	.L46
 663              	.L57:
 664 0066 00BF     		.align	2
 665              	.L56:
 666 0068 00040040 		.word	1073742848
 667 006c 00080040 		.word	1073743872
 668 0070 00140040 		.word	1073746944
 669 0074 00380240 		.word	1073887232
 670              		.cfi_endproc
 671              	.LFE136:
 673              		.section	.text.HAL_UART_MspInit,"ax",%progbits
 674              		.align	1
 675              		.global	HAL_UART_MspInit
 676              		.syntax unified
 677              		.thumb
 678              		.thumb_func
 679              		.fpu fpv4-sp-d16
 681              	HAL_UART_MspInit:
 682              	.LFB137:
 365:Src/stm32f4xx_hal_msp.c **** 
 366:Src/stm32f4xx_hal_msp.c **** /**
 367:Src/stm32f4xx_hal_msp.c **** * @brief UART MSP Initialization
 368:Src/stm32f4xx_hal_msp.c **** * This function configures the hardware resources used in this example
 369:Src/stm32f4xx_hal_msp.c **** * @param huart: UART handle pointer
 370:Src/stm32f4xx_hal_msp.c **** * @retval None
 371:Src/stm32f4xx_hal_msp.c **** */
 372:Src/stm32f4xx_hal_msp.c **** void HAL_UART_MspInit(UART_HandleTypeDef* huart)
 373:Src/stm32f4xx_hal_msp.c **** {
ARM GAS  /tmp/ccyLD871.s 			page 20


 683              		.loc 1 373 0
 684              		.cfi_startproc
 685              		@ args = 0, pretend = 0, frame = 32
 686              		@ frame_needed = 0, uses_anonymous_args = 0
 687              	.LVL39:
 688 0000 00B5     		push	{lr}
 689              	.LCFI16:
 690              		.cfi_def_cfa_offset 4
 691              		.cfi_offset 14, -4
 692 0002 89B0     		sub	sp, sp, #36
 693              	.LCFI17:
 694              		.cfi_def_cfa_offset 40
 374:Src/stm32f4xx_hal_msp.c ****   GPIO_InitTypeDef GPIO_InitStruct = {0};
 695              		.loc 1 374 0
 696 0004 0023     		movs	r3, #0
 697 0006 0393     		str	r3, [sp, #12]
 698 0008 0493     		str	r3, [sp, #16]
 699 000a 0593     		str	r3, [sp, #20]
 700 000c 0693     		str	r3, [sp, #24]
 701 000e 0793     		str	r3, [sp, #28]
 375:Src/stm32f4xx_hal_msp.c ****   if(huart->Instance==USART2)
 702              		.loc 1 375 0
 703 0010 0268     		ldr	r2, [r0]
 704 0012 164B     		ldr	r3, .L62
 705 0014 9A42     		cmp	r2, r3
 706 0016 02D0     		beq	.L61
 707              	.LVL40:
 708              	.L58:
 376:Src/stm32f4xx_hal_msp.c ****   {
 377:Src/stm32f4xx_hal_msp.c ****   /* USER CODE BEGIN USART2_MspInit 0 */
 378:Src/stm32f4xx_hal_msp.c **** 
 379:Src/stm32f4xx_hal_msp.c ****   /* USER CODE END USART2_MspInit 0 */
 380:Src/stm32f4xx_hal_msp.c ****     /* Peripheral clock enable */
 381:Src/stm32f4xx_hal_msp.c ****     __HAL_RCC_USART2_CLK_ENABLE();
 382:Src/stm32f4xx_hal_msp.c ****   
 383:Src/stm32f4xx_hal_msp.c ****     __HAL_RCC_GPIOA_CLK_ENABLE();
 384:Src/stm32f4xx_hal_msp.c ****     /**USART2 GPIO Configuration    
 385:Src/stm32f4xx_hal_msp.c ****     PA2     ------> USART2_TX
 386:Src/stm32f4xx_hal_msp.c ****     PA3     ------> USART2_RX 
 387:Src/stm32f4xx_hal_msp.c ****     */
 388:Src/stm32f4xx_hal_msp.c ****     GPIO_InitStruct.Pin = GPIO_PIN_2|GPIO_PIN_3;
 389:Src/stm32f4xx_hal_msp.c ****     GPIO_InitStruct.Mode = GPIO_MODE_AF_PP;
 390:Src/stm32f4xx_hal_msp.c ****     GPIO_InitStruct.Pull = GPIO_PULLUP;
 391:Src/stm32f4xx_hal_msp.c ****     GPIO_InitStruct.Speed = GPIO_SPEED_FREQ_VERY_HIGH;
 392:Src/stm32f4xx_hal_msp.c ****     GPIO_InitStruct.Alternate = GPIO_AF7_USART2;
 393:Src/stm32f4xx_hal_msp.c ****     HAL_GPIO_Init(GPIOA, &GPIO_InitStruct);
 394:Src/stm32f4xx_hal_msp.c **** 
 395:Src/stm32f4xx_hal_msp.c ****   /* USER CODE BEGIN USART2_MspInit 1 */
 396:Src/stm32f4xx_hal_msp.c **** 
 397:Src/stm32f4xx_hal_msp.c ****   /* USER CODE END USART2_MspInit 1 */
 398:Src/stm32f4xx_hal_msp.c ****   }
 399:Src/stm32f4xx_hal_msp.c **** 
 400:Src/stm32f4xx_hal_msp.c **** }
 709              		.loc 1 400 0
 710 0018 09B0     		add	sp, sp, #36
 711              	.LCFI18:
 712              		.cfi_remember_state
ARM GAS  /tmp/ccyLD871.s 			page 21


 713              		.cfi_def_cfa_offset 4
 714              		@ sp needed
 715 001a 5DF804FB 		ldr	pc, [sp], #4
 716              	.LVL41:
 717              	.L61:
 718              	.LCFI19:
 719              		.cfi_restore_state
 720              	.LBB12:
 381:Src/stm32f4xx_hal_msp.c ****   
 721              		.loc 1 381 0
 722 001e 0021     		movs	r1, #0
 723 0020 0191     		str	r1, [sp, #4]
 724 0022 03F5FA33 		add	r3, r3, #128000
 725 0026 1A6C     		ldr	r2, [r3, #64]
 726 0028 42F40032 		orr	r2, r2, #131072
 727 002c 1A64     		str	r2, [r3, #64]
 728 002e 1A6C     		ldr	r2, [r3, #64]
 729 0030 02F40032 		and	r2, r2, #131072
 730 0034 0192     		str	r2, [sp, #4]
 731 0036 019A     		ldr	r2, [sp, #4]
 732              	.LBE12:
 733              	.LBB13:
 383:Src/stm32f4xx_hal_msp.c ****     /**USART2 GPIO Configuration    
 734              		.loc 1 383 0
 735 0038 0291     		str	r1, [sp, #8]
 736 003a 1A6B     		ldr	r2, [r3, #48]
 737 003c 42F00102 		orr	r2, r2, #1
 738 0040 1A63     		str	r2, [r3, #48]
 739 0042 1B6B     		ldr	r3, [r3, #48]
 740 0044 03F00103 		and	r3, r3, #1
 741 0048 0293     		str	r3, [sp, #8]
 742 004a 029B     		ldr	r3, [sp, #8]
 743              	.LBE13:
 388:Src/stm32f4xx_hal_msp.c ****     GPIO_InitStruct.Mode = GPIO_MODE_AF_PP;
 744              		.loc 1 388 0
 745 004c 0C23     		movs	r3, #12
 746 004e 0393     		str	r3, [sp, #12]
 389:Src/stm32f4xx_hal_msp.c ****     GPIO_InitStruct.Pull = GPIO_PULLUP;
 747              		.loc 1 389 0
 748 0050 0223     		movs	r3, #2
 749 0052 0493     		str	r3, [sp, #16]
 390:Src/stm32f4xx_hal_msp.c ****     GPIO_InitStruct.Speed = GPIO_SPEED_FREQ_VERY_HIGH;
 750              		.loc 1 390 0
 751 0054 0123     		movs	r3, #1
 752 0056 0593     		str	r3, [sp, #20]
 391:Src/stm32f4xx_hal_msp.c ****     GPIO_InitStruct.Alternate = GPIO_AF7_USART2;
 753              		.loc 1 391 0
 754 0058 0323     		movs	r3, #3
 755 005a 0693     		str	r3, [sp, #24]
 392:Src/stm32f4xx_hal_msp.c ****     HAL_GPIO_Init(GPIOA, &GPIO_InitStruct);
 756              		.loc 1 392 0
 757 005c 0723     		movs	r3, #7
 758 005e 0793     		str	r3, [sp, #28]
 393:Src/stm32f4xx_hal_msp.c **** 
 759              		.loc 1 393 0
 760 0060 03A9     		add	r1, sp, #12
 761 0062 0348     		ldr	r0, .L62+4
ARM GAS  /tmp/ccyLD871.s 			page 22


 762              	.LVL42:
 763 0064 FFF7FEFF 		bl	HAL_GPIO_Init
 764              	.LVL43:
 765              		.loc 1 400 0
 766 0068 D6E7     		b	.L58
 767              	.L63:
 768 006a 00BF     		.align	2
 769              	.L62:
 770 006c 00440040 		.word	1073759232
 771 0070 00000240 		.word	1073872896
 772              		.cfi_endproc
 773              	.LFE137:
 775              		.section	.text.HAL_UART_MspDeInit,"ax",%progbits
 776              		.align	1
 777              		.global	HAL_UART_MspDeInit
 778              		.syntax unified
 779              		.thumb
 780              		.thumb_func
 781              		.fpu fpv4-sp-d16
 783              	HAL_UART_MspDeInit:
 784              	.LFB138:
 401:Src/stm32f4xx_hal_msp.c **** 
 402:Src/stm32f4xx_hal_msp.c **** /**
 403:Src/stm32f4xx_hal_msp.c **** * @brief UART MSP De-Initialization
 404:Src/stm32f4xx_hal_msp.c **** * This function freeze the hardware resources used in this example
 405:Src/stm32f4xx_hal_msp.c **** * @param huart: UART handle pointer
 406:Src/stm32f4xx_hal_msp.c **** * @retval None
 407:Src/stm32f4xx_hal_msp.c **** */
 408:Src/stm32f4xx_hal_msp.c **** void HAL_UART_MspDeInit(UART_HandleTypeDef* huart)
 409:Src/stm32f4xx_hal_msp.c **** {
 785              		.loc 1 409 0
 786              		.cfi_startproc
 787              		@ args = 0, pretend = 0, frame = 0
 788              		@ frame_needed = 0, uses_anonymous_args = 0
 789              	.LVL44:
 790 0000 08B5     		push	{r3, lr}
 791              	.LCFI20:
 792              		.cfi_def_cfa_offset 8
 793              		.cfi_offset 3, -8
 794              		.cfi_offset 14, -4
 410:Src/stm32f4xx_hal_msp.c ****   if(huart->Instance==USART2)
 795              		.loc 1 410 0
 796 0002 0268     		ldr	r2, [r0]
 797 0004 064B     		ldr	r3, .L68
 798 0006 9A42     		cmp	r2, r3
 799 0008 00D0     		beq	.L67
 800              	.LVL45:
 801              	.L64:
 802 000a 08BD     		pop	{r3, pc}
 803              	.LVL46:
 804              	.L67:
 411:Src/stm32f4xx_hal_msp.c ****   {
 412:Src/stm32f4xx_hal_msp.c ****   /* USER CODE BEGIN USART2_MspDeInit 0 */
 413:Src/stm32f4xx_hal_msp.c **** 
 414:Src/stm32f4xx_hal_msp.c ****   /* USER CODE END USART2_MspDeInit 0 */
 415:Src/stm32f4xx_hal_msp.c ****     /* Peripheral clock disable */
 416:Src/stm32f4xx_hal_msp.c ****     __HAL_RCC_USART2_CLK_DISABLE();
ARM GAS  /tmp/ccyLD871.s 			page 23


 805              		.loc 1 416 0
 806 000c 054A     		ldr	r2, .L68+4
 807 000e 136C     		ldr	r3, [r2, #64]
 808 0010 23F40033 		bic	r3, r3, #131072
 809 0014 1364     		str	r3, [r2, #64]
 417:Src/stm32f4xx_hal_msp.c ****   
 418:Src/stm32f4xx_hal_msp.c ****     /**USART2 GPIO Configuration    
 419:Src/stm32f4xx_hal_msp.c ****     PA2     ------> USART2_TX
 420:Src/stm32f4xx_hal_msp.c ****     PA3     ------> USART2_RX 
 421:Src/stm32f4xx_hal_msp.c ****     */
 422:Src/stm32f4xx_hal_msp.c ****     HAL_GPIO_DeInit(GPIOA, GPIO_PIN_2|GPIO_PIN_3);
 810              		.loc 1 422 0
 811 0016 0C21     		movs	r1, #12
 812 0018 0348     		ldr	r0, .L68+8
 813              	.LVL47:
 814 001a FFF7FEFF 		bl	HAL_GPIO_DeInit
 815              	.LVL48:
 423:Src/stm32f4xx_hal_msp.c **** 
 424:Src/stm32f4xx_hal_msp.c ****   /* USER CODE BEGIN USART2_MspDeInit 1 */
 425:Src/stm32f4xx_hal_msp.c **** 
 426:Src/stm32f4xx_hal_msp.c ****   /* USER CODE END USART2_MspDeInit 1 */
 427:Src/stm32f4xx_hal_msp.c ****   }
 428:Src/stm32f4xx_hal_msp.c **** 
 429:Src/stm32f4xx_hal_msp.c **** }
 816              		.loc 1 429 0
 817 001e F4E7     		b	.L64
 818              	.L69:
 819              		.align	2
 820              	.L68:
 821 0020 00440040 		.word	1073759232
 822 0024 00380240 		.word	1073887232
 823 0028 00000240 		.word	1073872896
 824              		.cfi_endproc
 825              	.LFE138:
 827              		.text
 828              	.Letext0:
 829              		.file 2 "/usr/include/newlib/machine/_default_types.h"
 830              		.file 3 "/usr/include/newlib/sys/_stdint.h"
 831              		.file 4 "Drivers/CMSIS/Include/core_cm4.h"
 832              		.file 5 "Drivers/CMSIS/Device/ST/STM32F4xx/Include/system_stm32f4xx.h"
 833              		.file 6 "Drivers/CMSIS/Device/ST/STM32F4xx/Include/stm32f446xx.h"
 834              		.file 7 "Drivers/CMSIS/Device/ST/STM32F4xx/Include/stm32f4xx.h"
 835              		.file 8 "Drivers/STM32F4xx_HAL_Driver/Inc/stm32f4xx_hal_def.h"
 836              		.file 9 "Drivers/STM32F4xx_HAL_Driver/Inc/stm32f4xx_hal_gpio.h"
 837              		.file 10 "Drivers/STM32F4xx_HAL_Driver/Inc/stm32f4xx_hal_dma.h"
 838              		.file 11 "Drivers/STM32F4xx_HAL_Driver/Inc/stm32f4xx_hal_adc.h"
 839              		.file 12 "Drivers/STM32F4xx_HAL_Driver/Inc/stm32f4xx_hal_can.h"
 840              		.file 13 "Drivers/STM32F4xx_HAL_Driver/Inc/stm32f4xx_hal_tim.h"
 841              		.file 14 "Drivers/STM32F4xx_HAL_Driver/Inc/stm32f4xx_hal_uart.h"
 842              		.file 15 "Drivers/STM32F4xx_HAL_Driver/Inc/stm32f4xx_hal_cortex.h"
 843              		.file 16 "Inc/main.h"
ARM GAS  /tmp/ccyLD871.s 			page 24


DEFINED SYMBOLS
                            *ABS*:0000000000000000 stm32f4xx_hal_msp.c
     /tmp/ccyLD871.s:18     .text.HAL_MspInit:0000000000000000 $t
     /tmp/ccyLD871.s:25     .text.HAL_MspInit:0000000000000000 HAL_MspInit
     /tmp/ccyLD871.s:69     .text.HAL_MspInit:0000000000000034 $d
     /tmp/ccyLD871.s:74     .text.HAL_ADC_MspInit:0000000000000000 $t
     /tmp/ccyLD871.s:81     .text.HAL_ADC_MspInit:0000000000000000 HAL_ADC_MspInit
     /tmp/ccyLD871.s:205    .text.HAL_ADC_MspInit:00000000000000a0 $d
     /tmp/ccyLD871.s:212    .text.HAL_ADC_MspDeInit:0000000000000000 $t
     /tmp/ccyLD871.s:219    .text.HAL_ADC_MspDeInit:0000000000000000 HAL_ADC_MspDeInit
     /tmp/ccyLD871.s:264    .text.HAL_ADC_MspDeInit:0000000000000030 $d
     /tmp/ccyLD871.s:271    .text.HAL_CAN_MspInit:0000000000000000 $t
     /tmp/ccyLD871.s:278    .text.HAL_CAN_MspInit:0000000000000000 HAL_CAN_MspInit
     /tmp/ccyLD871.s:389    .text.HAL_CAN_MspInit:000000000000008c $d
     /tmp/ccyLD871.s:395    .text.HAL_CAN_MspDeInit:0000000000000000 $t
     /tmp/ccyLD871.s:402    .text.HAL_CAN_MspDeInit:0000000000000000 HAL_CAN_MspDeInit
     /tmp/ccyLD871.s:456    .text.HAL_CAN_MspDeInit:000000000000003c $d
     /tmp/ccyLD871.s:463    .text.HAL_TIM_Base_MspInit:0000000000000000 $t
     /tmp/ccyLD871.s:470    .text.HAL_TIM_Base_MspInit:0000000000000000 HAL_TIM_Base_MspInit
     /tmp/ccyLD871.s:571    .text.HAL_TIM_Base_MspInit:0000000000000088 $d
     /tmp/ccyLD871.s:579    .text.HAL_TIM_Base_MspDeInit:0000000000000000 $t
     /tmp/ccyLD871.s:586    .text.HAL_TIM_Base_MspDeInit:0000000000000000 HAL_TIM_Base_MspDeInit
     /tmp/ccyLD871.s:666    .text.HAL_TIM_Base_MspDeInit:0000000000000068 $d
     /tmp/ccyLD871.s:674    .text.HAL_UART_MspInit:0000000000000000 $t
     /tmp/ccyLD871.s:681    .text.HAL_UART_MspInit:0000000000000000 HAL_UART_MspInit
     /tmp/ccyLD871.s:770    .text.HAL_UART_MspInit:000000000000006c $d
     /tmp/ccyLD871.s:776    .text.HAL_UART_MspDeInit:0000000000000000 $t
     /tmp/ccyLD871.s:783    .text.HAL_UART_MspDeInit:0000000000000000 HAL_UART_MspDeInit
     /tmp/ccyLD871.s:821    .text.HAL_UART_MspDeInit:0000000000000020 $d
                     .debug_frame:0000000000000010 $d

UNDEFINED SYMBOLS
HAL_GPIO_Init
HAL_DMA_Init
Error_Handler
hdma_adc1
HAL_GPIO_DeInit
HAL_DMA_DeInit
HAL_NVIC_DisableIRQ
