ARM GAS  /tmp/ccjFwu0S.s 			page 1


   1              		.cpu cortex-m4
   2              		.eabi_attribute 27, 1
   3              		.eabi_attribute 28, 1
   4              		.eabi_attribute 20, 1
   5              		.eabi_attribute 21, 1
   6              		.eabi_attribute 23, 3
   7              		.eabi_attribute 24, 1
   8              		.eabi_attribute 25, 1
   9              		.eabi_attribute 26, 1
  10              		.eabi_attribute 30, 1
  11              		.eabi_attribute 34, 1
  12              		.eabi_attribute 18, 4
  13              		.file	"stm32f4xx_it.c"
  14              		.text
  15              	.Ltext0:
  16              		.cfi_sections	.debug_frame
  17              		.section	.text.NMI_Handler,"ax",%progbits
  18              		.align	1
  19              		.global	NMI_Handler
  20              		.syntax unified
  21              		.thumb
  22              		.thumb_func
  23              		.fpu fpv4-sp-d16
  25              	NMI_Handler:
  26              	.LFB130:
  27              		.file 1 "Src/stm32f4xx_it.c"
   1:Src/stm32f4xx_it.c **** /* USER CODE BEGIN Header */
   2:Src/stm32f4xx_it.c **** /**
   3:Src/stm32f4xx_it.c ****   ******************************************************************************
   4:Src/stm32f4xx_it.c ****   * @file    stm32f4xx_it.c
   5:Src/stm32f4xx_it.c ****   * @brief   Interrupt Service Routines.
   6:Src/stm32f4xx_it.c ****   ******************************************************************************
   7:Src/stm32f4xx_it.c ****   * @attention
   8:Src/stm32f4xx_it.c ****   *
   9:Src/stm32f4xx_it.c ****   * <h2><center>&copy; Copyright (c) 2019 STMicroelectronics.
  10:Src/stm32f4xx_it.c ****   * All rights reserved.</center></h2>
  11:Src/stm32f4xx_it.c ****   *
  12:Src/stm32f4xx_it.c ****   * This software component is licensed by ST under BSD 3-Clause license,
  13:Src/stm32f4xx_it.c ****   * the "License"; You may not use this file except in compliance with the
  14:Src/stm32f4xx_it.c ****   * License. You may obtain a copy of the License at:
  15:Src/stm32f4xx_it.c ****   *                        opensource.org/licenses/BSD-3-Clause
  16:Src/stm32f4xx_it.c ****   *
  17:Src/stm32f4xx_it.c ****   ******************************************************************************
  18:Src/stm32f4xx_it.c ****   */
  19:Src/stm32f4xx_it.c **** /* USER CODE END Header */
  20:Src/stm32f4xx_it.c **** 
  21:Src/stm32f4xx_it.c **** /* Includes ------------------------------------------------------------------*/
  22:Src/stm32f4xx_it.c **** #include "main.h"
  23:Src/stm32f4xx_it.c **** #include "stm32f4xx_it.h"
  24:Src/stm32f4xx_it.c **** /* Private includes ----------------------------------------------------------*/
  25:Src/stm32f4xx_it.c **** /* USER CODE BEGIN Includes */
  26:Src/stm32f4xx_it.c **** /* USER CODE END Includes */
  27:Src/stm32f4xx_it.c **** 
  28:Src/stm32f4xx_it.c **** /* Private typedef -----------------------------------------------------------*/
  29:Src/stm32f4xx_it.c **** /* USER CODE BEGIN TD */
  30:Src/stm32f4xx_it.c **** 
  31:Src/stm32f4xx_it.c **** /* USER CODE END TD */
ARM GAS  /tmp/ccjFwu0S.s 			page 2


  32:Src/stm32f4xx_it.c **** 
  33:Src/stm32f4xx_it.c **** /* Private define ------------------------------------------------------------*/
  34:Src/stm32f4xx_it.c **** /* USER CODE BEGIN PD */
  35:Src/stm32f4xx_it.c ****  
  36:Src/stm32f4xx_it.c **** /* USER CODE END PD */
  37:Src/stm32f4xx_it.c **** 
  38:Src/stm32f4xx_it.c **** /* Private macro -------------------------------------------------------------*/
  39:Src/stm32f4xx_it.c **** /* USER CODE BEGIN PM */
  40:Src/stm32f4xx_it.c **** 
  41:Src/stm32f4xx_it.c **** /* USER CODE END PM */
  42:Src/stm32f4xx_it.c **** 
  43:Src/stm32f4xx_it.c **** /* Private variables ---------------------------------------------------------*/
  44:Src/stm32f4xx_it.c **** /* USER CODE BEGIN PV */
  45:Src/stm32f4xx_it.c **** 
  46:Src/stm32f4xx_it.c **** /* USER CODE END PV */
  47:Src/stm32f4xx_it.c **** 
  48:Src/stm32f4xx_it.c **** /* Private function prototypes -----------------------------------------------*/
  49:Src/stm32f4xx_it.c **** /* USER CODE BEGIN PFP */
  50:Src/stm32f4xx_it.c **** 
  51:Src/stm32f4xx_it.c **** /* USER CODE END PFP */
  52:Src/stm32f4xx_it.c **** 
  53:Src/stm32f4xx_it.c **** /* Private user code ---------------------------------------------------------*/
  54:Src/stm32f4xx_it.c **** /* USER CODE BEGIN 0 */
  55:Src/stm32f4xx_it.c **** 
  56:Src/stm32f4xx_it.c **** /* USER CODE END 0 */
  57:Src/stm32f4xx_it.c **** 
  58:Src/stm32f4xx_it.c **** /* External variables --------------------------------------------------------*/
  59:Src/stm32f4xx_it.c **** extern CAN_HandleTypeDef hcan1;
  60:Src/stm32f4xx_it.c **** extern DMA_HandleTypeDef hdma_sdio_rx;
  61:Src/stm32f4xx_it.c **** extern DMA_HandleTypeDef hdma_sdio_tx;
  62:Src/stm32f4xx_it.c **** extern SD_HandleTypeDef hsd;
  63:Src/stm32f4xx_it.c **** extern TIM_HandleTypeDef htim6;
  64:Src/stm32f4xx_it.c **** extern TIM_HandleTypeDef htim7;
  65:Src/stm32f4xx_it.c **** extern UART_HandleTypeDef huart2;
  66:Src/stm32f4xx_it.c **** /* USER CODE BEGIN EV */
  67:Src/stm32f4xx_it.c **** 
  68:Src/stm32f4xx_it.c **** /* USER CODE END EV */
  69:Src/stm32f4xx_it.c **** 
  70:Src/stm32f4xx_it.c **** /******************************************************************************/
  71:Src/stm32f4xx_it.c **** /*           Cortex-M4 Processor Interruption and Exception Handlers          */ 
  72:Src/stm32f4xx_it.c **** /******************************************************************************/
  73:Src/stm32f4xx_it.c **** /**
  74:Src/stm32f4xx_it.c ****   * @brief This function handles Non maskable interrupt.
  75:Src/stm32f4xx_it.c ****   */
  76:Src/stm32f4xx_it.c **** void NMI_Handler(void)
  77:Src/stm32f4xx_it.c **** {
  28              		.loc 1 77 0
  29              		.cfi_startproc
  30              		@ args = 0, pretend = 0, frame = 0
  31              		@ frame_needed = 0, uses_anonymous_args = 0
  32              		@ link register save eliminated.
  33 0000 7047     		bx	lr
  34              		.cfi_endproc
  35              	.LFE130:
  37              		.section	.text.HardFault_Handler,"ax",%progbits
  38              		.align	1
  39              		.global	HardFault_Handler
ARM GAS  /tmp/ccjFwu0S.s 			page 3


  40              		.syntax unified
  41              		.thumb
  42              		.thumb_func
  43              		.fpu fpv4-sp-d16
  45              	HardFault_Handler:
  46              	.LFB131:
  78:Src/stm32f4xx_it.c ****   /* USER CODE BEGIN NonMaskableInt_IRQn 0 */
  79:Src/stm32f4xx_it.c **** 
  80:Src/stm32f4xx_it.c ****   /* USER CODE END NonMaskableInt_IRQn 0 */
  81:Src/stm32f4xx_it.c ****   /* USER CODE BEGIN NonMaskableInt_IRQn 1 */
  82:Src/stm32f4xx_it.c **** 
  83:Src/stm32f4xx_it.c ****   /* USER CODE END NonMaskableInt_IRQn 1 */
  84:Src/stm32f4xx_it.c **** }
  85:Src/stm32f4xx_it.c **** 
  86:Src/stm32f4xx_it.c **** /**
  87:Src/stm32f4xx_it.c ****   * @brief This function handles Hard fault interrupt.
  88:Src/stm32f4xx_it.c ****   */
  89:Src/stm32f4xx_it.c **** void HardFault_Handler(void)
  90:Src/stm32f4xx_it.c **** {
  47              		.loc 1 90 0
  48              		.cfi_startproc
  49              		@ Volatile: function does not return.
  50              		@ args = 0, pretend = 0, frame = 0
  51              		@ frame_needed = 0, uses_anonymous_args = 0
  52              		@ link register save eliminated.
  53              	.L3:
  54 0000 FEE7     		b	.L3
  55              		.cfi_endproc
  56              	.LFE131:
  58              		.section	.text.MemManage_Handler,"ax",%progbits
  59              		.align	1
  60              		.global	MemManage_Handler
  61              		.syntax unified
  62              		.thumb
  63              		.thumb_func
  64              		.fpu fpv4-sp-d16
  66              	MemManage_Handler:
  67              	.LFB132:
  91:Src/stm32f4xx_it.c ****   /* USER CODE BEGIN HardFault_IRQn 0 */
  92:Src/stm32f4xx_it.c **** 
  93:Src/stm32f4xx_it.c ****   /* USER CODE END HardFault_IRQn 0 */
  94:Src/stm32f4xx_it.c ****   while (1)
  95:Src/stm32f4xx_it.c ****   {
  96:Src/stm32f4xx_it.c ****     /* USER CODE BEGIN W1_HardFault_IRQn 0 */
  97:Src/stm32f4xx_it.c ****     /* USER CODE END W1_HardFault_IRQn 0 */
  98:Src/stm32f4xx_it.c ****   }
  99:Src/stm32f4xx_it.c **** }
 100:Src/stm32f4xx_it.c **** 
 101:Src/stm32f4xx_it.c **** /**
 102:Src/stm32f4xx_it.c ****   * @brief This function handles Memory management fault.
 103:Src/stm32f4xx_it.c ****   */
 104:Src/stm32f4xx_it.c **** void MemManage_Handler(void)
 105:Src/stm32f4xx_it.c **** {
  68              		.loc 1 105 0
  69              		.cfi_startproc
  70              		@ Volatile: function does not return.
  71              		@ args = 0, pretend = 0, frame = 0
ARM GAS  /tmp/ccjFwu0S.s 			page 4


  72              		@ frame_needed = 0, uses_anonymous_args = 0
  73              		@ link register save eliminated.
  74              	.L5:
  75 0000 FEE7     		b	.L5
  76              		.cfi_endproc
  77              	.LFE132:
  79              		.section	.text.BusFault_Handler,"ax",%progbits
  80              		.align	1
  81              		.global	BusFault_Handler
  82              		.syntax unified
  83              		.thumb
  84              		.thumb_func
  85              		.fpu fpv4-sp-d16
  87              	BusFault_Handler:
  88              	.LFB133:
 106:Src/stm32f4xx_it.c ****   /* USER CODE BEGIN MemoryManagement_IRQn 0 */
 107:Src/stm32f4xx_it.c **** 
 108:Src/stm32f4xx_it.c ****   /* USER CODE END MemoryManagement_IRQn 0 */
 109:Src/stm32f4xx_it.c ****   while (1)
 110:Src/stm32f4xx_it.c ****   {
 111:Src/stm32f4xx_it.c ****     /* USER CODE BEGIN W1_MemoryManagement_IRQn 0 */
 112:Src/stm32f4xx_it.c ****     /* USER CODE END W1_MemoryManagement_IRQn 0 */
 113:Src/stm32f4xx_it.c ****   }
 114:Src/stm32f4xx_it.c **** }
 115:Src/stm32f4xx_it.c **** 
 116:Src/stm32f4xx_it.c **** /**
 117:Src/stm32f4xx_it.c ****   * @brief This function handles Pre-fetch fault, memory access fault.
 118:Src/stm32f4xx_it.c ****   */
 119:Src/stm32f4xx_it.c **** void BusFault_Handler(void)
 120:Src/stm32f4xx_it.c **** {
  89              		.loc 1 120 0
  90              		.cfi_startproc
  91              		@ Volatile: function does not return.
  92              		@ args = 0, pretend = 0, frame = 0
  93              		@ frame_needed = 0, uses_anonymous_args = 0
  94              		@ link register save eliminated.
  95              	.L7:
  96 0000 FEE7     		b	.L7
  97              		.cfi_endproc
  98              	.LFE133:
 100              		.section	.text.UsageFault_Handler,"ax",%progbits
 101              		.align	1
 102              		.global	UsageFault_Handler
 103              		.syntax unified
 104              		.thumb
 105              		.thumb_func
 106              		.fpu fpv4-sp-d16
 108              	UsageFault_Handler:
 109              	.LFB134:
 121:Src/stm32f4xx_it.c ****   /* USER CODE BEGIN BusFault_IRQn 0 */
 122:Src/stm32f4xx_it.c **** 
 123:Src/stm32f4xx_it.c ****   /* USER CODE END BusFault_IRQn 0 */
 124:Src/stm32f4xx_it.c ****   while (1)
 125:Src/stm32f4xx_it.c ****   {
 126:Src/stm32f4xx_it.c ****     /* USER CODE BEGIN W1_BusFault_IRQn 0 */
 127:Src/stm32f4xx_it.c ****     /* USER CODE END W1_BusFault_IRQn 0 */
 128:Src/stm32f4xx_it.c ****   }
ARM GAS  /tmp/ccjFwu0S.s 			page 5


 129:Src/stm32f4xx_it.c **** }
 130:Src/stm32f4xx_it.c **** 
 131:Src/stm32f4xx_it.c **** /**
 132:Src/stm32f4xx_it.c ****   * @brief This function handles Undefined instruction or illegal state.
 133:Src/stm32f4xx_it.c ****   */
 134:Src/stm32f4xx_it.c **** void UsageFault_Handler(void)
 135:Src/stm32f4xx_it.c **** {
 110              		.loc 1 135 0
 111              		.cfi_startproc
 112              		@ Volatile: function does not return.
 113              		@ args = 0, pretend = 0, frame = 0
 114              		@ frame_needed = 0, uses_anonymous_args = 0
 115              		@ link register save eliminated.
 116              	.L9:
 117 0000 FEE7     		b	.L9
 118              		.cfi_endproc
 119              	.LFE134:
 121              		.section	.text.SVC_Handler,"ax",%progbits
 122              		.align	1
 123              		.global	SVC_Handler
 124              		.syntax unified
 125              		.thumb
 126              		.thumb_func
 127              		.fpu fpv4-sp-d16
 129              	SVC_Handler:
 130              	.LFB135:
 136:Src/stm32f4xx_it.c ****   /* USER CODE BEGIN UsageFault_IRQn 0 */
 137:Src/stm32f4xx_it.c **** 
 138:Src/stm32f4xx_it.c ****   /* USER CODE END UsageFault_IRQn 0 */
 139:Src/stm32f4xx_it.c ****   while (1)
 140:Src/stm32f4xx_it.c ****   {
 141:Src/stm32f4xx_it.c ****     /* USER CODE BEGIN W1_UsageFault_IRQn 0 */
 142:Src/stm32f4xx_it.c ****     /* USER CODE END W1_UsageFault_IRQn 0 */
 143:Src/stm32f4xx_it.c ****   }
 144:Src/stm32f4xx_it.c **** }
 145:Src/stm32f4xx_it.c **** 
 146:Src/stm32f4xx_it.c **** /**
 147:Src/stm32f4xx_it.c ****   * @brief This function handles System service call via SWI instruction.
 148:Src/stm32f4xx_it.c ****   */
 149:Src/stm32f4xx_it.c **** void SVC_Handler(void)
 150:Src/stm32f4xx_it.c **** {
 131              		.loc 1 150 0
 132              		.cfi_startproc
 133              		@ args = 0, pretend = 0, frame = 0
 134              		@ frame_needed = 0, uses_anonymous_args = 0
 135              		@ link register save eliminated.
 136 0000 7047     		bx	lr
 137              		.cfi_endproc
 138              	.LFE135:
 140              		.section	.text.DebugMon_Handler,"ax",%progbits
 141              		.align	1
 142              		.global	DebugMon_Handler
 143              		.syntax unified
 144              		.thumb
 145              		.thumb_func
 146              		.fpu fpv4-sp-d16
 148              	DebugMon_Handler:
ARM GAS  /tmp/ccjFwu0S.s 			page 6


 149              	.LFB136:
 151:Src/stm32f4xx_it.c ****   /* USER CODE BEGIN SVCall_IRQn 0 */
 152:Src/stm32f4xx_it.c **** 
 153:Src/stm32f4xx_it.c ****   /* USER CODE END SVCall_IRQn 0 */
 154:Src/stm32f4xx_it.c ****   /* USER CODE BEGIN SVCall_IRQn 1 */
 155:Src/stm32f4xx_it.c **** 
 156:Src/stm32f4xx_it.c ****   /* USER CODE END SVCall_IRQn 1 */
 157:Src/stm32f4xx_it.c **** }
 158:Src/stm32f4xx_it.c **** 
 159:Src/stm32f4xx_it.c **** /**
 160:Src/stm32f4xx_it.c ****   * @brief This function handles Debug monitor.
 161:Src/stm32f4xx_it.c ****   */
 162:Src/stm32f4xx_it.c **** void DebugMon_Handler(void)
 163:Src/stm32f4xx_it.c **** {
 150              		.loc 1 163 0
 151              		.cfi_startproc
 152              		@ args = 0, pretend = 0, frame = 0
 153              		@ frame_needed = 0, uses_anonymous_args = 0
 154              		@ link register save eliminated.
 155 0000 7047     		bx	lr
 156              		.cfi_endproc
 157              	.LFE136:
 159              		.section	.text.PendSV_Handler,"ax",%progbits
 160              		.align	1
 161              		.global	PendSV_Handler
 162              		.syntax unified
 163              		.thumb
 164              		.thumb_func
 165              		.fpu fpv4-sp-d16
 167              	PendSV_Handler:
 168              	.LFB137:
 164:Src/stm32f4xx_it.c ****   /* USER CODE BEGIN DebugMonitor_IRQn 0 */
 165:Src/stm32f4xx_it.c **** 
 166:Src/stm32f4xx_it.c ****   /* USER CODE END DebugMonitor_IRQn 0 */
 167:Src/stm32f4xx_it.c ****   /* USER CODE BEGIN DebugMonitor_IRQn 1 */
 168:Src/stm32f4xx_it.c **** 
 169:Src/stm32f4xx_it.c ****   /* USER CODE END DebugMonitor_IRQn 1 */
 170:Src/stm32f4xx_it.c **** }
 171:Src/stm32f4xx_it.c **** 
 172:Src/stm32f4xx_it.c **** /**
 173:Src/stm32f4xx_it.c ****   * @brief This function handles Pendable request for system service.
 174:Src/stm32f4xx_it.c ****   */
 175:Src/stm32f4xx_it.c **** void PendSV_Handler(void)
 176:Src/stm32f4xx_it.c **** {
 169              		.loc 1 176 0
 170              		.cfi_startproc
 171              		@ args = 0, pretend = 0, frame = 0
 172              		@ frame_needed = 0, uses_anonymous_args = 0
 173              		@ link register save eliminated.
 174 0000 7047     		bx	lr
 175              		.cfi_endproc
 176              	.LFE137:
 178              		.section	.text.SysTick_Handler,"ax",%progbits
 179              		.align	1
 180              		.global	SysTick_Handler
 181              		.syntax unified
 182              		.thumb
ARM GAS  /tmp/ccjFwu0S.s 			page 7


 183              		.thumb_func
 184              		.fpu fpv4-sp-d16
 186              	SysTick_Handler:
 187              	.LFB138:
 177:Src/stm32f4xx_it.c ****   /* USER CODE BEGIN PendSV_IRQn 0 */
 178:Src/stm32f4xx_it.c **** 
 179:Src/stm32f4xx_it.c ****   /* USER CODE END PendSV_IRQn 0 */
 180:Src/stm32f4xx_it.c ****   /* USER CODE BEGIN PendSV_IRQn 1 */
 181:Src/stm32f4xx_it.c **** 
 182:Src/stm32f4xx_it.c ****   /* USER CODE END PendSV_IRQn 1 */
 183:Src/stm32f4xx_it.c **** }
 184:Src/stm32f4xx_it.c **** 
 185:Src/stm32f4xx_it.c **** /**
 186:Src/stm32f4xx_it.c ****   * @brief This function handles System tick timer.
 187:Src/stm32f4xx_it.c ****   */
 188:Src/stm32f4xx_it.c **** void SysTick_Handler(void)
 189:Src/stm32f4xx_it.c **** {
 188              		.loc 1 189 0
 189              		.cfi_startproc
 190              		@ args = 0, pretend = 0, frame = 0
 191              		@ frame_needed = 0, uses_anonymous_args = 0
 192              		.loc 1 189 0
 193 0000 08B5     		push	{r3, lr}
 194              	.LCFI0:
 195              		.cfi_def_cfa_offset 8
 196              		.cfi_offset 3, -8
 197              		.cfi_offset 14, -4
 190:Src/stm32f4xx_it.c ****   /* USER CODE BEGIN SysTick_IRQn 0 */
 191:Src/stm32f4xx_it.c **** 
 192:Src/stm32f4xx_it.c ****   /* USER CODE END SysTick_IRQn 0 */
 193:Src/stm32f4xx_it.c ****   HAL_IncTick();
 198              		.loc 1 193 0
 199 0002 FFF7FEFF 		bl	HAL_IncTick
 200              	.LVL0:
 201 0006 08BD     		pop	{r3, pc}
 202              		.cfi_endproc
 203              	.LFE138:
 205              		.section	.text.CAN1_RX0_IRQHandler,"ax",%progbits
 206              		.align	1
 207              		.global	CAN1_RX0_IRQHandler
 208              		.syntax unified
 209              		.thumb
 210              		.thumb_func
 211              		.fpu fpv4-sp-d16
 213              	CAN1_RX0_IRQHandler:
 214              	.LFB139:
 194:Src/stm32f4xx_it.c ****   /* USER CODE BEGIN SysTick_IRQn 1 */
 195:Src/stm32f4xx_it.c **** 
 196:Src/stm32f4xx_it.c ****   /* USER CODE END SysTick_IRQn 1 */
 197:Src/stm32f4xx_it.c **** }
 198:Src/stm32f4xx_it.c **** 
 199:Src/stm32f4xx_it.c **** /******************************************************************************/
 200:Src/stm32f4xx_it.c **** /* STM32F4xx Peripheral Interrupt Handlers                                    */
 201:Src/stm32f4xx_it.c **** /* Add here the Interrupt Handlers for the used peripherals.                  */
 202:Src/stm32f4xx_it.c **** /* For the available peripheral interrupt handler names,                      */
 203:Src/stm32f4xx_it.c **** /* please refer to the startup file (startup_stm32f4xx.s).                    */
 204:Src/stm32f4xx_it.c **** /******************************************************************************/
ARM GAS  /tmp/ccjFwu0S.s 			page 8


 205:Src/stm32f4xx_it.c **** 
 206:Src/stm32f4xx_it.c **** /**
 207:Src/stm32f4xx_it.c ****   * @brief This function handles CAN1 RX0 interrupt.
 208:Src/stm32f4xx_it.c ****   */
 209:Src/stm32f4xx_it.c **** void CAN1_RX0_IRQHandler(void)
 210:Src/stm32f4xx_it.c **** {
 215              		.loc 1 210 0
 216              		.cfi_startproc
 217              		@ args = 0, pretend = 0, frame = 0
 218              		@ frame_needed = 0, uses_anonymous_args = 0
 219 0000 08B5     		push	{r3, lr}
 220              	.LCFI1:
 221              		.cfi_def_cfa_offset 8
 222              		.cfi_offset 3, -8
 223              		.cfi_offset 14, -4
 211:Src/stm32f4xx_it.c ****   /* USER CODE BEGIN CAN1_RX0_IRQn 0 */
 212:Src/stm32f4xx_it.c **** 
 213:Src/stm32f4xx_it.c ****   /* USER CODE END CAN1_RX0_IRQn 0 */
 214:Src/stm32f4xx_it.c ****   HAL_CAN_IRQHandler(&hcan1);
 224              		.loc 1 214 0
 225 0002 0248     		ldr	r0, .L17
 226 0004 FFF7FEFF 		bl	HAL_CAN_IRQHandler
 227              	.LVL1:
 228 0008 08BD     		pop	{r3, pc}
 229              	.L18:
 230 000a 00BF     		.align	2
 231              	.L17:
 232 000c 00000000 		.word	hcan1
 233              		.cfi_endproc
 234              	.LFE139:
 236              		.section	.text.CAN1_RX1_IRQHandler,"ax",%progbits
 237              		.align	1
 238              		.global	CAN1_RX1_IRQHandler
 239              		.syntax unified
 240              		.thumb
 241              		.thumb_func
 242              		.fpu fpv4-sp-d16
 244              	CAN1_RX1_IRQHandler:
 245              	.LFB140:
 215:Src/stm32f4xx_it.c ****   /* USER CODE BEGIN CAN1_RX0_IRQn 1 */
 216:Src/stm32f4xx_it.c **** 
 217:Src/stm32f4xx_it.c ****   /* USER CODE END CAN1_RX0_IRQn 1 */
 218:Src/stm32f4xx_it.c **** }
 219:Src/stm32f4xx_it.c **** 
 220:Src/stm32f4xx_it.c **** /**
 221:Src/stm32f4xx_it.c ****   * @brief This function handles CAN1 RX1 interrupt.
 222:Src/stm32f4xx_it.c ****   */
 223:Src/stm32f4xx_it.c **** void CAN1_RX1_IRQHandler(void)
 224:Src/stm32f4xx_it.c **** {
 246              		.loc 1 224 0
 247              		.cfi_startproc
 248              		@ args = 0, pretend = 0, frame = 0
 249              		@ frame_needed = 0, uses_anonymous_args = 0
 250 0000 08B5     		push	{r3, lr}
 251              	.LCFI2:
 252              		.cfi_def_cfa_offset 8
 253              		.cfi_offset 3, -8
ARM GAS  /tmp/ccjFwu0S.s 			page 9


 254              		.cfi_offset 14, -4
 225:Src/stm32f4xx_it.c ****   /* USER CODE BEGIN CAN1_RX1_IRQn 0 */
 226:Src/stm32f4xx_it.c **** 
 227:Src/stm32f4xx_it.c ****   /* USER CODE END CAN1_RX1_IRQn 0 */
 228:Src/stm32f4xx_it.c ****   HAL_CAN_IRQHandler(&hcan1);
 255              		.loc 1 228 0
 256 0002 0248     		ldr	r0, .L21
 257 0004 FFF7FEFF 		bl	HAL_CAN_IRQHandler
 258              	.LVL2:
 259 0008 08BD     		pop	{r3, pc}
 260              	.L22:
 261 000a 00BF     		.align	2
 262              	.L21:
 263 000c 00000000 		.word	hcan1
 264              		.cfi_endproc
 265              	.LFE140:
 267              		.section	.text.CAN1_SCE_IRQHandler,"ax",%progbits
 268              		.align	1
 269              		.global	CAN1_SCE_IRQHandler
 270              		.syntax unified
 271              		.thumb
 272              		.thumb_func
 273              		.fpu fpv4-sp-d16
 275              	CAN1_SCE_IRQHandler:
 276              	.LFB141:
 229:Src/stm32f4xx_it.c ****   /* USER CODE BEGIN CAN1_RX1_IRQn 1 */
 230:Src/stm32f4xx_it.c **** 
 231:Src/stm32f4xx_it.c ****   /* USER CODE END CAN1_RX1_IRQn 1 */
 232:Src/stm32f4xx_it.c **** }
 233:Src/stm32f4xx_it.c **** 
 234:Src/stm32f4xx_it.c **** /**
 235:Src/stm32f4xx_it.c ****   * @brief This function handles CAN1 SCE interrupt.
 236:Src/stm32f4xx_it.c ****   */
 237:Src/stm32f4xx_it.c **** void CAN1_SCE_IRQHandler(void)
 238:Src/stm32f4xx_it.c **** {
 277              		.loc 1 238 0
 278              		.cfi_startproc
 279              		@ args = 0, pretend = 0, frame = 0
 280              		@ frame_needed = 0, uses_anonymous_args = 0
 281 0000 08B5     		push	{r3, lr}
 282              	.LCFI3:
 283              		.cfi_def_cfa_offset 8
 284              		.cfi_offset 3, -8
 285              		.cfi_offset 14, -4
 239:Src/stm32f4xx_it.c ****   /* USER CODE BEGIN CAN1_SCE_IRQn 0 */
 240:Src/stm32f4xx_it.c **** 
 241:Src/stm32f4xx_it.c ****   /* USER CODE END CAN1_SCE_IRQn 0 */
 242:Src/stm32f4xx_it.c ****   HAL_CAN_IRQHandler(&hcan1);
 286              		.loc 1 242 0
 287 0002 0248     		ldr	r0, .L25
 288 0004 FFF7FEFF 		bl	HAL_CAN_IRQHandler
 289              	.LVL3:
 290 0008 08BD     		pop	{r3, pc}
 291              	.L26:
 292 000a 00BF     		.align	2
 293              	.L25:
 294 000c 00000000 		.word	hcan1
ARM GAS  /tmp/ccjFwu0S.s 			page 10


 295              		.cfi_endproc
 296              	.LFE141:
 298              		.section	.text.USART2_IRQHandler,"ax",%progbits
 299              		.align	1
 300              		.global	USART2_IRQHandler
 301              		.syntax unified
 302              		.thumb
 303              		.thumb_func
 304              		.fpu fpv4-sp-d16
 306              	USART2_IRQHandler:
 307              	.LFB142:
 243:Src/stm32f4xx_it.c ****   /* USER CODE BEGIN CAN1_SCE_IRQn 1 */
 244:Src/stm32f4xx_it.c **** 
 245:Src/stm32f4xx_it.c ****   /* USER CODE END CAN1_SCE_IRQn 1 */
 246:Src/stm32f4xx_it.c **** }
 247:Src/stm32f4xx_it.c **** 
 248:Src/stm32f4xx_it.c **** /**
 249:Src/stm32f4xx_it.c ****   * @brief This function handles USART2 global interrupt.
 250:Src/stm32f4xx_it.c ****   */
 251:Src/stm32f4xx_it.c **** void USART2_IRQHandler(void)
 252:Src/stm32f4xx_it.c **** {
 308              		.loc 1 252 0
 309              		.cfi_startproc
 310              		@ args = 0, pretend = 0, frame = 0
 311              		@ frame_needed = 0, uses_anonymous_args = 0
 312 0000 08B5     		push	{r3, lr}
 313              	.LCFI4:
 314              		.cfi_def_cfa_offset 8
 315              		.cfi_offset 3, -8
 316              		.cfi_offset 14, -4
 253:Src/stm32f4xx_it.c ****   /* USER CODE BEGIN USART2_IRQn 0 */
 254:Src/stm32f4xx_it.c **** 
 255:Src/stm32f4xx_it.c ****   /* USER CODE END USART2_IRQn 0 */
 256:Src/stm32f4xx_it.c ****   HAL_UART_IRQHandler(&huart2);
 317              		.loc 1 256 0
 318 0002 0248     		ldr	r0, .L29
 319 0004 FFF7FEFF 		bl	HAL_UART_IRQHandler
 320              	.LVL4:
 321 0008 08BD     		pop	{r3, pc}
 322              	.L30:
 323 000a 00BF     		.align	2
 324              	.L29:
 325 000c 00000000 		.word	huart2
 326              		.cfi_endproc
 327              	.LFE142:
 329              		.section	.text.SDIO_IRQHandler,"ax",%progbits
 330              		.align	1
 331              		.global	SDIO_IRQHandler
 332              		.syntax unified
 333              		.thumb
 334              		.thumb_func
 335              		.fpu fpv4-sp-d16
 337              	SDIO_IRQHandler:
 338              	.LFB143:
 257:Src/stm32f4xx_it.c ****   /* USER CODE BEGIN USART2_IRQn 1 */
 258:Src/stm32f4xx_it.c **** 
 259:Src/stm32f4xx_it.c ****   /* USER CODE END USART2_IRQn 1 */
ARM GAS  /tmp/ccjFwu0S.s 			page 11


 260:Src/stm32f4xx_it.c **** }
 261:Src/stm32f4xx_it.c **** 
 262:Src/stm32f4xx_it.c **** /**
 263:Src/stm32f4xx_it.c ****   * @brief This function handles SDIO global interrupt.
 264:Src/stm32f4xx_it.c ****   */
 265:Src/stm32f4xx_it.c **** void SDIO_IRQHandler(void)
 266:Src/stm32f4xx_it.c **** {
 339              		.loc 1 266 0
 340              		.cfi_startproc
 341              		@ args = 0, pretend = 0, frame = 0
 342              		@ frame_needed = 0, uses_anonymous_args = 0
 343 0000 08B5     		push	{r3, lr}
 344              	.LCFI5:
 345              		.cfi_def_cfa_offset 8
 346              		.cfi_offset 3, -8
 347              		.cfi_offset 14, -4
 267:Src/stm32f4xx_it.c ****   /* USER CODE BEGIN SDIO_IRQn 0 */
 268:Src/stm32f4xx_it.c **** 
 269:Src/stm32f4xx_it.c ****   /* USER CODE END SDIO_IRQn 0 */
 270:Src/stm32f4xx_it.c ****   HAL_SD_IRQHandler(&hsd);
 348              		.loc 1 270 0
 349 0002 0248     		ldr	r0, .L33
 350 0004 FFF7FEFF 		bl	HAL_SD_IRQHandler
 351              	.LVL5:
 352 0008 08BD     		pop	{r3, pc}
 353              	.L34:
 354 000a 00BF     		.align	2
 355              	.L33:
 356 000c 00000000 		.word	hsd
 357              		.cfi_endproc
 358              	.LFE143:
 360              		.section	.text.TIM6_DAC_IRQHandler,"ax",%progbits
 361              		.align	1
 362              		.global	TIM6_DAC_IRQHandler
 363              		.syntax unified
 364              		.thumb
 365              		.thumb_func
 366              		.fpu fpv4-sp-d16
 368              	TIM6_DAC_IRQHandler:
 369              	.LFB144:
 271:Src/stm32f4xx_it.c ****   /* USER CODE BEGIN SDIO_IRQn 1 */
 272:Src/stm32f4xx_it.c **** 
 273:Src/stm32f4xx_it.c ****   /* USER CODE END SDIO_IRQn 1 */
 274:Src/stm32f4xx_it.c **** }
 275:Src/stm32f4xx_it.c **** 
 276:Src/stm32f4xx_it.c **** /**
 277:Src/stm32f4xx_it.c ****   * @brief This function handles TIM6 global interrupt and DAC1, DAC2 underrun error interrupts.
 278:Src/stm32f4xx_it.c ****   */
 279:Src/stm32f4xx_it.c **** void TIM6_DAC_IRQHandler(void)
 280:Src/stm32f4xx_it.c **** {
 370              		.loc 1 280 0
 371              		.cfi_startproc
 372              		@ args = 0, pretend = 0, frame = 0
 373              		@ frame_needed = 0, uses_anonymous_args = 0
 374 0000 08B5     		push	{r3, lr}
 375              	.LCFI6:
 376              		.cfi_def_cfa_offset 8
ARM GAS  /tmp/ccjFwu0S.s 			page 12


 377              		.cfi_offset 3, -8
 378              		.cfi_offset 14, -4
 281:Src/stm32f4xx_it.c ****   /* USER CODE BEGIN TIM6_DAC_IRQn 0 */
 282:Src/stm32f4xx_it.c **** 
 283:Src/stm32f4xx_it.c ****   /* USER CODE END TIM6_DAC_IRQn 0 */
 284:Src/stm32f4xx_it.c ****   HAL_TIM_IRQHandler(&htim6);
 379              		.loc 1 284 0
 380 0002 0248     		ldr	r0, .L37
 381 0004 FFF7FEFF 		bl	HAL_TIM_IRQHandler
 382              	.LVL6:
 383 0008 08BD     		pop	{r3, pc}
 384              	.L38:
 385 000a 00BF     		.align	2
 386              	.L37:
 387 000c 00000000 		.word	htim6
 388              		.cfi_endproc
 389              	.LFE144:
 391              		.section	.text.TIM7_IRQHandler,"ax",%progbits
 392              		.align	1
 393              		.global	TIM7_IRQHandler
 394              		.syntax unified
 395              		.thumb
 396              		.thumb_func
 397              		.fpu fpv4-sp-d16
 399              	TIM7_IRQHandler:
 400              	.LFB145:
 285:Src/stm32f4xx_it.c ****   /* USER CODE BEGIN TIM6_DAC_IRQn 1 */
 286:Src/stm32f4xx_it.c **** 
 287:Src/stm32f4xx_it.c ****   /* USER CODE END TIM6_DAC_IRQn 1 */
 288:Src/stm32f4xx_it.c **** }
 289:Src/stm32f4xx_it.c **** 
 290:Src/stm32f4xx_it.c **** /**
 291:Src/stm32f4xx_it.c ****   * @brief This function handles TIM7 global interrupt.
 292:Src/stm32f4xx_it.c ****   */
 293:Src/stm32f4xx_it.c **** void TIM7_IRQHandler(void)
 294:Src/stm32f4xx_it.c **** {
 401              		.loc 1 294 0
 402              		.cfi_startproc
 403              		@ args = 0, pretend = 0, frame = 0
 404              		@ frame_needed = 0, uses_anonymous_args = 0
 405 0000 08B5     		push	{r3, lr}
 406              	.LCFI7:
 407              		.cfi_def_cfa_offset 8
 408              		.cfi_offset 3, -8
 409              		.cfi_offset 14, -4
 295:Src/stm32f4xx_it.c ****   /* USER CODE BEGIN TIM7_IRQn 0 */
 296:Src/stm32f4xx_it.c **** 
 297:Src/stm32f4xx_it.c ****   /* USER CODE END TIM7_IRQn 0 */
 298:Src/stm32f4xx_it.c ****   HAL_TIM_IRQHandler(&htim7);
 410              		.loc 1 298 0
 411 0002 0248     		ldr	r0, .L41
 412 0004 FFF7FEFF 		bl	HAL_TIM_IRQHandler
 413              	.LVL7:
 414 0008 08BD     		pop	{r3, pc}
 415              	.L42:
 416 000a 00BF     		.align	2
 417              	.L41:
ARM GAS  /tmp/ccjFwu0S.s 			page 13


 418 000c 00000000 		.word	htim7
 419              		.cfi_endproc
 420              	.LFE145:
 422              		.section	.text.DMA2_Stream3_IRQHandler,"ax",%progbits
 423              		.align	1
 424              		.global	DMA2_Stream3_IRQHandler
 425              		.syntax unified
 426              		.thumb
 427              		.thumb_func
 428              		.fpu fpv4-sp-d16
 430              	DMA2_Stream3_IRQHandler:
 431              	.LFB146:
 299:Src/stm32f4xx_it.c ****   /* USER CODE BEGIN TIM7_IRQn 1 */
 300:Src/stm32f4xx_it.c **** 
 301:Src/stm32f4xx_it.c ****   /* USER CODE END TIM7_IRQn 1 */
 302:Src/stm32f4xx_it.c **** }
 303:Src/stm32f4xx_it.c **** 
 304:Src/stm32f4xx_it.c **** /**
 305:Src/stm32f4xx_it.c ****   * @brief This function handles DMA2 stream3 global interrupt.
 306:Src/stm32f4xx_it.c ****   */
 307:Src/stm32f4xx_it.c **** void DMA2_Stream3_IRQHandler(void)
 308:Src/stm32f4xx_it.c **** {
 432              		.loc 1 308 0
 433              		.cfi_startproc
 434              		@ args = 0, pretend = 0, frame = 0
 435              		@ frame_needed = 0, uses_anonymous_args = 0
 436 0000 08B5     		push	{r3, lr}
 437              	.LCFI8:
 438              		.cfi_def_cfa_offset 8
 439              		.cfi_offset 3, -8
 440              		.cfi_offset 14, -4
 309:Src/stm32f4xx_it.c ****   /* USER CODE BEGIN DMA2_Stream3_IRQn 0 */
 310:Src/stm32f4xx_it.c **** 
 311:Src/stm32f4xx_it.c ****   /* USER CODE END DMA2_Stream3_IRQn 0 */
 312:Src/stm32f4xx_it.c ****   HAL_DMA_IRQHandler(&hdma_sdio_rx);
 441              		.loc 1 312 0
 442 0002 0248     		ldr	r0, .L45
 443 0004 FFF7FEFF 		bl	HAL_DMA_IRQHandler
 444              	.LVL8:
 445 0008 08BD     		pop	{r3, pc}
 446              	.L46:
 447 000a 00BF     		.align	2
 448              	.L45:
 449 000c 00000000 		.word	hdma_sdio_rx
 450              		.cfi_endproc
 451              	.LFE146:
 453              		.section	.text.DMA2_Stream6_IRQHandler,"ax",%progbits
 454              		.align	1
 455              		.global	DMA2_Stream6_IRQHandler
 456              		.syntax unified
 457              		.thumb
 458              		.thumb_func
 459              		.fpu fpv4-sp-d16
 461              	DMA2_Stream6_IRQHandler:
 462              	.LFB147:
 313:Src/stm32f4xx_it.c ****   /* USER CODE BEGIN DMA2_Stream3_IRQn 1 */
 314:Src/stm32f4xx_it.c **** 
ARM GAS  /tmp/ccjFwu0S.s 			page 14


 315:Src/stm32f4xx_it.c ****   /* USER CODE END DMA2_Stream3_IRQn 1 */
 316:Src/stm32f4xx_it.c **** }
 317:Src/stm32f4xx_it.c **** 
 318:Src/stm32f4xx_it.c **** /**
 319:Src/stm32f4xx_it.c ****   * @brief This function handles DMA2 stream6 global interrupt.
 320:Src/stm32f4xx_it.c ****   */
 321:Src/stm32f4xx_it.c **** void DMA2_Stream6_IRQHandler(void)
 322:Src/stm32f4xx_it.c **** {
 463              		.loc 1 322 0
 464              		.cfi_startproc
 465              		@ args = 0, pretend = 0, frame = 0
 466              		@ frame_needed = 0, uses_anonymous_args = 0
 467 0000 08B5     		push	{r3, lr}
 468              	.LCFI9:
 469              		.cfi_def_cfa_offset 8
 470              		.cfi_offset 3, -8
 471              		.cfi_offset 14, -4
 323:Src/stm32f4xx_it.c ****   /* USER CODE BEGIN DMA2_Stream6_IRQn 0 */
 324:Src/stm32f4xx_it.c **** 
 325:Src/stm32f4xx_it.c ****   /* USER CODE END DMA2_Stream6_IRQn 0 */
 326:Src/stm32f4xx_it.c ****   HAL_DMA_IRQHandler(&hdma_sdio_tx);
 472              		.loc 1 326 0
 473 0002 0248     		ldr	r0, .L49
 474 0004 FFF7FEFF 		bl	HAL_DMA_IRQHandler
 475              	.LVL9:
 476 0008 08BD     		pop	{r3, pc}
 477              	.L50:
 478 000a 00BF     		.align	2
 479              	.L49:
 480 000c 00000000 		.word	hdma_sdio_tx
 481              		.cfi_endproc
 482              	.LFE147:
 484              		.text
 485              	.Letext0:
 486              		.file 2 "/usr/include/newlib/machine/_default_types.h"
 487              		.file 3 "/usr/include/newlib/sys/_stdint.h"
 488              		.file 4 "Drivers/CMSIS/Include/core_cm4.h"
 489              		.file 5 "Drivers/CMSIS/Device/ST/STM32F4xx/Include/system_stm32f4xx.h"
 490              		.file 6 "Drivers/CMSIS/Device/ST/STM32F4xx/Include/stm32f446xx.h"
 491              		.file 7 "Drivers/CMSIS/Device/ST/STM32F4xx/Include/stm32f4xx.h"
 492              		.file 8 "Drivers/STM32F4xx_HAL_Driver/Inc/stm32f4xx_hal_def.h"
 493              		.file 9 "Drivers/STM32F4xx_HAL_Driver/Inc/stm32f4xx_hal_dma.h"
 494              		.file 10 "Drivers/STM32F4xx_HAL_Driver/Inc/stm32f4xx_hal_can.h"
 495              		.file 11 "Drivers/STM32F4xx_HAL_Driver/Inc/stm32f4xx_ll_sdmmc.h"
 496              		.file 12 "Drivers/STM32F4xx_HAL_Driver/Inc/stm32f4xx_hal_sd.h"
 497              		.file 13 "Drivers/STM32F4xx_HAL_Driver/Inc/stm32f4xx_hal_tim.h"
 498              		.file 14 "Drivers/STM32F4xx_HAL_Driver/Inc/stm32f4xx_hal_uart.h"
 499              		.file 15 "Drivers/STM32F4xx_HAL_Driver/Inc/stm32f4xx_hal.h"
ARM GAS  /tmp/ccjFwu0S.s 			page 15


DEFINED SYMBOLS
                            *ABS*:0000000000000000 stm32f4xx_it.c
     /tmp/ccjFwu0S.s:18     .text.NMI_Handler:0000000000000000 $t
     /tmp/ccjFwu0S.s:25     .text.NMI_Handler:0000000000000000 NMI_Handler
     /tmp/ccjFwu0S.s:38     .text.HardFault_Handler:0000000000000000 $t
     /tmp/ccjFwu0S.s:45     .text.HardFault_Handler:0000000000000000 HardFault_Handler
     /tmp/ccjFwu0S.s:59     .text.MemManage_Handler:0000000000000000 $t
     /tmp/ccjFwu0S.s:66     .text.MemManage_Handler:0000000000000000 MemManage_Handler
     /tmp/ccjFwu0S.s:80     .text.BusFault_Handler:0000000000000000 $t
     /tmp/ccjFwu0S.s:87     .text.BusFault_Handler:0000000000000000 BusFault_Handler
     /tmp/ccjFwu0S.s:101    .text.UsageFault_Handler:0000000000000000 $t
     /tmp/ccjFwu0S.s:108    .text.UsageFault_Handler:0000000000000000 UsageFault_Handler
     /tmp/ccjFwu0S.s:122    .text.SVC_Handler:0000000000000000 $t
     /tmp/ccjFwu0S.s:129    .text.SVC_Handler:0000000000000000 SVC_Handler
     /tmp/ccjFwu0S.s:141    .text.DebugMon_Handler:0000000000000000 $t
     /tmp/ccjFwu0S.s:148    .text.DebugMon_Handler:0000000000000000 DebugMon_Handler
     /tmp/ccjFwu0S.s:160    .text.PendSV_Handler:0000000000000000 $t
     /tmp/ccjFwu0S.s:167    .text.PendSV_Handler:0000000000000000 PendSV_Handler
     /tmp/ccjFwu0S.s:179    .text.SysTick_Handler:0000000000000000 $t
     /tmp/ccjFwu0S.s:186    .text.SysTick_Handler:0000000000000000 SysTick_Handler
     /tmp/ccjFwu0S.s:206    .text.CAN1_RX0_IRQHandler:0000000000000000 $t
     /tmp/ccjFwu0S.s:213    .text.CAN1_RX0_IRQHandler:0000000000000000 CAN1_RX0_IRQHandler
     /tmp/ccjFwu0S.s:232    .text.CAN1_RX0_IRQHandler:000000000000000c $d
     /tmp/ccjFwu0S.s:237    .text.CAN1_RX1_IRQHandler:0000000000000000 $t
     /tmp/ccjFwu0S.s:244    .text.CAN1_RX1_IRQHandler:0000000000000000 CAN1_RX1_IRQHandler
     /tmp/ccjFwu0S.s:263    .text.CAN1_RX1_IRQHandler:000000000000000c $d
     /tmp/ccjFwu0S.s:268    .text.CAN1_SCE_IRQHandler:0000000000000000 $t
     /tmp/ccjFwu0S.s:275    .text.CAN1_SCE_IRQHandler:0000000000000000 CAN1_SCE_IRQHandler
     /tmp/ccjFwu0S.s:294    .text.CAN1_SCE_IRQHandler:000000000000000c $d
     /tmp/ccjFwu0S.s:299    .text.USART2_IRQHandler:0000000000000000 $t
     /tmp/ccjFwu0S.s:306    .text.USART2_IRQHandler:0000000000000000 USART2_IRQHandler
     /tmp/ccjFwu0S.s:325    .text.USART2_IRQHandler:000000000000000c $d
     /tmp/ccjFwu0S.s:330    .text.SDIO_IRQHandler:0000000000000000 $t
     /tmp/ccjFwu0S.s:337    .text.SDIO_IRQHandler:0000000000000000 SDIO_IRQHandler
     /tmp/ccjFwu0S.s:356    .text.SDIO_IRQHandler:000000000000000c $d
     /tmp/ccjFwu0S.s:361    .text.TIM6_DAC_IRQHandler:0000000000000000 $t
     /tmp/ccjFwu0S.s:368    .text.TIM6_DAC_IRQHandler:0000000000000000 TIM6_DAC_IRQHandler
     /tmp/ccjFwu0S.s:387    .text.TIM6_DAC_IRQHandler:000000000000000c $d
     /tmp/ccjFwu0S.s:392    .text.TIM7_IRQHandler:0000000000000000 $t
     /tmp/ccjFwu0S.s:399    .text.TIM7_IRQHandler:0000000000000000 TIM7_IRQHandler
     /tmp/ccjFwu0S.s:418    .text.TIM7_IRQHandler:000000000000000c $d
     /tmp/ccjFwu0S.s:423    .text.DMA2_Stream3_IRQHandler:0000000000000000 $t
     /tmp/ccjFwu0S.s:430    .text.DMA2_Stream3_IRQHandler:0000000000000000 DMA2_Stream3_IRQHandler
     /tmp/ccjFwu0S.s:449    .text.DMA2_Stream3_IRQHandler:000000000000000c $d
     /tmp/ccjFwu0S.s:454    .text.DMA2_Stream6_IRQHandler:0000000000000000 $t
     /tmp/ccjFwu0S.s:461    .text.DMA2_Stream6_IRQHandler:0000000000000000 DMA2_Stream6_IRQHandler
     /tmp/ccjFwu0S.s:480    .text.DMA2_Stream6_IRQHandler:000000000000000c $d
                     .debug_frame:0000000000000010 $d

UNDEFINED SYMBOLS
HAL_IncTick
HAL_CAN_IRQHandler
hcan1
HAL_UART_IRQHandler
huart2
HAL_SD_IRQHandler
hsd
ARM GAS  /tmp/ccjFwu0S.s 			page 16


HAL_TIM_IRQHandler
htim6
htim7
HAL_DMA_IRQHandler
hdma_sdio_rx
hdma_sdio_tx
