ARM GAS  /tmp/ccqS9VP5.s 			page 1


   1              		.cpu cortex-m4
   2              		.eabi_attribute 27, 1
   3              		.eabi_attribute 28, 1
   4              		.eabi_attribute 20, 1
   5              		.eabi_attribute 21, 1
   6              		.eabi_attribute 23, 3
   7              		.eabi_attribute 24, 1
   8              		.eabi_attribute 25, 1
   9              		.eabi_attribute 26, 1
  10              		.eabi_attribute 30, 1
  11              		.eabi_attribute 34, 1
  12              		.eabi_attribute 18, 4
  13              		.file	"stm32f4xx_hal_msp.c"
  14              		.text
  15              	.Ltext0:
  16              		.cfi_sections	.debug_frame
  17              		.section	.text.HAL_MspInit,"ax",%progbits
  18              		.align	1
  19              		.global	HAL_MspInit
  20              		.syntax unified
  21              		.thumb
  22              		.thumb_func
  23              		.fpu fpv4-sp-d16
  25              	HAL_MspInit:
  26              	.LFB130:
  27              		.file 1 "Src/stm32f4xx_hal_msp.c"
   1:Src/stm32f4xx_hal_msp.c **** /* USER CODE BEGIN Header */
   2:Src/stm32f4xx_hal_msp.c **** /**
   3:Src/stm32f4xx_hal_msp.c ****   ******************************************************************************
   4:Src/stm32f4xx_hal_msp.c ****   * File Name          : stm32f4xx_hal_msp.c
   5:Src/stm32f4xx_hal_msp.c ****   * Description        : This file provides code for the MSP Initialization 
   6:Src/stm32f4xx_hal_msp.c ****   *                      and de-Initialization codes.
   7:Src/stm32f4xx_hal_msp.c ****   ******************************************************************************
   8:Src/stm32f4xx_hal_msp.c ****   * @attention
   9:Src/stm32f4xx_hal_msp.c ****   *
  10:Src/stm32f4xx_hal_msp.c ****   * <h2><center>&copy; Copyright (c) 2019 STMicroelectronics.
  11:Src/stm32f4xx_hal_msp.c ****   * All rights reserved.</center></h2>
  12:Src/stm32f4xx_hal_msp.c ****   *
  13:Src/stm32f4xx_hal_msp.c ****   * This software component is licensed by ST under BSD 3-Clause license,
  14:Src/stm32f4xx_hal_msp.c ****   * the "License"; You may not use this file except in compliance with the
  15:Src/stm32f4xx_hal_msp.c ****   * License. You may obtain a copy of the License at:
  16:Src/stm32f4xx_hal_msp.c ****   *                        opensource.org/licenses/BSD-3-Clause
  17:Src/stm32f4xx_hal_msp.c ****   *
  18:Src/stm32f4xx_hal_msp.c ****   ******************************************************************************
  19:Src/stm32f4xx_hal_msp.c ****   */
  20:Src/stm32f4xx_hal_msp.c **** /* USER CODE END Header */
  21:Src/stm32f4xx_hal_msp.c **** 
  22:Src/stm32f4xx_hal_msp.c **** /* Includes ------------------------------------------------------------------*/
  23:Src/stm32f4xx_hal_msp.c **** #include "main.h"
  24:Src/stm32f4xx_hal_msp.c **** /* USER CODE BEGIN Includes */
  25:Src/stm32f4xx_hal_msp.c **** 
  26:Src/stm32f4xx_hal_msp.c **** /* USER CODE END Includes */
  27:Src/stm32f4xx_hal_msp.c **** extern DMA_HandleTypeDef hdma_sdio_rx;
  28:Src/stm32f4xx_hal_msp.c **** 
  29:Src/stm32f4xx_hal_msp.c **** extern DMA_HandleTypeDef hdma_sdio_tx;
  30:Src/stm32f4xx_hal_msp.c **** 
  31:Src/stm32f4xx_hal_msp.c **** /* Private typedef -----------------------------------------------------------*/
ARM GAS  /tmp/ccqS9VP5.s 			page 2


  32:Src/stm32f4xx_hal_msp.c **** /* USER CODE BEGIN TD */
  33:Src/stm32f4xx_hal_msp.c **** 
  34:Src/stm32f4xx_hal_msp.c **** /* USER CODE END TD */
  35:Src/stm32f4xx_hal_msp.c **** 
  36:Src/stm32f4xx_hal_msp.c **** /* Private define ------------------------------------------------------------*/
  37:Src/stm32f4xx_hal_msp.c **** /* USER CODE BEGIN Define */
  38:Src/stm32f4xx_hal_msp.c ****  
  39:Src/stm32f4xx_hal_msp.c **** /* USER CODE END Define */
  40:Src/stm32f4xx_hal_msp.c **** 
  41:Src/stm32f4xx_hal_msp.c **** /* Private macro -------------------------------------------------------------*/
  42:Src/stm32f4xx_hal_msp.c **** /* USER CODE BEGIN Macro */
  43:Src/stm32f4xx_hal_msp.c **** 
  44:Src/stm32f4xx_hal_msp.c **** /* USER CODE END Macro */
  45:Src/stm32f4xx_hal_msp.c **** 
  46:Src/stm32f4xx_hal_msp.c **** /* Private variables ---------------------------------------------------------*/
  47:Src/stm32f4xx_hal_msp.c **** /* USER CODE BEGIN PV */
  48:Src/stm32f4xx_hal_msp.c **** 
  49:Src/stm32f4xx_hal_msp.c **** /* USER CODE END PV */
  50:Src/stm32f4xx_hal_msp.c **** 
  51:Src/stm32f4xx_hal_msp.c **** /* Private function prototypes -----------------------------------------------*/
  52:Src/stm32f4xx_hal_msp.c **** /* USER CODE BEGIN PFP */
  53:Src/stm32f4xx_hal_msp.c **** 
  54:Src/stm32f4xx_hal_msp.c **** /* USER CODE END PFP */
  55:Src/stm32f4xx_hal_msp.c **** 
  56:Src/stm32f4xx_hal_msp.c **** /* External functions --------------------------------------------------------*/
  57:Src/stm32f4xx_hal_msp.c **** /* USER CODE BEGIN ExternalFunctions */
  58:Src/stm32f4xx_hal_msp.c **** 
  59:Src/stm32f4xx_hal_msp.c **** /* USER CODE END ExternalFunctions */
  60:Src/stm32f4xx_hal_msp.c **** 
  61:Src/stm32f4xx_hal_msp.c **** /* USER CODE BEGIN 0 */
  62:Src/stm32f4xx_hal_msp.c **** 
  63:Src/stm32f4xx_hal_msp.c **** /* USER CODE END 0 */
  64:Src/stm32f4xx_hal_msp.c **** /**
  65:Src/stm32f4xx_hal_msp.c ****   * Initializes the Global MSP.
  66:Src/stm32f4xx_hal_msp.c ****   */
  67:Src/stm32f4xx_hal_msp.c **** void HAL_MspInit(void)
  68:Src/stm32f4xx_hal_msp.c **** {
  28              		.loc 1 68 0
  29              		.cfi_startproc
  30              		@ args = 0, pretend = 0, frame = 8
  31              		@ frame_needed = 0, uses_anonymous_args = 0
  32              		@ link register save eliminated.
  33 0000 82B0     		sub	sp, sp, #8
  34              	.LCFI0:
  35              		.cfi_def_cfa_offset 8
  36              	.LBB2:
  69:Src/stm32f4xx_hal_msp.c ****   /* USER CODE BEGIN MspInit 0 */
  70:Src/stm32f4xx_hal_msp.c **** 
  71:Src/stm32f4xx_hal_msp.c ****   /* USER CODE END MspInit 0 */
  72:Src/stm32f4xx_hal_msp.c **** 
  73:Src/stm32f4xx_hal_msp.c ****   __HAL_RCC_SYSCFG_CLK_ENABLE();
  37              		.loc 1 73 0
  38 0002 0021     		movs	r1, #0
  39 0004 0091     		str	r1, [sp]
  40 0006 0B4B     		ldr	r3, .L3
  41 0008 5A6C     		ldr	r2, [r3, #68]
  42 000a 42F48042 		orr	r2, r2, #16384
ARM GAS  /tmp/ccqS9VP5.s 			page 3


  43 000e 5A64     		str	r2, [r3, #68]
  44 0010 5A6C     		ldr	r2, [r3, #68]
  45 0012 02F48042 		and	r2, r2, #16384
  46 0016 0092     		str	r2, [sp]
  47 0018 009A     		ldr	r2, [sp]
  48              	.LBE2:
  49              	.LBB3:
  74:Src/stm32f4xx_hal_msp.c ****   __HAL_RCC_PWR_CLK_ENABLE();
  50              		.loc 1 74 0
  51 001a 0191     		str	r1, [sp, #4]
  52 001c 1A6C     		ldr	r2, [r3, #64]
  53 001e 42F08052 		orr	r2, r2, #268435456
  54 0022 1A64     		str	r2, [r3, #64]
  55 0024 1B6C     		ldr	r3, [r3, #64]
  56 0026 03F08053 		and	r3, r3, #268435456
  57 002a 0193     		str	r3, [sp, #4]
  58 002c 019B     		ldr	r3, [sp, #4]
  59              	.LBE3:
  75:Src/stm32f4xx_hal_msp.c **** 
  76:Src/stm32f4xx_hal_msp.c ****   /* System interrupt init*/
  77:Src/stm32f4xx_hal_msp.c **** 
  78:Src/stm32f4xx_hal_msp.c ****   /* USER CODE BEGIN MspInit 1 */
  79:Src/stm32f4xx_hal_msp.c **** 
  80:Src/stm32f4xx_hal_msp.c ****   /* USER CODE END MspInit 1 */
  81:Src/stm32f4xx_hal_msp.c **** }
  60              		.loc 1 81 0
  61 002e 02B0     		add	sp, sp, #8
  62              	.LCFI1:
  63              		.cfi_def_cfa_offset 0
  64              		@ sp needed
  65 0030 7047     		bx	lr
  66              	.L4:
  67 0032 00BF     		.align	2
  68              	.L3:
  69 0034 00380240 		.word	1073887232
  70              		.cfi_endproc
  71              	.LFE130:
  73              		.section	.text.HAL_CAN_MspInit,"ax",%progbits
  74              		.align	1
  75              		.global	HAL_CAN_MspInit
  76              		.syntax unified
  77              		.thumb
  78              		.thumb_func
  79              		.fpu fpv4-sp-d16
  81              	HAL_CAN_MspInit:
  82              	.LFB131:
  82:Src/stm32f4xx_hal_msp.c **** 
  83:Src/stm32f4xx_hal_msp.c **** /**
  84:Src/stm32f4xx_hal_msp.c **** * @brief CAN MSP Initialization
  85:Src/stm32f4xx_hal_msp.c **** * This function configures the hardware resources used in this example
  86:Src/stm32f4xx_hal_msp.c **** * @param hcan: CAN handle pointer
  87:Src/stm32f4xx_hal_msp.c **** * @retval None
  88:Src/stm32f4xx_hal_msp.c **** */
  89:Src/stm32f4xx_hal_msp.c **** void HAL_CAN_MspInit(CAN_HandleTypeDef* hcan)
  90:Src/stm32f4xx_hal_msp.c **** {
  83              		.loc 1 90 0
  84              		.cfi_startproc
ARM GAS  /tmp/ccqS9VP5.s 			page 4


  85              		@ args = 0, pretend = 0, frame = 32
  86              		@ frame_needed = 0, uses_anonymous_args = 0
  87              	.LVL0:
  88 0000 00B5     		push	{lr}
  89              	.LCFI2:
  90              		.cfi_def_cfa_offset 4
  91              		.cfi_offset 14, -4
  92 0002 89B0     		sub	sp, sp, #36
  93              	.LCFI3:
  94              		.cfi_def_cfa_offset 40
  91:Src/stm32f4xx_hal_msp.c ****   GPIO_InitTypeDef GPIO_InitStruct = {0};
  95              		.loc 1 91 0
  96 0004 0023     		movs	r3, #0
  97 0006 0393     		str	r3, [sp, #12]
  98 0008 0493     		str	r3, [sp, #16]
  99 000a 0593     		str	r3, [sp, #20]
 100 000c 0693     		str	r3, [sp, #24]
 101 000e 0793     		str	r3, [sp, #28]
  92:Src/stm32f4xx_hal_msp.c ****   if(hcan->Instance==CAN1)
 102              		.loc 1 92 0
 103 0010 0268     		ldr	r2, [r0]
 104 0012 154B     		ldr	r3, .L9
 105 0014 9A42     		cmp	r2, r3
 106 0016 02D0     		beq	.L8
 107              	.LVL1:
 108              	.L5:
  93:Src/stm32f4xx_hal_msp.c ****   {
  94:Src/stm32f4xx_hal_msp.c ****   /* USER CODE BEGIN CAN1_MspInit 0 */
  95:Src/stm32f4xx_hal_msp.c **** 
  96:Src/stm32f4xx_hal_msp.c ****   /* USER CODE END CAN1_MspInit 0 */
  97:Src/stm32f4xx_hal_msp.c ****     /* Peripheral clock enable */
  98:Src/stm32f4xx_hal_msp.c ****     __HAL_RCC_CAN1_CLK_ENABLE();
  99:Src/stm32f4xx_hal_msp.c ****   
 100:Src/stm32f4xx_hal_msp.c ****     __HAL_RCC_GPIOA_CLK_ENABLE();
 101:Src/stm32f4xx_hal_msp.c ****     /**CAN1 GPIO Configuration    
 102:Src/stm32f4xx_hal_msp.c ****     PA11     ------> CAN1_RX
 103:Src/stm32f4xx_hal_msp.c ****     PA12     ------> CAN1_TX 
 104:Src/stm32f4xx_hal_msp.c ****     */
 105:Src/stm32f4xx_hal_msp.c ****     GPIO_InitStruct.Pin = GPIO_PIN_11|GPIO_PIN_12;
 106:Src/stm32f4xx_hal_msp.c ****     GPIO_InitStruct.Mode = GPIO_MODE_AF_PP;
 107:Src/stm32f4xx_hal_msp.c ****     GPIO_InitStruct.Pull = GPIO_NOPULL;
 108:Src/stm32f4xx_hal_msp.c ****     GPIO_InitStruct.Speed = GPIO_SPEED_FREQ_VERY_HIGH;
 109:Src/stm32f4xx_hal_msp.c ****     GPIO_InitStruct.Alternate = GPIO_AF9_CAN1;
 110:Src/stm32f4xx_hal_msp.c ****     HAL_GPIO_Init(GPIOA, &GPIO_InitStruct);
 111:Src/stm32f4xx_hal_msp.c **** 
 112:Src/stm32f4xx_hal_msp.c ****   /* USER CODE BEGIN CAN1_MspInit 1 */
 113:Src/stm32f4xx_hal_msp.c **** 
 114:Src/stm32f4xx_hal_msp.c ****   /* USER CODE END CAN1_MspInit 1 */
 115:Src/stm32f4xx_hal_msp.c ****   }
 116:Src/stm32f4xx_hal_msp.c **** 
 117:Src/stm32f4xx_hal_msp.c **** }
 109              		.loc 1 117 0
 110 0018 09B0     		add	sp, sp, #36
 111              	.LCFI4:
 112              		.cfi_remember_state
 113              		.cfi_def_cfa_offset 4
 114              		@ sp needed
ARM GAS  /tmp/ccqS9VP5.s 			page 5


 115 001a 5DF804FB 		ldr	pc, [sp], #4
 116              	.LVL2:
 117              	.L8:
 118              	.LCFI5:
 119              		.cfi_restore_state
 120              	.LBB4:
  98:Src/stm32f4xx_hal_msp.c ****   
 121              		.loc 1 98 0
 122 001e 0021     		movs	r1, #0
 123 0020 0191     		str	r1, [sp, #4]
 124 0022 03F5EA33 		add	r3, r3, #119808
 125 0026 1A6C     		ldr	r2, [r3, #64]
 126 0028 42F00072 		orr	r2, r2, #33554432
 127 002c 1A64     		str	r2, [r3, #64]
 128 002e 1A6C     		ldr	r2, [r3, #64]
 129 0030 02F00072 		and	r2, r2, #33554432
 130 0034 0192     		str	r2, [sp, #4]
 131 0036 019A     		ldr	r2, [sp, #4]
 132              	.LBE4:
 133              	.LBB5:
 100:Src/stm32f4xx_hal_msp.c ****     /**CAN1 GPIO Configuration    
 134              		.loc 1 100 0
 135 0038 0291     		str	r1, [sp, #8]
 136 003a 1A6B     		ldr	r2, [r3, #48]
 137 003c 42F00102 		orr	r2, r2, #1
 138 0040 1A63     		str	r2, [r3, #48]
 139 0042 1B6B     		ldr	r3, [r3, #48]
 140 0044 03F00103 		and	r3, r3, #1
 141 0048 0293     		str	r3, [sp, #8]
 142 004a 029B     		ldr	r3, [sp, #8]
 143              	.LBE5:
 105:Src/stm32f4xx_hal_msp.c ****     GPIO_InitStruct.Mode = GPIO_MODE_AF_PP;
 144              		.loc 1 105 0
 145 004c 4FF4C053 		mov	r3, #6144
 146 0050 0393     		str	r3, [sp, #12]
 106:Src/stm32f4xx_hal_msp.c ****     GPIO_InitStruct.Pull = GPIO_NOPULL;
 147              		.loc 1 106 0
 148 0052 0223     		movs	r3, #2
 149 0054 0493     		str	r3, [sp, #16]
 108:Src/stm32f4xx_hal_msp.c ****     GPIO_InitStruct.Alternate = GPIO_AF9_CAN1;
 150              		.loc 1 108 0
 151 0056 0323     		movs	r3, #3
 152 0058 0693     		str	r3, [sp, #24]
 109:Src/stm32f4xx_hal_msp.c ****     HAL_GPIO_Init(GPIOA, &GPIO_InitStruct);
 153              		.loc 1 109 0
 154 005a 0923     		movs	r3, #9
 155 005c 0793     		str	r3, [sp, #28]
 110:Src/stm32f4xx_hal_msp.c **** 
 156              		.loc 1 110 0
 157 005e 03A9     		add	r1, sp, #12
 158 0060 0248     		ldr	r0, .L9+4
 159              	.LVL3:
 160 0062 FFF7FEFF 		bl	HAL_GPIO_Init
 161              	.LVL4:
 162              		.loc 1 117 0
 163 0066 D7E7     		b	.L5
 164              	.L10:
ARM GAS  /tmp/ccqS9VP5.s 			page 6


 165              		.align	2
 166              	.L9:
 167 0068 00640040 		.word	1073767424
 168 006c 00000240 		.word	1073872896
 169              		.cfi_endproc
 170              	.LFE131:
 172              		.section	.text.HAL_CAN_MspDeInit,"ax",%progbits
 173              		.align	1
 174              		.global	HAL_CAN_MspDeInit
 175              		.syntax unified
 176              		.thumb
 177              		.thumb_func
 178              		.fpu fpv4-sp-d16
 180              	HAL_CAN_MspDeInit:
 181              	.LFB132:
 118:Src/stm32f4xx_hal_msp.c **** 
 119:Src/stm32f4xx_hal_msp.c **** /**
 120:Src/stm32f4xx_hal_msp.c **** * @brief CAN MSP De-Initialization
 121:Src/stm32f4xx_hal_msp.c **** * This function freeze the hardware resources used in this example
 122:Src/stm32f4xx_hal_msp.c **** * @param hcan: CAN handle pointer
 123:Src/stm32f4xx_hal_msp.c **** * @retval None
 124:Src/stm32f4xx_hal_msp.c **** */
 125:Src/stm32f4xx_hal_msp.c **** void HAL_CAN_MspDeInit(CAN_HandleTypeDef* hcan)
 126:Src/stm32f4xx_hal_msp.c **** {
 182              		.loc 1 126 0
 183              		.cfi_startproc
 184              		@ args = 0, pretend = 0, frame = 0
 185              		@ frame_needed = 0, uses_anonymous_args = 0
 186              	.LVL5:
 187 0000 08B5     		push	{r3, lr}
 188              	.LCFI6:
 189              		.cfi_def_cfa_offset 8
 190              		.cfi_offset 3, -8
 191              		.cfi_offset 14, -4
 127:Src/stm32f4xx_hal_msp.c ****   if(hcan->Instance==CAN1)
 192              		.loc 1 127 0
 193 0002 0268     		ldr	r2, [r0]
 194 0004 0B4B     		ldr	r3, .L15
 195 0006 9A42     		cmp	r2, r3
 196 0008 00D0     		beq	.L14
 197              	.LVL6:
 198              	.L11:
 199 000a 08BD     		pop	{r3, pc}
 200              	.LVL7:
 201              	.L14:
 128:Src/stm32f4xx_hal_msp.c ****   {
 129:Src/stm32f4xx_hal_msp.c ****   /* USER CODE BEGIN CAN1_MspDeInit 0 */
 130:Src/stm32f4xx_hal_msp.c **** 
 131:Src/stm32f4xx_hal_msp.c ****   /* USER CODE END CAN1_MspDeInit 0 */
 132:Src/stm32f4xx_hal_msp.c ****     /* Peripheral clock disable */
 133:Src/stm32f4xx_hal_msp.c ****     __HAL_RCC_CAN1_CLK_DISABLE();
 202              		.loc 1 133 0
 203 000c 0A4A     		ldr	r2, .L15+4
 204 000e 136C     		ldr	r3, [r2, #64]
 205 0010 23F00073 		bic	r3, r3, #33554432
 206 0014 1364     		str	r3, [r2, #64]
 134:Src/stm32f4xx_hal_msp.c ****   
ARM GAS  /tmp/ccqS9VP5.s 			page 7


 135:Src/stm32f4xx_hal_msp.c ****     /**CAN1 GPIO Configuration    
 136:Src/stm32f4xx_hal_msp.c ****     PA11     ------> CAN1_RX
 137:Src/stm32f4xx_hal_msp.c ****     PA12     ------> CAN1_TX 
 138:Src/stm32f4xx_hal_msp.c ****     */
 139:Src/stm32f4xx_hal_msp.c ****     HAL_GPIO_DeInit(GPIOA, GPIO_PIN_11|GPIO_PIN_12);
 207              		.loc 1 139 0
 208 0016 4FF4C051 		mov	r1, #6144
 209 001a 0848     		ldr	r0, .L15+8
 210              	.LVL8:
 211 001c FFF7FEFF 		bl	HAL_GPIO_DeInit
 212              	.LVL9:
 140:Src/stm32f4xx_hal_msp.c **** 
 141:Src/stm32f4xx_hal_msp.c ****     /* CAN1 interrupt DeInit */
 142:Src/stm32f4xx_hal_msp.c ****     HAL_NVIC_DisableIRQ(CAN1_RX0_IRQn);
 213              		.loc 1 142 0
 214 0020 1420     		movs	r0, #20
 215 0022 FFF7FEFF 		bl	HAL_NVIC_DisableIRQ
 216              	.LVL10:
 143:Src/stm32f4xx_hal_msp.c ****     HAL_NVIC_DisableIRQ(CAN1_RX1_IRQn);
 217              		.loc 1 143 0
 218 0026 1520     		movs	r0, #21
 219 0028 FFF7FEFF 		bl	HAL_NVIC_DisableIRQ
 220              	.LVL11:
 144:Src/stm32f4xx_hal_msp.c ****     HAL_NVIC_DisableIRQ(CAN1_SCE_IRQn);
 221              		.loc 1 144 0
 222 002c 1620     		movs	r0, #22
 223 002e FFF7FEFF 		bl	HAL_NVIC_DisableIRQ
 224              	.LVL12:
 145:Src/stm32f4xx_hal_msp.c ****   /* USER CODE BEGIN CAN1_MspDeInit 1 */
 146:Src/stm32f4xx_hal_msp.c **** 
 147:Src/stm32f4xx_hal_msp.c ****   /* USER CODE END CAN1_MspDeInit 1 */
 148:Src/stm32f4xx_hal_msp.c ****   }
 149:Src/stm32f4xx_hal_msp.c **** 
 150:Src/stm32f4xx_hal_msp.c **** }
 225              		.loc 1 150 0
 226 0032 EAE7     		b	.L11
 227              	.L16:
 228              		.align	2
 229              	.L15:
 230 0034 00640040 		.word	1073767424
 231 0038 00380240 		.word	1073887232
 232 003c 00000240 		.word	1073872896
 233              		.cfi_endproc
 234              	.LFE132:
 236              		.section	.text.HAL_SD_MspInit,"ax",%progbits
 237              		.align	1
 238              		.global	HAL_SD_MspInit
 239              		.syntax unified
 240              		.thumb
 241              		.thumb_func
 242              		.fpu fpv4-sp-d16
 244              	HAL_SD_MspInit:
 245              	.LFB133:
 151:Src/stm32f4xx_hal_msp.c **** 
 152:Src/stm32f4xx_hal_msp.c **** /**
 153:Src/stm32f4xx_hal_msp.c **** * @brief SD MSP Initialization
 154:Src/stm32f4xx_hal_msp.c **** * This function configures the hardware resources used in this example
ARM GAS  /tmp/ccqS9VP5.s 			page 8


 155:Src/stm32f4xx_hal_msp.c **** * @param hsd: SD handle pointer
 156:Src/stm32f4xx_hal_msp.c **** * @retval None
 157:Src/stm32f4xx_hal_msp.c **** */
 158:Src/stm32f4xx_hal_msp.c **** void HAL_SD_MspInit(SD_HandleTypeDef* hsd)
 159:Src/stm32f4xx_hal_msp.c **** {
 246              		.loc 1 159 0
 247              		.cfi_startproc
 248              		@ args = 0, pretend = 0, frame = 40
 249              		@ frame_needed = 0, uses_anonymous_args = 0
 250              	.LVL13:
 251 0000 2DE9F043 		push	{r4, r5, r6, r7, r8, r9, lr}
 252              	.LCFI7:
 253              		.cfi_def_cfa_offset 28
 254              		.cfi_offset 4, -28
 255              		.cfi_offset 5, -24
 256              		.cfi_offset 6, -20
 257              		.cfi_offset 7, -16
 258              		.cfi_offset 8, -12
 259              		.cfi_offset 9, -8
 260              		.cfi_offset 14, -4
 261 0004 8BB0     		sub	sp, sp, #44
 262              	.LCFI8:
 263              		.cfi_def_cfa_offset 72
 160:Src/stm32f4xx_hal_msp.c ****   GPIO_InitTypeDef GPIO_InitStruct = {0};
 264              		.loc 1 160 0
 265 0006 0023     		movs	r3, #0
 266 0008 0593     		str	r3, [sp, #20]
 267 000a 0693     		str	r3, [sp, #24]
 268 000c 0793     		str	r3, [sp, #28]
 269 000e 0893     		str	r3, [sp, #32]
 270 0010 0993     		str	r3, [sp, #36]
 161:Src/stm32f4xx_hal_msp.c ****   if(hsd->Instance==SDIO)
 271              		.loc 1 161 0
 272 0012 0268     		ldr	r2, [r0]
 273 0014 584B     		ldr	r3, .L25
 274 0016 9A42     		cmp	r2, r3
 275 0018 02D0     		beq	.L22
 276              	.LVL14:
 277              	.L17:
 162:Src/stm32f4xx_hal_msp.c ****   {
 163:Src/stm32f4xx_hal_msp.c ****   /* USER CODE BEGIN SDIO_MspInit 0 */
 164:Src/stm32f4xx_hal_msp.c **** 
 165:Src/stm32f4xx_hal_msp.c ****   /* USER CODE END SDIO_MspInit 0 */
 166:Src/stm32f4xx_hal_msp.c ****     /* Peripheral clock enable */
 167:Src/stm32f4xx_hal_msp.c ****     __HAL_RCC_SDIO_CLK_ENABLE();
 168:Src/stm32f4xx_hal_msp.c ****   
 169:Src/stm32f4xx_hal_msp.c ****     __HAL_RCC_GPIOB_CLK_ENABLE();
 170:Src/stm32f4xx_hal_msp.c ****     __HAL_RCC_GPIOC_CLK_ENABLE();
 171:Src/stm32f4xx_hal_msp.c ****     __HAL_RCC_GPIOD_CLK_ENABLE();
 172:Src/stm32f4xx_hal_msp.c ****     /**SDIO GPIO Configuration    
 173:Src/stm32f4xx_hal_msp.c ****     PB2     ------> SDIO_CK
 174:Src/stm32f4xx_hal_msp.c ****     PC8     ------> SDIO_D0
 175:Src/stm32f4xx_hal_msp.c ****     PD2     ------> SDIO_CMD 
 176:Src/stm32f4xx_hal_msp.c ****     */
 177:Src/stm32f4xx_hal_msp.c ****     GPIO_InitStruct.Pin = GPIO_PIN_2;
 178:Src/stm32f4xx_hal_msp.c ****     GPIO_InitStruct.Mode = GPIO_MODE_AF_PP;
 179:Src/stm32f4xx_hal_msp.c ****     GPIO_InitStruct.Pull = GPIO_NOPULL;
ARM GAS  /tmp/ccqS9VP5.s 			page 9


 180:Src/stm32f4xx_hal_msp.c ****     GPIO_InitStruct.Speed = GPIO_SPEED_FREQ_VERY_HIGH;
 181:Src/stm32f4xx_hal_msp.c ****     GPIO_InitStruct.Alternate = GPIO_AF12_SDIO;
 182:Src/stm32f4xx_hal_msp.c ****     HAL_GPIO_Init(GPIOB, &GPIO_InitStruct);
 183:Src/stm32f4xx_hal_msp.c **** 
 184:Src/stm32f4xx_hal_msp.c ****     GPIO_InitStruct.Pin = GPIO_PIN_8;
 185:Src/stm32f4xx_hal_msp.c ****     GPIO_InitStruct.Mode = GPIO_MODE_AF_PP;
 186:Src/stm32f4xx_hal_msp.c ****     GPIO_InitStruct.Pull = GPIO_NOPULL;
 187:Src/stm32f4xx_hal_msp.c ****     GPIO_InitStruct.Speed = GPIO_SPEED_FREQ_VERY_HIGH;
 188:Src/stm32f4xx_hal_msp.c ****     GPIO_InitStruct.Alternate = GPIO_AF12_SDIO;
 189:Src/stm32f4xx_hal_msp.c ****     HAL_GPIO_Init(GPIOC, &GPIO_InitStruct);
 190:Src/stm32f4xx_hal_msp.c **** 
 191:Src/stm32f4xx_hal_msp.c ****     GPIO_InitStruct.Pin = GPIO_PIN_2;
 192:Src/stm32f4xx_hal_msp.c ****     GPIO_InitStruct.Mode = GPIO_MODE_AF_PP;
 193:Src/stm32f4xx_hal_msp.c ****     GPIO_InitStruct.Pull = GPIO_NOPULL;
 194:Src/stm32f4xx_hal_msp.c ****     GPIO_InitStruct.Speed = GPIO_SPEED_FREQ_VERY_HIGH;
 195:Src/stm32f4xx_hal_msp.c ****     GPIO_InitStruct.Alternate = GPIO_AF12_SDIO;
 196:Src/stm32f4xx_hal_msp.c ****     HAL_GPIO_Init(GPIOD, &GPIO_InitStruct);
 197:Src/stm32f4xx_hal_msp.c **** 
 198:Src/stm32f4xx_hal_msp.c ****     /* SDIO DMA Init */
 199:Src/stm32f4xx_hal_msp.c ****     /* SDIO_RX Init */
 200:Src/stm32f4xx_hal_msp.c ****     hdma_sdio_rx.Instance = DMA2_Stream3;
 201:Src/stm32f4xx_hal_msp.c ****     hdma_sdio_rx.Init.Channel = DMA_CHANNEL_4;
 202:Src/stm32f4xx_hal_msp.c ****     hdma_sdio_rx.Init.Direction = DMA_PERIPH_TO_MEMORY;
 203:Src/stm32f4xx_hal_msp.c ****     hdma_sdio_rx.Init.PeriphInc = DMA_PINC_DISABLE;
 204:Src/stm32f4xx_hal_msp.c ****     hdma_sdio_rx.Init.MemInc = DMA_MINC_ENABLE;
 205:Src/stm32f4xx_hal_msp.c ****     hdma_sdio_rx.Init.PeriphDataAlignment = DMA_PDATAALIGN_WORD;
 206:Src/stm32f4xx_hal_msp.c ****     hdma_sdio_rx.Init.MemDataAlignment = DMA_MDATAALIGN_WORD;
 207:Src/stm32f4xx_hal_msp.c ****     hdma_sdio_rx.Init.Mode = DMA_PFCTRL;
 208:Src/stm32f4xx_hal_msp.c ****     hdma_sdio_rx.Init.Priority = DMA_PRIORITY_LOW;
 209:Src/stm32f4xx_hal_msp.c ****     hdma_sdio_rx.Init.FIFOMode = DMA_FIFOMODE_ENABLE;
 210:Src/stm32f4xx_hal_msp.c ****     hdma_sdio_rx.Init.FIFOThreshold = DMA_FIFO_THRESHOLD_FULL;
 211:Src/stm32f4xx_hal_msp.c ****     hdma_sdio_rx.Init.MemBurst = DMA_MBURST_INC4;
 212:Src/stm32f4xx_hal_msp.c ****     hdma_sdio_rx.Init.PeriphBurst = DMA_PBURST_INC4;
 213:Src/stm32f4xx_hal_msp.c ****     if (HAL_DMA_Init(&hdma_sdio_rx) != HAL_OK)
 214:Src/stm32f4xx_hal_msp.c ****     {
 215:Src/stm32f4xx_hal_msp.c ****       Error_Handler();
 216:Src/stm32f4xx_hal_msp.c ****     }
 217:Src/stm32f4xx_hal_msp.c **** 
 218:Src/stm32f4xx_hal_msp.c ****     __HAL_LINKDMA(hsd,hdmarx,hdma_sdio_rx);
 219:Src/stm32f4xx_hal_msp.c **** 
 220:Src/stm32f4xx_hal_msp.c ****     /* SDIO_TX Init */
 221:Src/stm32f4xx_hal_msp.c ****     hdma_sdio_tx.Instance = DMA2_Stream6;
 222:Src/stm32f4xx_hal_msp.c ****     hdma_sdio_tx.Init.Channel = DMA_CHANNEL_4;
 223:Src/stm32f4xx_hal_msp.c ****     hdma_sdio_tx.Init.Direction = DMA_MEMORY_TO_PERIPH;
 224:Src/stm32f4xx_hal_msp.c ****     hdma_sdio_tx.Init.PeriphInc = DMA_PINC_DISABLE;
 225:Src/stm32f4xx_hal_msp.c ****     hdma_sdio_tx.Init.MemInc = DMA_MINC_ENABLE;
 226:Src/stm32f4xx_hal_msp.c ****     hdma_sdio_tx.Init.PeriphDataAlignment = DMA_PDATAALIGN_WORD;
 227:Src/stm32f4xx_hal_msp.c ****     hdma_sdio_tx.Init.MemDataAlignment = DMA_MDATAALIGN_WORD;
 228:Src/stm32f4xx_hal_msp.c ****     hdma_sdio_tx.Init.Mode = DMA_PFCTRL;
 229:Src/stm32f4xx_hal_msp.c ****     hdma_sdio_tx.Init.Priority = DMA_PRIORITY_LOW;
 230:Src/stm32f4xx_hal_msp.c ****     hdma_sdio_tx.Init.FIFOMode = DMA_FIFOMODE_ENABLE;
 231:Src/stm32f4xx_hal_msp.c ****     hdma_sdio_tx.Init.FIFOThreshold = DMA_FIFO_THRESHOLD_FULL;
 232:Src/stm32f4xx_hal_msp.c ****     hdma_sdio_tx.Init.MemBurst = DMA_MBURST_INC4;
 233:Src/stm32f4xx_hal_msp.c ****     hdma_sdio_tx.Init.PeriphBurst = DMA_PBURST_INC4;
 234:Src/stm32f4xx_hal_msp.c ****     if (HAL_DMA_Init(&hdma_sdio_tx) != HAL_OK)
 235:Src/stm32f4xx_hal_msp.c ****     {
 236:Src/stm32f4xx_hal_msp.c ****       Error_Handler();
ARM GAS  /tmp/ccqS9VP5.s 			page 10


 237:Src/stm32f4xx_hal_msp.c ****     }
 238:Src/stm32f4xx_hal_msp.c **** 
 239:Src/stm32f4xx_hal_msp.c ****     __HAL_LINKDMA(hsd,hdmatx,hdma_sdio_tx);
 240:Src/stm32f4xx_hal_msp.c **** 
 241:Src/stm32f4xx_hal_msp.c ****     /* SDIO interrupt Init */
 242:Src/stm32f4xx_hal_msp.c ****     HAL_NVIC_SetPriority(SDIO_IRQn, 0, 0);
 243:Src/stm32f4xx_hal_msp.c ****     HAL_NVIC_EnableIRQ(SDIO_IRQn);
 244:Src/stm32f4xx_hal_msp.c ****   /* USER CODE BEGIN SDIO_MspInit 1 */
 245:Src/stm32f4xx_hal_msp.c **** 
 246:Src/stm32f4xx_hal_msp.c ****   /* USER CODE END SDIO_MspInit 1 */
 247:Src/stm32f4xx_hal_msp.c ****   }
 248:Src/stm32f4xx_hal_msp.c **** 
 249:Src/stm32f4xx_hal_msp.c **** }
 278              		.loc 1 249 0
 279 001a 0BB0     		add	sp, sp, #44
 280              	.LCFI9:
 281              		.cfi_remember_state
 282              		.cfi_def_cfa_offset 28
 283              		@ sp needed
 284 001c BDE8F083 		pop	{r4, r5, r6, r7, r8, r9, pc}
 285              	.LVL15:
 286              	.L22:
 287              	.LCFI10:
 288              		.cfi_restore_state
 289 0020 0446     		mov	r4, r0
 290              	.LBB6:
 167:Src/stm32f4xx_hal_msp.c ****   
 291              		.loc 1 167 0
 292 0022 0025     		movs	r5, #0
 293 0024 0195     		str	r5, [sp, #4]
 294 0026 03F58633 		add	r3, r3, #68608
 295 002a 5A6C     		ldr	r2, [r3, #68]
 296 002c 42F40062 		orr	r2, r2, #2048
 297 0030 5A64     		str	r2, [r3, #68]
 298 0032 5A6C     		ldr	r2, [r3, #68]
 299 0034 02F40062 		and	r2, r2, #2048
 300 0038 0192     		str	r2, [sp, #4]
 301 003a 019A     		ldr	r2, [sp, #4]
 302              	.LBE6:
 303              	.LBB7:
 169:Src/stm32f4xx_hal_msp.c ****     __HAL_RCC_GPIOC_CLK_ENABLE();
 304              		.loc 1 169 0
 305 003c 0295     		str	r5, [sp, #8]
 306 003e 1A6B     		ldr	r2, [r3, #48]
 307 0040 42F00202 		orr	r2, r2, #2
 308 0044 1A63     		str	r2, [r3, #48]
 309 0046 1A6B     		ldr	r2, [r3, #48]
 310 0048 02F00202 		and	r2, r2, #2
 311 004c 0292     		str	r2, [sp, #8]
 312 004e 029A     		ldr	r2, [sp, #8]
 313              	.LBE7:
 314              	.LBB8:
 170:Src/stm32f4xx_hal_msp.c ****     __HAL_RCC_GPIOD_CLK_ENABLE();
 315              		.loc 1 170 0
 316 0050 0395     		str	r5, [sp, #12]
 317 0052 1A6B     		ldr	r2, [r3, #48]
 318 0054 42F00402 		orr	r2, r2, #4
ARM GAS  /tmp/ccqS9VP5.s 			page 11


 319 0058 1A63     		str	r2, [r3, #48]
 320 005a 1A6B     		ldr	r2, [r3, #48]
 321 005c 02F00402 		and	r2, r2, #4
 322 0060 0392     		str	r2, [sp, #12]
 323 0062 039A     		ldr	r2, [sp, #12]
 324              	.LBE8:
 325              	.LBB9:
 171:Src/stm32f4xx_hal_msp.c ****     /**SDIO GPIO Configuration    
 326              		.loc 1 171 0
 327 0064 0495     		str	r5, [sp, #16]
 328 0066 1A6B     		ldr	r2, [r3, #48]
 329 0068 42F00802 		orr	r2, r2, #8
 330 006c 1A63     		str	r2, [r3, #48]
 331 006e 1B6B     		ldr	r3, [r3, #48]
 332 0070 03F00803 		and	r3, r3, #8
 333 0074 0493     		str	r3, [sp, #16]
 334 0076 049B     		ldr	r3, [sp, #16]
 335              	.LBE9:
 177:Src/stm32f4xx_hal_msp.c ****     GPIO_InitStruct.Mode = GPIO_MODE_AF_PP;
 336              		.loc 1 177 0
 337 0078 0427     		movs	r7, #4
 338 007a 0597     		str	r7, [sp, #20]
 178:Src/stm32f4xx_hal_msp.c ****     GPIO_InitStruct.Pull = GPIO_NOPULL;
 339              		.loc 1 178 0
 340 007c 4FF00209 		mov	r9, #2
 341 0080 CDF81890 		str	r9, [sp, #24]
 180:Src/stm32f4xx_hal_msp.c ****     GPIO_InitStruct.Alternate = GPIO_AF12_SDIO;
 342              		.loc 1 180 0
 343 0084 0326     		movs	r6, #3
 344 0086 0896     		str	r6, [sp, #32]
 181:Src/stm32f4xx_hal_msp.c ****     HAL_GPIO_Init(GPIOB, &GPIO_InitStruct);
 345              		.loc 1 181 0
 346 0088 4FF00C08 		mov	r8, #12
 347 008c CDF82480 		str	r8, [sp, #36]
 182:Src/stm32f4xx_hal_msp.c **** 
 348              		.loc 1 182 0
 349 0090 05A9     		add	r1, sp, #20
 350 0092 3A48     		ldr	r0, .L25+4
 351              	.LVL16:
 352 0094 FFF7FEFF 		bl	HAL_GPIO_Init
 353              	.LVL17:
 184:Src/stm32f4xx_hal_msp.c ****     GPIO_InitStruct.Mode = GPIO_MODE_AF_PP;
 354              		.loc 1 184 0
 355 0098 4FF48073 		mov	r3, #256
 356 009c 0593     		str	r3, [sp, #20]
 185:Src/stm32f4xx_hal_msp.c ****     GPIO_InitStruct.Pull = GPIO_NOPULL;
 357              		.loc 1 185 0
 358 009e CDF81890 		str	r9, [sp, #24]
 186:Src/stm32f4xx_hal_msp.c ****     GPIO_InitStruct.Speed = GPIO_SPEED_FREQ_VERY_HIGH;
 359              		.loc 1 186 0
 360 00a2 0795     		str	r5, [sp, #28]
 187:Src/stm32f4xx_hal_msp.c ****     GPIO_InitStruct.Alternate = GPIO_AF12_SDIO;
 361              		.loc 1 187 0
 362 00a4 0896     		str	r6, [sp, #32]
 188:Src/stm32f4xx_hal_msp.c ****     HAL_GPIO_Init(GPIOC, &GPIO_InitStruct);
 363              		.loc 1 188 0
 364 00a6 CDF82480 		str	r8, [sp, #36]
ARM GAS  /tmp/ccqS9VP5.s 			page 12


 189:Src/stm32f4xx_hal_msp.c **** 
 365              		.loc 1 189 0
 366 00aa 05A9     		add	r1, sp, #20
 367 00ac 3448     		ldr	r0, .L25+8
 368 00ae FFF7FEFF 		bl	HAL_GPIO_Init
 369              	.LVL18:
 191:Src/stm32f4xx_hal_msp.c ****     GPIO_InitStruct.Mode = GPIO_MODE_AF_PP;
 370              		.loc 1 191 0
 371 00b2 0597     		str	r7, [sp, #20]
 192:Src/stm32f4xx_hal_msp.c ****     GPIO_InitStruct.Pull = GPIO_NOPULL;
 372              		.loc 1 192 0
 373 00b4 CDF81890 		str	r9, [sp, #24]
 193:Src/stm32f4xx_hal_msp.c ****     GPIO_InitStruct.Speed = GPIO_SPEED_FREQ_VERY_HIGH;
 374              		.loc 1 193 0
 375 00b8 0795     		str	r5, [sp, #28]
 194:Src/stm32f4xx_hal_msp.c ****     GPIO_InitStruct.Alternate = GPIO_AF12_SDIO;
 376              		.loc 1 194 0
 377 00ba 0896     		str	r6, [sp, #32]
 195:Src/stm32f4xx_hal_msp.c ****     HAL_GPIO_Init(GPIOD, &GPIO_InitStruct);
 378              		.loc 1 195 0
 379 00bc CDF82480 		str	r8, [sp, #36]
 196:Src/stm32f4xx_hal_msp.c **** 
 380              		.loc 1 196 0
 381 00c0 05A9     		add	r1, sp, #20
 382 00c2 3048     		ldr	r0, .L25+12
 383 00c4 FFF7FEFF 		bl	HAL_GPIO_Init
 384              	.LVL19:
 200:Src/stm32f4xx_hal_msp.c ****     hdma_sdio_rx.Init.Channel = DMA_CHANNEL_4;
 385              		.loc 1 200 0
 386 00c8 2F48     		ldr	r0, .L25+16
 387 00ca 304B     		ldr	r3, .L25+20
 388 00cc 0360     		str	r3, [r0]
 201:Src/stm32f4xx_hal_msp.c ****     hdma_sdio_rx.Init.Direction = DMA_PERIPH_TO_MEMORY;
 389              		.loc 1 201 0
 390 00ce 4FF00063 		mov	r3, #134217728
 391 00d2 4360     		str	r3, [r0, #4]
 202:Src/stm32f4xx_hal_msp.c ****     hdma_sdio_rx.Init.PeriphInc = DMA_PINC_DISABLE;
 392              		.loc 1 202 0
 393 00d4 8560     		str	r5, [r0, #8]
 203:Src/stm32f4xx_hal_msp.c ****     hdma_sdio_rx.Init.MemInc = DMA_MINC_ENABLE;
 394              		.loc 1 203 0
 395 00d6 C560     		str	r5, [r0, #12]
 204:Src/stm32f4xx_hal_msp.c ****     hdma_sdio_rx.Init.PeriphDataAlignment = DMA_PDATAALIGN_WORD;
 396              		.loc 1 204 0
 397 00d8 4FF48063 		mov	r3, #1024
 398 00dc 0361     		str	r3, [r0, #16]
 205:Src/stm32f4xx_hal_msp.c ****     hdma_sdio_rx.Init.MemDataAlignment = DMA_MDATAALIGN_WORD;
 399              		.loc 1 205 0
 400 00de 4FF48053 		mov	r3, #4096
 401 00e2 4361     		str	r3, [r0, #20]
 206:Src/stm32f4xx_hal_msp.c ****     hdma_sdio_rx.Init.Mode = DMA_PFCTRL;
 402              		.loc 1 206 0
 403 00e4 4FF48043 		mov	r3, #16384
 404 00e8 8361     		str	r3, [r0, #24]
 207:Src/stm32f4xx_hal_msp.c ****     hdma_sdio_rx.Init.Priority = DMA_PRIORITY_LOW;
 405              		.loc 1 207 0
 406 00ea 2023     		movs	r3, #32
ARM GAS  /tmp/ccqS9VP5.s 			page 13


 407 00ec C361     		str	r3, [r0, #28]
 208:Src/stm32f4xx_hal_msp.c ****     hdma_sdio_rx.Init.FIFOMode = DMA_FIFOMODE_ENABLE;
 408              		.loc 1 208 0
 409 00ee 0562     		str	r5, [r0, #32]
 209:Src/stm32f4xx_hal_msp.c ****     hdma_sdio_rx.Init.FIFOThreshold = DMA_FIFO_THRESHOLD_FULL;
 410              		.loc 1 209 0
 411 00f0 4762     		str	r7, [r0, #36]
 210:Src/stm32f4xx_hal_msp.c ****     hdma_sdio_rx.Init.MemBurst = DMA_MBURST_INC4;
 412              		.loc 1 210 0
 413 00f2 8662     		str	r6, [r0, #40]
 211:Src/stm32f4xx_hal_msp.c ****     hdma_sdio_rx.Init.PeriphBurst = DMA_PBURST_INC4;
 414              		.loc 1 211 0
 415 00f4 4FF40003 		mov	r3, #8388608
 416 00f8 C362     		str	r3, [r0, #44]
 212:Src/stm32f4xx_hal_msp.c ****     if (HAL_DMA_Init(&hdma_sdio_rx) != HAL_OK)
 417              		.loc 1 212 0
 418 00fa 4FF40013 		mov	r3, #2097152
 419 00fe 0363     		str	r3, [r0, #48]
 213:Src/stm32f4xx_hal_msp.c ****     {
 420              		.loc 1 213 0
 421 0100 FFF7FEFF 		bl	HAL_DMA_Init
 422              	.LVL20:
 423 0104 0028     		cmp	r0, #0
 424 0106 31D1     		bne	.L23
 425              	.L19:
 218:Src/stm32f4xx_hal_msp.c **** 
 426              		.loc 1 218 0
 427 0108 1F4B     		ldr	r3, .L25+16
 428 010a E363     		str	r3, [r4, #60]
 429 010c 9C63     		str	r4, [r3, #56]
 221:Src/stm32f4xx_hal_msp.c ****     hdma_sdio_tx.Init.Channel = DMA_CHANNEL_4;
 430              		.loc 1 221 0
 431 010e 2048     		ldr	r0, .L25+24
 432 0110 204B     		ldr	r3, .L25+28
 433 0112 0360     		str	r3, [r0]
 222:Src/stm32f4xx_hal_msp.c ****     hdma_sdio_tx.Init.Direction = DMA_MEMORY_TO_PERIPH;
 434              		.loc 1 222 0
 435 0114 4FF00063 		mov	r3, #134217728
 436 0118 4360     		str	r3, [r0, #4]
 223:Src/stm32f4xx_hal_msp.c ****     hdma_sdio_tx.Init.PeriphInc = DMA_PINC_DISABLE;
 437              		.loc 1 223 0
 438 011a 4023     		movs	r3, #64
 439 011c 8360     		str	r3, [r0, #8]
 224:Src/stm32f4xx_hal_msp.c ****     hdma_sdio_tx.Init.MemInc = DMA_MINC_ENABLE;
 440              		.loc 1 224 0
 441 011e 0023     		movs	r3, #0
 442 0120 C360     		str	r3, [r0, #12]
 225:Src/stm32f4xx_hal_msp.c ****     hdma_sdio_tx.Init.PeriphDataAlignment = DMA_PDATAALIGN_WORD;
 443              		.loc 1 225 0
 444 0122 4FF48062 		mov	r2, #1024
 445 0126 0261     		str	r2, [r0, #16]
 226:Src/stm32f4xx_hal_msp.c ****     hdma_sdio_tx.Init.MemDataAlignment = DMA_MDATAALIGN_WORD;
 446              		.loc 1 226 0
 447 0128 4FF48052 		mov	r2, #4096
 448 012c 4261     		str	r2, [r0, #20]
 227:Src/stm32f4xx_hal_msp.c ****     hdma_sdio_tx.Init.Mode = DMA_PFCTRL;
 449              		.loc 1 227 0
ARM GAS  /tmp/ccqS9VP5.s 			page 14


 450 012e 4FF48042 		mov	r2, #16384
 451 0132 8261     		str	r2, [r0, #24]
 228:Src/stm32f4xx_hal_msp.c ****     hdma_sdio_tx.Init.Priority = DMA_PRIORITY_LOW;
 452              		.loc 1 228 0
 453 0134 2022     		movs	r2, #32
 454 0136 C261     		str	r2, [r0, #28]
 229:Src/stm32f4xx_hal_msp.c ****     hdma_sdio_tx.Init.FIFOMode = DMA_FIFOMODE_ENABLE;
 455              		.loc 1 229 0
 456 0138 0362     		str	r3, [r0, #32]
 230:Src/stm32f4xx_hal_msp.c ****     hdma_sdio_tx.Init.FIFOThreshold = DMA_FIFO_THRESHOLD_FULL;
 457              		.loc 1 230 0
 458 013a 0423     		movs	r3, #4
 459 013c 4362     		str	r3, [r0, #36]
 231:Src/stm32f4xx_hal_msp.c ****     hdma_sdio_tx.Init.MemBurst = DMA_MBURST_INC4;
 460              		.loc 1 231 0
 461 013e 0323     		movs	r3, #3
 462 0140 8362     		str	r3, [r0, #40]
 232:Src/stm32f4xx_hal_msp.c ****     hdma_sdio_tx.Init.PeriphBurst = DMA_PBURST_INC4;
 463              		.loc 1 232 0
 464 0142 4FF40003 		mov	r3, #8388608
 465 0146 C362     		str	r3, [r0, #44]
 233:Src/stm32f4xx_hal_msp.c ****     if (HAL_DMA_Init(&hdma_sdio_tx) != HAL_OK)
 466              		.loc 1 233 0
 467 0148 4FF40013 		mov	r3, #2097152
 468 014c 0363     		str	r3, [r0, #48]
 234:Src/stm32f4xx_hal_msp.c ****     {
 469              		.loc 1 234 0
 470 014e FFF7FEFF 		bl	HAL_DMA_Init
 471              	.LVL21:
 472 0152 70B9     		cbnz	r0, .L24
 473              	.L20:
 239:Src/stm32f4xx_hal_msp.c **** 
 474              		.loc 1 239 0
 475 0154 0E4B     		ldr	r3, .L25+24
 476 0156 2364     		str	r3, [r4, #64]
 477 0158 9C63     		str	r4, [r3, #56]
 242:Src/stm32f4xx_hal_msp.c ****     HAL_NVIC_EnableIRQ(SDIO_IRQn);
 478              		.loc 1 242 0
 479 015a 0022     		movs	r2, #0
 480 015c 1146     		mov	r1, r2
 481 015e 3120     		movs	r0, #49
 482 0160 FFF7FEFF 		bl	HAL_NVIC_SetPriority
 483              	.LVL22:
 243:Src/stm32f4xx_hal_msp.c ****   /* USER CODE BEGIN SDIO_MspInit 1 */
 484              		.loc 1 243 0
 485 0164 3120     		movs	r0, #49
 486 0166 FFF7FEFF 		bl	HAL_NVIC_EnableIRQ
 487              	.LVL23:
 488              		.loc 1 249 0
 489 016a 56E7     		b	.L17
 490              	.L23:
 215:Src/stm32f4xx_hal_msp.c ****     }
 491              		.loc 1 215 0
 492 016c FFF7FEFF 		bl	Error_Handler
 493              	.LVL24:
 494 0170 CAE7     		b	.L19
 495              	.L24:
ARM GAS  /tmp/ccqS9VP5.s 			page 15


 236:Src/stm32f4xx_hal_msp.c ****     }
 496              		.loc 1 236 0
 497 0172 FFF7FEFF 		bl	Error_Handler
 498              	.LVL25:
 499 0176 EDE7     		b	.L20
 500              	.L26:
 501              		.align	2
 502              	.L25:
 503 0178 002C0140 		.word	1073818624
 504 017c 00040240 		.word	1073873920
 505 0180 00080240 		.word	1073874944
 506 0184 000C0240 		.word	1073875968
 507 0188 00000000 		.word	hdma_sdio_rx
 508 018c 58640240 		.word	1073898584
 509 0190 00000000 		.word	hdma_sdio_tx
 510 0194 A0640240 		.word	1073898656
 511              		.cfi_endproc
 512              	.LFE133:
 514              		.section	.text.HAL_SD_MspDeInit,"ax",%progbits
 515              		.align	1
 516              		.global	HAL_SD_MspDeInit
 517              		.syntax unified
 518              		.thumb
 519              		.thumb_func
 520              		.fpu fpv4-sp-d16
 522              	HAL_SD_MspDeInit:
 523              	.LFB134:
 250:Src/stm32f4xx_hal_msp.c **** 
 251:Src/stm32f4xx_hal_msp.c **** /**
 252:Src/stm32f4xx_hal_msp.c **** * @brief SD MSP De-Initialization
 253:Src/stm32f4xx_hal_msp.c **** * This function freeze the hardware resources used in this example
 254:Src/stm32f4xx_hal_msp.c **** * @param hsd: SD handle pointer
 255:Src/stm32f4xx_hal_msp.c **** * @retval None
 256:Src/stm32f4xx_hal_msp.c **** */
 257:Src/stm32f4xx_hal_msp.c **** void HAL_SD_MspDeInit(SD_HandleTypeDef* hsd)
 258:Src/stm32f4xx_hal_msp.c **** {
 524              		.loc 1 258 0
 525              		.cfi_startproc
 526              		@ args = 0, pretend = 0, frame = 0
 527              		@ frame_needed = 0, uses_anonymous_args = 0
 528              	.LVL26:
 259:Src/stm32f4xx_hal_msp.c ****   if(hsd->Instance==SDIO)
 529              		.loc 1 259 0
 530 0000 0268     		ldr	r2, [r0]
 531 0002 114B     		ldr	r3, .L34
 532 0004 9A42     		cmp	r2, r3
 533 0006 00D0     		beq	.L33
 534 0008 7047     		bx	lr
 535              	.L33:
 258:Src/stm32f4xx_hal_msp.c ****   if(hsd->Instance==SDIO)
 536              		.loc 1 258 0
 537 000a 10B5     		push	{r4, lr}
 538              	.LCFI11:
 539              		.cfi_def_cfa_offset 8
 540              		.cfi_offset 4, -8
 541              		.cfi_offset 14, -4
 542 000c 0446     		mov	r4, r0
ARM GAS  /tmp/ccqS9VP5.s 			page 16


 260:Src/stm32f4xx_hal_msp.c ****   {
 261:Src/stm32f4xx_hal_msp.c ****   /* USER CODE BEGIN SDIO_MspDeInit 0 */
 262:Src/stm32f4xx_hal_msp.c **** 
 263:Src/stm32f4xx_hal_msp.c ****   /* USER CODE END SDIO_MspDeInit 0 */
 264:Src/stm32f4xx_hal_msp.c ****     /* Peripheral clock disable */
 265:Src/stm32f4xx_hal_msp.c ****     __HAL_RCC_SDIO_CLK_DISABLE();
 543              		.loc 1 265 0
 544 000e 0F4A     		ldr	r2, .L34+4
 545 0010 536C     		ldr	r3, [r2, #68]
 546 0012 23F40063 		bic	r3, r3, #2048
 547 0016 5364     		str	r3, [r2, #68]
 266:Src/stm32f4xx_hal_msp.c ****   
 267:Src/stm32f4xx_hal_msp.c ****     /**SDIO GPIO Configuration    
 268:Src/stm32f4xx_hal_msp.c ****     PB2     ------> SDIO_CK
 269:Src/stm32f4xx_hal_msp.c ****     PC8     ------> SDIO_D0
 270:Src/stm32f4xx_hal_msp.c ****     PD2     ------> SDIO_CMD 
 271:Src/stm32f4xx_hal_msp.c ****     */
 272:Src/stm32f4xx_hal_msp.c ****     HAL_GPIO_DeInit(GPIOB, GPIO_PIN_2);
 548              		.loc 1 272 0
 549 0018 0421     		movs	r1, #4
 550 001a 0D48     		ldr	r0, .L34+8
 551              	.LVL27:
 552 001c FFF7FEFF 		bl	HAL_GPIO_DeInit
 553              	.LVL28:
 273:Src/stm32f4xx_hal_msp.c **** 
 274:Src/stm32f4xx_hal_msp.c ****     HAL_GPIO_DeInit(GPIOC, GPIO_PIN_8);
 554              		.loc 1 274 0
 555 0020 4FF48071 		mov	r1, #256
 556 0024 0B48     		ldr	r0, .L34+12
 557 0026 FFF7FEFF 		bl	HAL_GPIO_DeInit
 558              	.LVL29:
 275:Src/stm32f4xx_hal_msp.c **** 
 276:Src/stm32f4xx_hal_msp.c ****     HAL_GPIO_DeInit(GPIOD, GPIO_PIN_2);
 559              		.loc 1 276 0
 560 002a 0421     		movs	r1, #4
 561 002c 0A48     		ldr	r0, .L34+16
 562 002e FFF7FEFF 		bl	HAL_GPIO_DeInit
 563              	.LVL30:
 277:Src/stm32f4xx_hal_msp.c **** 
 278:Src/stm32f4xx_hal_msp.c ****     /* SDIO DMA DeInit */
 279:Src/stm32f4xx_hal_msp.c ****     HAL_DMA_DeInit(hsd->hdmarx);
 564              		.loc 1 279 0
 565 0032 E06B     		ldr	r0, [r4, #60]
 566 0034 FFF7FEFF 		bl	HAL_DMA_DeInit
 567              	.LVL31:
 280:Src/stm32f4xx_hal_msp.c ****     HAL_DMA_DeInit(hsd->hdmatx);
 568              		.loc 1 280 0
 569 0038 206C     		ldr	r0, [r4, #64]
 570 003a FFF7FEFF 		bl	HAL_DMA_DeInit
 571              	.LVL32:
 281:Src/stm32f4xx_hal_msp.c **** 
 282:Src/stm32f4xx_hal_msp.c ****     /* SDIO interrupt DeInit */
 283:Src/stm32f4xx_hal_msp.c ****     HAL_NVIC_DisableIRQ(SDIO_IRQn);
 572              		.loc 1 283 0
 573 003e 3120     		movs	r0, #49
 574 0040 FFF7FEFF 		bl	HAL_NVIC_DisableIRQ
 575              	.LVL33:
ARM GAS  /tmp/ccqS9VP5.s 			page 17


 576 0044 10BD     		pop	{r4, pc}
 577              	.LVL34:
 578              	.L35:
 579 0046 00BF     		.align	2
 580              	.L34:
 581 0048 002C0140 		.word	1073818624
 582 004c 00380240 		.word	1073887232
 583 0050 00040240 		.word	1073873920
 584 0054 00080240 		.word	1073874944
 585 0058 000C0240 		.word	1073875968
 586              		.cfi_endproc
 587              	.LFE134:
 589              		.section	.text.HAL_TIM_Base_MspInit,"ax",%progbits
 590              		.align	1
 591              		.global	HAL_TIM_Base_MspInit
 592              		.syntax unified
 593              		.thumb
 594              		.thumb_func
 595              		.fpu fpv4-sp-d16
 597              	HAL_TIM_Base_MspInit:
 598              	.LFB135:
 284:Src/stm32f4xx_hal_msp.c ****   /* USER CODE BEGIN SDIO_MspDeInit 1 */
 285:Src/stm32f4xx_hal_msp.c **** 
 286:Src/stm32f4xx_hal_msp.c ****   /* USER CODE END SDIO_MspDeInit 1 */
 287:Src/stm32f4xx_hal_msp.c ****   }
 288:Src/stm32f4xx_hal_msp.c **** 
 289:Src/stm32f4xx_hal_msp.c **** }
 290:Src/stm32f4xx_hal_msp.c **** 
 291:Src/stm32f4xx_hal_msp.c **** /**
 292:Src/stm32f4xx_hal_msp.c **** * @brief TIM_Base MSP Initialization
 293:Src/stm32f4xx_hal_msp.c **** * This function configures the hardware resources used in this example
 294:Src/stm32f4xx_hal_msp.c **** * @param htim_base: TIM_Base handle pointer
 295:Src/stm32f4xx_hal_msp.c **** * @retval None
 296:Src/stm32f4xx_hal_msp.c **** */
 297:Src/stm32f4xx_hal_msp.c **** void HAL_TIM_Base_MspInit(TIM_HandleTypeDef* htim_base)
 298:Src/stm32f4xx_hal_msp.c **** {
 599              		.loc 1 298 0
 600              		.cfi_startproc
 601              		@ args = 0, pretend = 0, frame = 8
 602              		@ frame_needed = 0, uses_anonymous_args = 0
 603              		@ link register save eliminated.
 604              	.LVL35:
 605 0000 82B0     		sub	sp, sp, #8
 606              	.LCFI12:
 607              		.cfi_def_cfa_offset 8
 299:Src/stm32f4xx_hal_msp.c ****   if(htim_base->Instance==TIM6)
 608              		.loc 1 299 0
 609 0002 0368     		ldr	r3, [r0]
 610 0004 104A     		ldr	r2, .L42
 611 0006 9342     		cmp	r3, r2
 612 0008 04D0     		beq	.L40
 300:Src/stm32f4xx_hal_msp.c ****   {
 301:Src/stm32f4xx_hal_msp.c ****   /* USER CODE BEGIN TIM6_MspInit 0 */
 302:Src/stm32f4xx_hal_msp.c **** 
 303:Src/stm32f4xx_hal_msp.c ****   /* USER CODE END TIM6_MspInit 0 */
 304:Src/stm32f4xx_hal_msp.c ****     /* Peripheral clock enable */
 305:Src/stm32f4xx_hal_msp.c ****     __HAL_RCC_TIM6_CLK_ENABLE();
ARM GAS  /tmp/ccqS9VP5.s 			page 18


 306:Src/stm32f4xx_hal_msp.c ****   /* USER CODE BEGIN TIM6_MspInit 1 */
 307:Src/stm32f4xx_hal_msp.c **** 
 308:Src/stm32f4xx_hal_msp.c ****   /* USER CODE END TIM6_MspInit 1 */
 309:Src/stm32f4xx_hal_msp.c ****   }
 310:Src/stm32f4xx_hal_msp.c ****   else if(htim_base->Instance==TIM7)
 613              		.loc 1 310 0
 614 000a 104A     		ldr	r2, .L42+4
 615 000c 9342     		cmp	r3, r2
 616 000e 0ED0     		beq	.L41
 617              	.L36:
 311:Src/stm32f4xx_hal_msp.c ****   {
 312:Src/stm32f4xx_hal_msp.c ****   /* USER CODE BEGIN TIM7_MspInit 0 */
 313:Src/stm32f4xx_hal_msp.c **** 
 314:Src/stm32f4xx_hal_msp.c ****   /* USER CODE END TIM7_MspInit 0 */
 315:Src/stm32f4xx_hal_msp.c ****     /* Peripheral clock enable */
 316:Src/stm32f4xx_hal_msp.c ****     __HAL_RCC_TIM7_CLK_ENABLE();
 317:Src/stm32f4xx_hal_msp.c ****   /* USER CODE BEGIN TIM7_MspInit 1 */
 318:Src/stm32f4xx_hal_msp.c **** 
 319:Src/stm32f4xx_hal_msp.c ****   /* USER CODE END TIM7_MspInit 1 */
 320:Src/stm32f4xx_hal_msp.c ****   }
 321:Src/stm32f4xx_hal_msp.c **** 
 322:Src/stm32f4xx_hal_msp.c **** }
 618              		.loc 1 322 0
 619 0010 02B0     		add	sp, sp, #8
 620              	.LCFI13:
 621              		.cfi_remember_state
 622              		.cfi_def_cfa_offset 0
 623              		@ sp needed
 624 0012 7047     		bx	lr
 625              	.L40:
 626              	.LCFI14:
 627              		.cfi_restore_state
 628              	.LBB10:
 305:Src/stm32f4xx_hal_msp.c ****   /* USER CODE BEGIN TIM6_MspInit 1 */
 629              		.loc 1 305 0
 630 0014 0023     		movs	r3, #0
 631 0016 0093     		str	r3, [sp]
 632 0018 0D4B     		ldr	r3, .L42+8
 633 001a 1A6C     		ldr	r2, [r3, #64]
 634 001c 42F01002 		orr	r2, r2, #16
 635 0020 1A64     		str	r2, [r3, #64]
 636 0022 1B6C     		ldr	r3, [r3, #64]
 637 0024 03F01003 		and	r3, r3, #16
 638 0028 0093     		str	r3, [sp]
 639 002a 009B     		ldr	r3, [sp]
 640              	.LBE10:
 641 002c F0E7     		b	.L36
 642              	.L41:
 643              	.LBB11:
 316:Src/stm32f4xx_hal_msp.c ****   /* USER CODE BEGIN TIM7_MspInit 1 */
 644              		.loc 1 316 0
 645 002e 0023     		movs	r3, #0
 646 0030 0193     		str	r3, [sp, #4]
 647 0032 074B     		ldr	r3, .L42+8
 648 0034 1A6C     		ldr	r2, [r3, #64]
 649 0036 42F02002 		orr	r2, r2, #32
 650 003a 1A64     		str	r2, [r3, #64]
ARM GAS  /tmp/ccqS9VP5.s 			page 19


 651 003c 1B6C     		ldr	r3, [r3, #64]
 652 003e 03F02003 		and	r3, r3, #32
 653 0042 0193     		str	r3, [sp, #4]
 654 0044 019B     		ldr	r3, [sp, #4]
 655              	.LBE11:
 656              		.loc 1 322 0
 657 0046 E3E7     		b	.L36
 658              	.L43:
 659              		.align	2
 660              	.L42:
 661 0048 00100040 		.word	1073745920
 662 004c 00140040 		.word	1073746944
 663 0050 00380240 		.word	1073887232
 664              		.cfi_endproc
 665              	.LFE135:
 667              		.section	.text.HAL_TIM_Base_MspDeInit,"ax",%progbits
 668              		.align	1
 669              		.global	HAL_TIM_Base_MspDeInit
 670              		.syntax unified
 671              		.thumb
 672              		.thumb_func
 673              		.fpu fpv4-sp-d16
 675              	HAL_TIM_Base_MspDeInit:
 676              	.LFB136:
 323:Src/stm32f4xx_hal_msp.c **** 
 324:Src/stm32f4xx_hal_msp.c **** /**
 325:Src/stm32f4xx_hal_msp.c **** * @brief TIM_Base MSP De-Initialization
 326:Src/stm32f4xx_hal_msp.c **** * This function freeze the hardware resources used in this example
 327:Src/stm32f4xx_hal_msp.c **** * @param htim_base: TIM_Base handle pointer
 328:Src/stm32f4xx_hal_msp.c **** * @retval None
 329:Src/stm32f4xx_hal_msp.c **** */
 330:Src/stm32f4xx_hal_msp.c **** void HAL_TIM_Base_MspDeInit(TIM_HandleTypeDef* htim_base)
 331:Src/stm32f4xx_hal_msp.c **** {
 677              		.loc 1 331 0
 678              		.cfi_startproc
 679              		@ args = 0, pretend = 0, frame = 0
 680              		@ frame_needed = 0, uses_anonymous_args = 0
 681              	.LVL36:
 682 0000 08B5     		push	{r3, lr}
 683              	.LCFI15:
 684              		.cfi_def_cfa_offset 8
 685              		.cfi_offset 3, -8
 686              		.cfi_offset 14, -4
 332:Src/stm32f4xx_hal_msp.c ****   if(htim_base->Instance==TIM6)
 687              		.loc 1 332 0
 688 0002 0368     		ldr	r3, [r0]
 689 0004 0D4A     		ldr	r2, .L50
 690 0006 9342     		cmp	r3, r2
 691 0008 03D0     		beq	.L48
 333:Src/stm32f4xx_hal_msp.c ****   {
 334:Src/stm32f4xx_hal_msp.c ****   /* USER CODE BEGIN TIM6_MspDeInit 0 */
 335:Src/stm32f4xx_hal_msp.c **** 
 336:Src/stm32f4xx_hal_msp.c ****   /* USER CODE END TIM6_MspDeInit 0 */
 337:Src/stm32f4xx_hal_msp.c ****     /* Peripheral clock disable */
 338:Src/stm32f4xx_hal_msp.c ****     __HAL_RCC_TIM6_CLK_DISABLE();
 339:Src/stm32f4xx_hal_msp.c **** 
 340:Src/stm32f4xx_hal_msp.c ****     /* TIM6 interrupt DeInit */
ARM GAS  /tmp/ccqS9VP5.s 			page 20


 341:Src/stm32f4xx_hal_msp.c ****     HAL_NVIC_DisableIRQ(TIM6_DAC_IRQn);
 342:Src/stm32f4xx_hal_msp.c ****   /* USER CODE BEGIN TIM6_MspDeInit 1 */
 343:Src/stm32f4xx_hal_msp.c **** 
 344:Src/stm32f4xx_hal_msp.c ****   /* USER CODE END TIM6_MspDeInit 1 */
 345:Src/stm32f4xx_hal_msp.c ****   }
 346:Src/stm32f4xx_hal_msp.c ****   else if(htim_base->Instance==TIM7)
 692              		.loc 1 346 0
 693 000a 0D4A     		ldr	r2, .L50+4
 694 000c 9342     		cmp	r3, r2
 695 000e 0AD0     		beq	.L49
 696              	.LVL37:
 697              	.L44:
 698 0010 08BD     		pop	{r3, pc}
 699              	.LVL38:
 700              	.L48:
 338:Src/stm32f4xx_hal_msp.c **** 
 701              		.loc 1 338 0
 702 0012 02F50A32 		add	r2, r2, #141312
 703 0016 136C     		ldr	r3, [r2, #64]
 704 0018 23F01003 		bic	r3, r3, #16
 705 001c 1364     		str	r3, [r2, #64]
 341:Src/stm32f4xx_hal_msp.c ****   /* USER CODE BEGIN TIM6_MspDeInit 1 */
 706              		.loc 1 341 0
 707 001e 3620     		movs	r0, #54
 708              	.LVL39:
 709 0020 FFF7FEFF 		bl	HAL_NVIC_DisableIRQ
 710              	.LVL40:
 711 0024 08BD     		pop	{r3, pc}
 712              	.LVL41:
 713              	.L49:
 347:Src/stm32f4xx_hal_msp.c ****   {
 348:Src/stm32f4xx_hal_msp.c ****   /* USER CODE BEGIN TIM7_MspDeInit 0 */
 349:Src/stm32f4xx_hal_msp.c **** 
 350:Src/stm32f4xx_hal_msp.c ****   /* USER CODE END TIM7_MspDeInit 0 */
 351:Src/stm32f4xx_hal_msp.c ****     /* Peripheral clock disable */
 352:Src/stm32f4xx_hal_msp.c ****     __HAL_RCC_TIM7_CLK_DISABLE();
 714              		.loc 1 352 0
 715 0026 02F50932 		add	r2, r2, #140288
 716 002a 136C     		ldr	r3, [r2, #64]
 717 002c 23F02003 		bic	r3, r3, #32
 718 0030 1364     		str	r3, [r2, #64]
 353:Src/stm32f4xx_hal_msp.c **** 
 354:Src/stm32f4xx_hal_msp.c ****     /* TIM7 interrupt DeInit */
 355:Src/stm32f4xx_hal_msp.c ****     HAL_NVIC_DisableIRQ(TIM7_IRQn);
 719              		.loc 1 355 0
 720 0032 3720     		movs	r0, #55
 721              	.LVL42:
 722 0034 FFF7FEFF 		bl	HAL_NVIC_DisableIRQ
 723              	.LVL43:
 356:Src/stm32f4xx_hal_msp.c ****   /* USER CODE BEGIN TIM7_MspDeInit 1 */
 357:Src/stm32f4xx_hal_msp.c **** 
 358:Src/stm32f4xx_hal_msp.c ****   /* USER CODE END TIM7_MspDeInit 1 */
 359:Src/stm32f4xx_hal_msp.c ****   }
 360:Src/stm32f4xx_hal_msp.c **** 
 361:Src/stm32f4xx_hal_msp.c **** }
 724              		.loc 1 361 0
 725 0038 EAE7     		b	.L44
ARM GAS  /tmp/ccqS9VP5.s 			page 21


 726              	.L51:
 727 003a 00BF     		.align	2
 728              	.L50:
 729 003c 00100040 		.word	1073745920
 730 0040 00140040 		.word	1073746944
 731              		.cfi_endproc
 732              	.LFE136:
 734              		.section	.text.HAL_UART_MspInit,"ax",%progbits
 735              		.align	1
 736              		.global	HAL_UART_MspInit
 737              		.syntax unified
 738              		.thumb
 739              		.thumb_func
 740              		.fpu fpv4-sp-d16
 742              	HAL_UART_MspInit:
 743              	.LFB137:
 362:Src/stm32f4xx_hal_msp.c **** 
 363:Src/stm32f4xx_hal_msp.c **** /**
 364:Src/stm32f4xx_hal_msp.c **** * @brief UART MSP Initialization
 365:Src/stm32f4xx_hal_msp.c **** * This function configures the hardware resources used in this example
 366:Src/stm32f4xx_hal_msp.c **** * @param huart: UART handle pointer
 367:Src/stm32f4xx_hal_msp.c **** * @retval None
 368:Src/stm32f4xx_hal_msp.c **** */
 369:Src/stm32f4xx_hal_msp.c **** void HAL_UART_MspInit(UART_HandleTypeDef* huart)
 370:Src/stm32f4xx_hal_msp.c **** {
 744              		.loc 1 370 0
 745              		.cfi_startproc
 746              		@ args = 0, pretend = 0, frame = 40
 747              		@ frame_needed = 0, uses_anonymous_args = 0
 748              	.LVL44:
 749 0000 F0B5     		push	{r4, r5, r6, r7, lr}
 750              	.LCFI16:
 751              		.cfi_def_cfa_offset 20
 752              		.cfi_offset 4, -20
 753              		.cfi_offset 5, -16
 754              		.cfi_offset 6, -12
 755              		.cfi_offset 7, -8
 756              		.cfi_offset 14, -4
 757 0002 8BB0     		sub	sp, sp, #44
 758              	.LCFI17:
 759              		.cfi_def_cfa_offset 64
 371:Src/stm32f4xx_hal_msp.c ****   GPIO_InitTypeDef GPIO_InitStruct = {0};
 760              		.loc 1 371 0
 761 0004 0023     		movs	r3, #0
 762 0006 0593     		str	r3, [sp, #20]
 763 0008 0693     		str	r3, [sp, #24]
 764 000a 0793     		str	r3, [sp, #28]
 765 000c 0893     		str	r3, [sp, #32]
 766 000e 0993     		str	r3, [sp, #36]
 372:Src/stm32f4xx_hal_msp.c ****   if(huart->Instance==USART2)
 767              		.loc 1 372 0
 768 0010 0368     		ldr	r3, [r0]
 769 0012 334A     		ldr	r2, .L58
 770 0014 9342     		cmp	r3, r2
 771 0016 04D0     		beq	.L56
 373:Src/stm32f4xx_hal_msp.c ****   {
 374:Src/stm32f4xx_hal_msp.c ****   /* USER CODE BEGIN USART2_MspInit 0 */
ARM GAS  /tmp/ccqS9VP5.s 			page 22


 375:Src/stm32f4xx_hal_msp.c **** 
 376:Src/stm32f4xx_hal_msp.c ****   /* USER CODE END USART2_MspInit 0 */
 377:Src/stm32f4xx_hal_msp.c ****     /* Peripheral clock enable */
 378:Src/stm32f4xx_hal_msp.c ****     __HAL_RCC_USART2_CLK_ENABLE();
 379:Src/stm32f4xx_hal_msp.c ****   
 380:Src/stm32f4xx_hal_msp.c ****     __HAL_RCC_GPIOA_CLK_ENABLE();
 381:Src/stm32f4xx_hal_msp.c ****     /**USART2 GPIO Configuration    
 382:Src/stm32f4xx_hal_msp.c ****     PA2     ------> USART2_TX
 383:Src/stm32f4xx_hal_msp.c ****     PA3     ------> USART2_RX 
 384:Src/stm32f4xx_hal_msp.c ****     */
 385:Src/stm32f4xx_hal_msp.c ****     GPIO_InitStruct.Pin = GPIO_PIN_2|GPIO_PIN_3;
 386:Src/stm32f4xx_hal_msp.c ****     GPIO_InitStruct.Mode = GPIO_MODE_AF_PP;
 387:Src/stm32f4xx_hal_msp.c ****     GPIO_InitStruct.Pull = GPIO_PULLUP;
 388:Src/stm32f4xx_hal_msp.c ****     GPIO_InitStruct.Speed = GPIO_SPEED_FREQ_VERY_HIGH;
 389:Src/stm32f4xx_hal_msp.c ****     GPIO_InitStruct.Alternate = GPIO_AF7_USART2;
 390:Src/stm32f4xx_hal_msp.c ****     HAL_GPIO_Init(GPIOA, &GPIO_InitStruct);
 391:Src/stm32f4xx_hal_msp.c **** 
 392:Src/stm32f4xx_hal_msp.c ****   /* USER CODE BEGIN USART2_MspInit 1 */
 393:Src/stm32f4xx_hal_msp.c **** 
 394:Src/stm32f4xx_hal_msp.c ****   /* USER CODE END USART2_MspInit 1 */
 395:Src/stm32f4xx_hal_msp.c ****   }
 396:Src/stm32f4xx_hal_msp.c ****   else if(huart->Instance==USART3)
 772              		.loc 1 396 0
 773 0018 324A     		ldr	r2, .L58+4
 774 001a 9342     		cmp	r3, r2
 775 001c 26D0     		beq	.L57
 776              	.LVL45:
 777              	.L52:
 397:Src/stm32f4xx_hal_msp.c ****   {
 398:Src/stm32f4xx_hal_msp.c ****   /* USER CODE BEGIN USART3_MspInit 0 */
 399:Src/stm32f4xx_hal_msp.c **** 
 400:Src/stm32f4xx_hal_msp.c ****   /* USER CODE END USART3_MspInit 0 */
 401:Src/stm32f4xx_hal_msp.c ****     /* Peripheral clock enable */
 402:Src/stm32f4xx_hal_msp.c ****     __HAL_RCC_USART3_CLK_ENABLE();
 403:Src/stm32f4xx_hal_msp.c ****   
 404:Src/stm32f4xx_hal_msp.c ****     __HAL_RCC_GPIOC_CLK_ENABLE();
 405:Src/stm32f4xx_hal_msp.c ****     __HAL_RCC_GPIOB_CLK_ENABLE();
 406:Src/stm32f4xx_hal_msp.c ****     /**USART3 GPIO Configuration    
 407:Src/stm32f4xx_hal_msp.c ****     PC5     ------> USART3_RX
 408:Src/stm32f4xx_hal_msp.c ****     PB10     ------> USART3_TX 
 409:Src/stm32f4xx_hal_msp.c ****     */
 410:Src/stm32f4xx_hal_msp.c ****     GPIO_InitStruct.Pin = GPIO_PIN_5;
 411:Src/stm32f4xx_hal_msp.c ****     GPIO_InitStruct.Mode = GPIO_MODE_AF_PP;
 412:Src/stm32f4xx_hal_msp.c ****     GPIO_InitStruct.Pull = GPIO_PULLUP;
 413:Src/stm32f4xx_hal_msp.c ****     GPIO_InitStruct.Speed = GPIO_SPEED_FREQ_VERY_HIGH;
 414:Src/stm32f4xx_hal_msp.c ****     GPIO_InitStruct.Alternate = GPIO_AF7_USART3;
 415:Src/stm32f4xx_hal_msp.c ****     HAL_GPIO_Init(GPIOC, &GPIO_InitStruct);
 416:Src/stm32f4xx_hal_msp.c **** 
 417:Src/stm32f4xx_hal_msp.c ****     GPIO_InitStruct.Pin = GPIO_PIN_10;
 418:Src/stm32f4xx_hal_msp.c ****     GPIO_InitStruct.Mode = GPIO_MODE_AF_PP;
 419:Src/stm32f4xx_hal_msp.c ****     GPIO_InitStruct.Pull = GPIO_PULLUP;
 420:Src/stm32f4xx_hal_msp.c ****     GPIO_InitStruct.Speed = GPIO_SPEED_FREQ_VERY_HIGH;
 421:Src/stm32f4xx_hal_msp.c ****     GPIO_InitStruct.Alternate = GPIO_AF7_USART3;
 422:Src/stm32f4xx_hal_msp.c ****     HAL_GPIO_Init(GPIOB, &GPIO_InitStruct);
 423:Src/stm32f4xx_hal_msp.c **** 
 424:Src/stm32f4xx_hal_msp.c ****   /* USER CODE BEGIN USART3_MspInit 1 */
 425:Src/stm32f4xx_hal_msp.c **** 
ARM GAS  /tmp/ccqS9VP5.s 			page 23


 426:Src/stm32f4xx_hal_msp.c ****   /* USER CODE END USART3_MspInit 1 */
 427:Src/stm32f4xx_hal_msp.c ****   }
 428:Src/stm32f4xx_hal_msp.c **** 
 429:Src/stm32f4xx_hal_msp.c **** }
 778              		.loc 1 429 0
 779 001e 0BB0     		add	sp, sp, #44
 780              	.LCFI18:
 781              		.cfi_remember_state
 782              		.cfi_def_cfa_offset 20
 783              		@ sp needed
 784 0020 F0BD     		pop	{r4, r5, r6, r7, pc}
 785              	.LVL46:
 786              	.L56:
 787              	.LCFI19:
 788              		.cfi_restore_state
 789              	.LBB12:
 378:Src/stm32f4xx_hal_msp.c ****   
 790              		.loc 1 378 0
 791 0022 0021     		movs	r1, #0
 792 0024 0091     		str	r1, [sp]
 793 0026 304B     		ldr	r3, .L58+8
 794 0028 1A6C     		ldr	r2, [r3, #64]
 795 002a 42F40032 		orr	r2, r2, #131072
 796 002e 1A64     		str	r2, [r3, #64]
 797 0030 1A6C     		ldr	r2, [r3, #64]
 798 0032 02F40032 		and	r2, r2, #131072
 799 0036 0092     		str	r2, [sp]
 800 0038 009A     		ldr	r2, [sp]
 801              	.LBE12:
 802              	.LBB13:
 380:Src/stm32f4xx_hal_msp.c ****     /**USART2 GPIO Configuration    
 803              		.loc 1 380 0
 804 003a 0191     		str	r1, [sp, #4]
 805 003c 1A6B     		ldr	r2, [r3, #48]
 806 003e 42F00102 		orr	r2, r2, #1
 807 0042 1A63     		str	r2, [r3, #48]
 808 0044 1B6B     		ldr	r3, [r3, #48]
 809 0046 03F00103 		and	r3, r3, #1
 810 004a 0193     		str	r3, [sp, #4]
 811 004c 019B     		ldr	r3, [sp, #4]
 812              	.LBE13:
 385:Src/stm32f4xx_hal_msp.c ****     GPIO_InitStruct.Mode = GPIO_MODE_AF_PP;
 813              		.loc 1 385 0
 814 004e 0C23     		movs	r3, #12
 815 0050 0593     		str	r3, [sp, #20]
 386:Src/stm32f4xx_hal_msp.c ****     GPIO_InitStruct.Pull = GPIO_PULLUP;
 816              		.loc 1 386 0
 817 0052 0223     		movs	r3, #2
 818 0054 0693     		str	r3, [sp, #24]
 387:Src/stm32f4xx_hal_msp.c ****     GPIO_InitStruct.Speed = GPIO_SPEED_FREQ_VERY_HIGH;
 819              		.loc 1 387 0
 820 0056 0123     		movs	r3, #1
 821 0058 0793     		str	r3, [sp, #28]
 388:Src/stm32f4xx_hal_msp.c ****     GPIO_InitStruct.Alternate = GPIO_AF7_USART2;
 822              		.loc 1 388 0
 823 005a 0323     		movs	r3, #3
 824 005c 0893     		str	r3, [sp, #32]
ARM GAS  /tmp/ccqS9VP5.s 			page 24


 389:Src/stm32f4xx_hal_msp.c ****     HAL_GPIO_Init(GPIOA, &GPIO_InitStruct);
 825              		.loc 1 389 0
 826 005e 0723     		movs	r3, #7
 827 0060 0993     		str	r3, [sp, #36]
 390:Src/stm32f4xx_hal_msp.c **** 
 828              		.loc 1 390 0
 829 0062 05A9     		add	r1, sp, #20
 830 0064 2148     		ldr	r0, .L58+12
 831              	.LVL47:
 832 0066 FFF7FEFF 		bl	HAL_GPIO_Init
 833              	.LVL48:
 834 006a D8E7     		b	.L52
 835              	.LVL49:
 836              	.L57:
 837              	.LBB14:
 402:Src/stm32f4xx_hal_msp.c ****   
 838              		.loc 1 402 0
 839 006c 0022     		movs	r2, #0
 840 006e 0292     		str	r2, [sp, #8]
 841 0070 1D4B     		ldr	r3, .L58+8
 842 0072 196C     		ldr	r1, [r3, #64]
 843 0074 41F48021 		orr	r1, r1, #262144
 844 0078 1964     		str	r1, [r3, #64]
 845 007a 196C     		ldr	r1, [r3, #64]
 846 007c 01F48021 		and	r1, r1, #262144
 847 0080 0291     		str	r1, [sp, #8]
 848 0082 0299     		ldr	r1, [sp, #8]
 849              	.LBE14:
 850              	.LBB15:
 404:Src/stm32f4xx_hal_msp.c ****     __HAL_RCC_GPIOB_CLK_ENABLE();
 851              		.loc 1 404 0
 852 0084 0392     		str	r2, [sp, #12]
 853 0086 196B     		ldr	r1, [r3, #48]
 854 0088 41F00401 		orr	r1, r1, #4
 855 008c 1963     		str	r1, [r3, #48]
 856 008e 196B     		ldr	r1, [r3, #48]
 857 0090 01F00401 		and	r1, r1, #4
 858 0094 0391     		str	r1, [sp, #12]
 859 0096 0399     		ldr	r1, [sp, #12]
 860              	.LBE15:
 861              	.LBB16:
 405:Src/stm32f4xx_hal_msp.c ****     /**USART3 GPIO Configuration    
 862              		.loc 1 405 0
 863 0098 0492     		str	r2, [sp, #16]
 864 009a 1A6B     		ldr	r2, [r3, #48]
 865 009c 42F00202 		orr	r2, r2, #2
 866 00a0 1A63     		str	r2, [r3, #48]
 867 00a2 1B6B     		ldr	r3, [r3, #48]
 868 00a4 03F00203 		and	r3, r3, #2
 869 00a8 0493     		str	r3, [sp, #16]
 870 00aa 049B     		ldr	r3, [sp, #16]
 871              	.LBE16:
 410:Src/stm32f4xx_hal_msp.c ****     GPIO_InitStruct.Mode = GPIO_MODE_AF_PP;
 872              		.loc 1 410 0
 873 00ac 2023     		movs	r3, #32
 874 00ae 0593     		str	r3, [sp, #20]
 411:Src/stm32f4xx_hal_msp.c ****     GPIO_InitStruct.Pull = GPIO_PULLUP;
ARM GAS  /tmp/ccqS9VP5.s 			page 25


 875              		.loc 1 411 0
 876 00b0 0227     		movs	r7, #2
 877 00b2 0697     		str	r7, [sp, #24]
 412:Src/stm32f4xx_hal_msp.c ****     GPIO_InitStruct.Speed = GPIO_SPEED_FREQ_VERY_HIGH;
 878              		.loc 1 412 0
 879 00b4 0126     		movs	r6, #1
 880 00b6 0796     		str	r6, [sp, #28]
 413:Src/stm32f4xx_hal_msp.c ****     GPIO_InitStruct.Alternate = GPIO_AF7_USART3;
 881              		.loc 1 413 0
 882 00b8 0325     		movs	r5, #3
 883 00ba 0895     		str	r5, [sp, #32]
 414:Src/stm32f4xx_hal_msp.c ****     HAL_GPIO_Init(GPIOC, &GPIO_InitStruct);
 884              		.loc 1 414 0
 885 00bc 0724     		movs	r4, #7
 886 00be 0994     		str	r4, [sp, #36]
 415:Src/stm32f4xx_hal_msp.c **** 
 887              		.loc 1 415 0
 888 00c0 05A9     		add	r1, sp, #20
 889 00c2 0B48     		ldr	r0, .L58+16
 890              	.LVL50:
 891 00c4 FFF7FEFF 		bl	HAL_GPIO_Init
 892              	.LVL51:
 417:Src/stm32f4xx_hal_msp.c ****     GPIO_InitStruct.Mode = GPIO_MODE_AF_PP;
 893              		.loc 1 417 0
 894 00c8 4FF48063 		mov	r3, #1024
 895 00cc 0593     		str	r3, [sp, #20]
 418:Src/stm32f4xx_hal_msp.c ****     GPIO_InitStruct.Pull = GPIO_PULLUP;
 896              		.loc 1 418 0
 897 00ce 0697     		str	r7, [sp, #24]
 419:Src/stm32f4xx_hal_msp.c ****     GPIO_InitStruct.Speed = GPIO_SPEED_FREQ_VERY_HIGH;
 898              		.loc 1 419 0
 899 00d0 0796     		str	r6, [sp, #28]
 420:Src/stm32f4xx_hal_msp.c ****     GPIO_InitStruct.Alternate = GPIO_AF7_USART3;
 900              		.loc 1 420 0
 901 00d2 0895     		str	r5, [sp, #32]
 421:Src/stm32f4xx_hal_msp.c ****     HAL_GPIO_Init(GPIOB, &GPIO_InitStruct);
 902              		.loc 1 421 0
 903 00d4 0994     		str	r4, [sp, #36]
 422:Src/stm32f4xx_hal_msp.c **** 
 904              		.loc 1 422 0
 905 00d6 05A9     		add	r1, sp, #20
 906 00d8 0648     		ldr	r0, .L58+20
 907 00da FFF7FEFF 		bl	HAL_GPIO_Init
 908              	.LVL52:
 909              		.loc 1 429 0
 910 00de 9EE7     		b	.L52
 911              	.L59:
 912              		.align	2
 913              	.L58:
 914 00e0 00440040 		.word	1073759232
 915 00e4 00480040 		.word	1073760256
 916 00e8 00380240 		.word	1073887232
 917 00ec 00000240 		.word	1073872896
 918 00f0 00080240 		.word	1073874944
 919 00f4 00040240 		.word	1073873920
 920              		.cfi_endproc
 921              	.LFE137:
ARM GAS  /tmp/ccqS9VP5.s 			page 26


 923              		.section	.text.HAL_UART_MspDeInit,"ax",%progbits
 924              		.align	1
 925              		.global	HAL_UART_MspDeInit
 926              		.syntax unified
 927              		.thumb
 928              		.thumb_func
 929              		.fpu fpv4-sp-d16
 931              	HAL_UART_MspDeInit:
 932              	.LFB138:
 430:Src/stm32f4xx_hal_msp.c **** 
 431:Src/stm32f4xx_hal_msp.c **** /**
 432:Src/stm32f4xx_hal_msp.c **** * @brief UART MSP De-Initialization
 433:Src/stm32f4xx_hal_msp.c **** * This function freeze the hardware resources used in this example
 434:Src/stm32f4xx_hal_msp.c **** * @param huart: UART handle pointer
 435:Src/stm32f4xx_hal_msp.c **** * @retval None
 436:Src/stm32f4xx_hal_msp.c **** */
 437:Src/stm32f4xx_hal_msp.c **** void HAL_UART_MspDeInit(UART_HandleTypeDef* huart)
 438:Src/stm32f4xx_hal_msp.c **** {
 933              		.loc 1 438 0
 934              		.cfi_startproc
 935              		@ args = 0, pretend = 0, frame = 0
 936              		@ frame_needed = 0, uses_anonymous_args = 0
 937              	.LVL53:
 938 0000 08B5     		push	{r3, lr}
 939              	.LCFI20:
 940              		.cfi_def_cfa_offset 8
 941              		.cfi_offset 3, -8
 942              		.cfi_offset 14, -4
 439:Src/stm32f4xx_hal_msp.c ****   if(huart->Instance==USART2)
 943              		.loc 1 439 0
 944 0002 0368     		ldr	r3, [r0]
 945 0004 104A     		ldr	r2, .L66
 946 0006 9342     		cmp	r3, r2
 947 0008 03D0     		beq	.L64
 440:Src/stm32f4xx_hal_msp.c ****   {
 441:Src/stm32f4xx_hal_msp.c ****   /* USER CODE BEGIN USART2_MspDeInit 0 */
 442:Src/stm32f4xx_hal_msp.c **** 
 443:Src/stm32f4xx_hal_msp.c ****   /* USER CODE END USART2_MspDeInit 0 */
 444:Src/stm32f4xx_hal_msp.c ****     /* Peripheral clock disable */
 445:Src/stm32f4xx_hal_msp.c ****     __HAL_RCC_USART2_CLK_DISABLE();
 446:Src/stm32f4xx_hal_msp.c ****   
 447:Src/stm32f4xx_hal_msp.c ****     /**USART2 GPIO Configuration    
 448:Src/stm32f4xx_hal_msp.c ****     PA2     ------> USART2_TX
 449:Src/stm32f4xx_hal_msp.c ****     PA3     ------> USART2_RX 
 450:Src/stm32f4xx_hal_msp.c ****     */
 451:Src/stm32f4xx_hal_msp.c ****     HAL_GPIO_DeInit(GPIOA, GPIO_PIN_2|GPIO_PIN_3);
 452:Src/stm32f4xx_hal_msp.c **** 
 453:Src/stm32f4xx_hal_msp.c ****   /* USER CODE BEGIN USART2_MspDeInit 1 */
 454:Src/stm32f4xx_hal_msp.c **** 
 455:Src/stm32f4xx_hal_msp.c ****   /* USER CODE END USART2_MspDeInit 1 */
 456:Src/stm32f4xx_hal_msp.c ****   }
 457:Src/stm32f4xx_hal_msp.c ****   else if(huart->Instance==USART3)
 948              		.loc 1 457 0
 949 000a 104A     		ldr	r2, .L66+4
 950 000c 9342     		cmp	r3, r2
 951 000e 0BD0     		beq	.L65
 952              	.LVL54:
ARM GAS  /tmp/ccqS9VP5.s 			page 27


 953              	.L60:
 954 0010 08BD     		pop	{r3, pc}
 955              	.LVL55:
 956              	.L64:
 445:Src/stm32f4xx_hal_msp.c ****   
 957              		.loc 1 445 0
 958 0012 02F5FA32 		add	r2, r2, #128000
 959 0016 136C     		ldr	r3, [r2, #64]
 960 0018 23F40033 		bic	r3, r3, #131072
 961 001c 1364     		str	r3, [r2, #64]
 451:Src/stm32f4xx_hal_msp.c **** 
 962              		.loc 1 451 0
 963 001e 0C21     		movs	r1, #12
 964 0020 0B48     		ldr	r0, .L66+8
 965              	.LVL56:
 966 0022 FFF7FEFF 		bl	HAL_GPIO_DeInit
 967              	.LVL57:
 968 0026 08BD     		pop	{r3, pc}
 969              	.LVL58:
 970              	.L65:
 458:Src/stm32f4xx_hal_msp.c ****   {
 459:Src/stm32f4xx_hal_msp.c ****   /* USER CODE BEGIN USART3_MspDeInit 0 */
 460:Src/stm32f4xx_hal_msp.c **** 
 461:Src/stm32f4xx_hal_msp.c ****   /* USER CODE END USART3_MspDeInit 0 */
 462:Src/stm32f4xx_hal_msp.c ****     /* Peripheral clock disable */
 463:Src/stm32f4xx_hal_msp.c ****     __HAL_RCC_USART3_CLK_DISABLE();
 971              		.loc 1 463 0
 972 0028 02F5F832 		add	r2, r2, #126976
 973 002c 136C     		ldr	r3, [r2, #64]
 974 002e 23F48023 		bic	r3, r3, #262144
 975 0032 1364     		str	r3, [r2, #64]
 464:Src/stm32f4xx_hal_msp.c ****   
 465:Src/stm32f4xx_hal_msp.c ****     /**USART3 GPIO Configuration    
 466:Src/stm32f4xx_hal_msp.c ****     PC5     ------> USART3_RX
 467:Src/stm32f4xx_hal_msp.c ****     PB10     ------> USART3_TX 
 468:Src/stm32f4xx_hal_msp.c ****     */
 469:Src/stm32f4xx_hal_msp.c ****     HAL_GPIO_DeInit(GPIOC, GPIO_PIN_5);
 976              		.loc 1 469 0
 977 0034 2021     		movs	r1, #32
 978 0036 0748     		ldr	r0, .L66+12
 979              	.LVL59:
 980 0038 FFF7FEFF 		bl	HAL_GPIO_DeInit
 981              	.LVL60:
 470:Src/stm32f4xx_hal_msp.c **** 
 471:Src/stm32f4xx_hal_msp.c ****     HAL_GPIO_DeInit(GPIOB, GPIO_PIN_10);
 982              		.loc 1 471 0
 983 003c 4FF48061 		mov	r1, #1024
 984 0040 0548     		ldr	r0, .L66+16
 985 0042 FFF7FEFF 		bl	HAL_GPIO_DeInit
 986              	.LVL61:
 472:Src/stm32f4xx_hal_msp.c **** 
 473:Src/stm32f4xx_hal_msp.c ****   /* USER CODE BEGIN USART3_MspDeInit 1 */
 474:Src/stm32f4xx_hal_msp.c **** 
 475:Src/stm32f4xx_hal_msp.c ****   /* USER CODE END USART3_MspDeInit 1 */
 476:Src/stm32f4xx_hal_msp.c ****   }
 477:Src/stm32f4xx_hal_msp.c **** 
 478:Src/stm32f4xx_hal_msp.c **** }
ARM GAS  /tmp/ccqS9VP5.s 			page 28


 987              		.loc 1 478 0
 988 0046 E3E7     		b	.L60
 989              	.L67:
 990              		.align	2
 991              	.L66:
 992 0048 00440040 		.word	1073759232
 993 004c 00480040 		.word	1073760256
 994 0050 00000240 		.word	1073872896
 995 0054 00080240 		.word	1073874944
 996 0058 00040240 		.word	1073873920
 997              		.cfi_endproc
 998              	.LFE138:
 1000              		.text
 1001              	.Letext0:
 1002              		.file 2 "/usr/include/newlib/machine/_default_types.h"
 1003              		.file 3 "/usr/include/newlib/sys/_stdint.h"
 1004              		.file 4 "Drivers/CMSIS/Include/core_cm4.h"
 1005              		.file 5 "Drivers/CMSIS/Device/ST/STM32F4xx/Include/system_stm32f4xx.h"
 1006              		.file 6 "Drivers/CMSIS/Device/ST/STM32F4xx/Include/stm32f446xx.h"
 1007              		.file 7 "Drivers/CMSIS/Device/ST/STM32F4xx/Include/stm32f4xx.h"
 1008              		.file 8 "Drivers/STM32F4xx_HAL_Driver/Inc/stm32f4xx_hal_def.h"
 1009              		.file 9 "Drivers/STM32F4xx_HAL_Driver/Inc/stm32f4xx_hal_gpio.h"
 1010              		.file 10 "Drivers/STM32F4xx_HAL_Driver/Inc/stm32f4xx_hal_dma.h"
 1011              		.file 11 "Drivers/STM32F4xx_HAL_Driver/Inc/stm32f4xx_hal_can.h"
 1012              		.file 12 "Drivers/STM32F4xx_HAL_Driver/Inc/stm32f4xx_ll_sdmmc.h"
 1013              		.file 13 "Drivers/STM32F4xx_HAL_Driver/Inc/stm32f4xx_hal_sd.h"
 1014              		.file 14 "Drivers/STM32F4xx_HAL_Driver/Inc/stm32f4xx_hal_tim.h"
 1015              		.file 15 "Drivers/STM32F4xx_HAL_Driver/Inc/stm32f4xx_hal_uart.h"
 1016              		.file 16 "Drivers/STM32F4xx_HAL_Driver/Inc/stm32f4xx_hal_cortex.h"
 1017              		.file 17 "Inc/main.h"
ARM GAS  /tmp/ccqS9VP5.s 			page 29


DEFINED SYMBOLS
                            *ABS*:0000000000000000 stm32f4xx_hal_msp.c
     /tmp/ccqS9VP5.s:18     .text.HAL_MspInit:0000000000000000 $t
     /tmp/ccqS9VP5.s:25     .text.HAL_MspInit:0000000000000000 HAL_MspInit
     /tmp/ccqS9VP5.s:69     .text.HAL_MspInit:0000000000000034 $d
     /tmp/ccqS9VP5.s:74     .text.HAL_CAN_MspInit:0000000000000000 $t
     /tmp/ccqS9VP5.s:81     .text.HAL_CAN_MspInit:0000000000000000 HAL_CAN_MspInit
     /tmp/ccqS9VP5.s:167    .text.HAL_CAN_MspInit:0000000000000068 $d
     /tmp/ccqS9VP5.s:173    .text.HAL_CAN_MspDeInit:0000000000000000 $t
     /tmp/ccqS9VP5.s:180    .text.HAL_CAN_MspDeInit:0000000000000000 HAL_CAN_MspDeInit
     /tmp/ccqS9VP5.s:230    .text.HAL_CAN_MspDeInit:0000000000000034 $d
     /tmp/ccqS9VP5.s:237    .text.HAL_SD_MspInit:0000000000000000 $t
     /tmp/ccqS9VP5.s:244    .text.HAL_SD_MspInit:0000000000000000 HAL_SD_MspInit
     /tmp/ccqS9VP5.s:503    .text.HAL_SD_MspInit:0000000000000178 $d
     /tmp/ccqS9VP5.s:515    .text.HAL_SD_MspDeInit:0000000000000000 $t
     /tmp/ccqS9VP5.s:522    .text.HAL_SD_MspDeInit:0000000000000000 HAL_SD_MspDeInit
     /tmp/ccqS9VP5.s:581    .text.HAL_SD_MspDeInit:0000000000000048 $d
     /tmp/ccqS9VP5.s:590    .text.HAL_TIM_Base_MspInit:0000000000000000 $t
     /tmp/ccqS9VP5.s:597    .text.HAL_TIM_Base_MspInit:0000000000000000 HAL_TIM_Base_MspInit
     /tmp/ccqS9VP5.s:661    .text.HAL_TIM_Base_MspInit:0000000000000048 $d
     /tmp/ccqS9VP5.s:668    .text.HAL_TIM_Base_MspDeInit:0000000000000000 $t
     /tmp/ccqS9VP5.s:675    .text.HAL_TIM_Base_MspDeInit:0000000000000000 HAL_TIM_Base_MspDeInit
     /tmp/ccqS9VP5.s:729    .text.HAL_TIM_Base_MspDeInit:000000000000003c $d
     /tmp/ccqS9VP5.s:735    .text.HAL_UART_MspInit:0000000000000000 $t
     /tmp/ccqS9VP5.s:742    .text.HAL_UART_MspInit:0000000000000000 HAL_UART_MspInit
     /tmp/ccqS9VP5.s:914    .text.HAL_UART_MspInit:00000000000000e0 $d
     /tmp/ccqS9VP5.s:924    .text.HAL_UART_MspDeInit:0000000000000000 $t
     /tmp/ccqS9VP5.s:931    .text.HAL_UART_MspDeInit:0000000000000000 HAL_UART_MspDeInit
     /tmp/ccqS9VP5.s:992    .text.HAL_UART_MspDeInit:0000000000000048 $d
                     .debug_frame:0000000000000010 $d

UNDEFINED SYMBOLS
HAL_GPIO_Init
HAL_GPIO_DeInit
HAL_NVIC_DisableIRQ
HAL_DMA_Init
HAL_NVIC_SetPriority
HAL_NVIC_EnableIRQ
Error_Handler
hdma_sdio_rx
hdma_sdio_tx
HAL_DMA_DeInit
